<?xml version="1.0" encoding="utf-8"?><testsuites><testsuite name="pytest" errors="0" failures="0" skipped="1" tests="46" time="68.741" timestamp="2026-05-02T18:43:00.048159" hostname="dobo-ROG-Strix-G634JY-G634JY"><testcase classname="tests.test_conversation_simulation" name="test_happy_path_streams_llm_sentences_to_tts" time="0.553" /><testcase classname="tests.test_conversation_simulation" name="test_stop_command_short_circuits_llm_and_tts" time="0.573" /><testcase classname="tests.test_conversation_simulation" name="test_quit_command_shuts_down_without_llm" time="0.572" /><testcase classname="tests.test_conversation_simulation" name="test_stop_near_miss_still_routes_to_llm" time="0.473" /><testcase classname="tests.test_conversation_simulation" name="test_time_request_uses_capability_instead_of_llm" time="0.472" /><testcase classname="tests.test_conversation_simulation" name="test_user_barge_in_cancels_streaming_tts" time="0.727" /><testcase classname="tests.test_conversation_simulation" name="test_partial_stop_fast_path_stops_tts" time="0.526" /><testcase classname="tests.test_conversation_simulation" name="test_tts_self_echo_does_not_trigger_barge_in" time="0.819" /><testcase classname="tests.test_conversation_simulation" name="test_noisy_room_still_completes_conversation" time="0.946" /><testcase classname="tests.test_conversation_simulation" name="test_wakeword_gate_blocks_then_allows_conversation" time="0.959" /><testcase classname="tests.test_recorded_sessions" name="test_recorded__test_session_20260406_165119__test_turn_000_no_self_interrupt" time="0.887" /><testcase classname="tests.test_recorded_sessions" name="test_recorded__test_session_20260406_165119__test_turn_001_no_self_interrupt" time="1.135" /><testcase classname="tests.test_recorded_sessions" name="test_recorded__test_session_20260406_165119__test_turn_002_no_self_interrupt" time="5.943" /><testcase classname="tests.test_recorded_sessions" name="test_recorded__test_session_20260406_165119__test_turn_003_no_self_interrupt" time="2.427" /><testcase classname="tests.test_recorded_sessions" name="test_recorded__test_session_20260406_165119__test_turn_004_no_self_interrupt" time="2.613" /><testcase classname="tests.test_recorded_sessions" name="test_recorded__test_session_20260406_170433__test_turn_000_no_self_interrupt" time="0.834" /><testcase classname="tests.test_recorded_sessions" name="test_recorded__test_session_20260406_170433__test_turn_001_no_self_interrupt" time="1.968" /><testcase classname="tests.test_recorded_sessions" name="test_recorded__test_session_20260406_170433__test_turn_002_no_self_interrupt" time="1.271" /><testcase classname="tests.test_recorded_sessions" name="test_recorded__test_session_20260406_170433__test_turn_003_no_self_interrupt" time="2.227" /><testcase classname="tests.test_recorded_sessions" name="test_recorded__test_session_20260406_170433__test_turn_004_no_self_interrupt" time="0.821" /><testcase classname="tests.test_recorded_sessions" name="test_recorded__test_session_20260406_170433__test_turn_005_no_self_interrupt" time="5.056" /><testcase classname="tests.test_recorded_sessions" name="test_recorded__test_session_20260406_170433__test_turn_006_no_self_interrupt" time="1.845" /><testcase classname="tests.test_recorded_sessions" name="test_recorded__test_session_20260406_170433__test_turn_007_no_self_interrupt" time="2.256" /><testcase classname="tests.test_recorded_sessions" name="test_recorded__test_session_20260406_170433__test_turn_008_no_self_interrupt" time="1.013" /><testcase classname="tests.test_recorded_sessions" name="test_recorded__test_session_20260406_170433__test_turn_009_no_self_interrupt" time="6.078" /><testcase classname="tests.test_recorded_sessions" name="test_recorded__test_session_20260406_170433__test_turn_010_no_self_interrupt" time="1.891" /><testcase classname="tests.test_recorded_sessions" name="test_recorded__test_session_20260406_170433__test_turn_011_no_self_interrupt" time="0.683" /><testcase classname="tests.test_recorded_sessions" name="test_recorded__test_session_20260406_175048__test_turn_000_no_self_interrupt" time="0.762" /><testcase classname="tests.test_recorded_sessions" name="test_recorded__test_session_20260406_175048__test_turn_001_no_self_interrupt" time="1.145" /><testcase classname="tests.test_recorded_sessions" name="test_recorded__test_session_20260406_175048__test_turn_002_no_self_interrupt" time="0.708" /><testcase classname="tests.test_recorded_sessions" name="test_recorded__test_session_20260406_175048__test_turn_003_no_self_interrupt" time="1.595" /><testcase classname="tests.test_recorded_sessions" name="test_recorded__test_session_20260406_175048__test_turn_004_barge_in_candidate" time="0.951"><skipped type="pytest.xfail" message="Turn 4: barge-in classification uncertain. Annotate turn.json with annotation=&quot;false_positive&quot; or &quot;true_positive&quot; then re-run: python scripts/generate_session_tests.py" /></testcase><testcase classname="tests.test_recorded_sessions" name="test_recorded__test_session_20260406_190243__test_turn_000_no_self_interrupt" time="1.466" /><testcase classname="tests.test_recorded_sessions" name="test_recorded__test_session_20260406_190243__test_turn_001_no_self_interrupt" time="1.462" /><testcase classname="tests.test_recorded_sessions" name="test_recorded__test_session_20260406_190243__test_turn_002_no_self_interrupt" time="1.078" /><testcase classname="tests.test_recorded_sessions" name="test_recorded__test_session_20260406_190243__test_turn_003_no_self_interrupt" time="1.008" /><testcase classname="tests.test_recorded_sessions" name="test_recorded__test_session_20260406_190243__test_turn_004_no_self_interrupt" time="1.729" /><testcase classname="tests.test_recorded_sessions" name="test_recorded__test_session_20260406_190243__test_turn_005_no_self_interrupt" time="0.890" /><testcase classname="tests.test_recorded_sessions" name="test_recorded__test_session_20260406_190243__test_turn_006_no_self_interrupt" time="2.755" /><testcase classname="tests.test_recorded_sessions" name="test_recorded__test_session_20260406_190243__test_turn_007_no_self_interrupt" time="2.672" /><testcase classname="tests.test_recorded_sessions" name="test_recorded__test_session_20260406_190243__test_turn_008_barge_in_fires" time="2.750" /><testcase classname="tests.test_recorded_sessions.TestRecordingInfrastructure" name="test_recordings_dir_exists" time="0.000" /><testcase classname="tests.test_recorded_sessions.TestRecordingInfrastructure" name="test_aggregate_json_schema" time="0.000" /><testcase classname="tests.test_recorded_sessions.TestRecordingInfrastructure" name="test_session_metadata_schema" time="0.000" /><testcase classname="tests.test_recorded_sessions.TestRecordingInfrastructure" name="test_turn_annotations_and_optional_latency_schema" time="0.001" /><testcase classname="tests.test_recorded_sessions.TestRecordingInfrastructure" name="test_false_positive_rate_acceptable" time="0.000" /></testsuite></testsuites>