<?xml version="1.0" encoding="utf-8"?><testsuites><testsuite name="pytest" errors="0" failures="216" skipped="0" tests="608" time="283.085" timestamp="2026-05-02T15:33:57.140096" hostname="dobo-ROG-Strix-G634JY-G634JY"><testcase classname="tests.test_acoustic_realism.TestRoomDelayedEcho" name="test_35ms_wall_reflection_does_not_self_bargein" time="0.391" /><testcase classname="tests.test_acoustic_realism.TestRoomDelayedEcho" name="test_7ms_room_delay_does_not_self_bargein" time="0.312" /><testcase classname="tests.test_acoustic_realism.TestRoomDelayedEcho" name="test_delayed_echo_plus_user_speech_fires_barge_in" time="0.296" /><testcase classname="tests.test_acoustic_realism.TestRoomDelayedEcho" name="test_full_reverberant_room_does_not_self_bargein" time="0.317" /><testcase classname="tests.test_acoustic_realism.TestRoomDelayedEcho" name="test_zero_delay_echo_blocked_correctly" time="0.311" /><testcase classname="tests.test_acoustic_realism.TestCrossSpeakerBargein" name="test_all_available_speakers_and_digits_fire" time="3.880" /><testcase classname="tests.test_acoustic_realism.TestCrossSpeakerBargein" name="test_low_amplitude_speakers_still_fire" time="3.354" /><testcase classname="tests.test_acoustic_realism.TestCrossSpeakerBargein" name="test_per_speaker_latency_under_500ms" time="3.354" /><testcase classname="tests.test_acoustic_realism.TestReverbTailAfterTTS" name="test_reverb_tail_does_not_fire_callback_during_recover" time="0.602" /><testcase classname="tests.test_acoustic_realism.TestReverbTailAfterTTS" name="test_user_speech_after_reverb_tail_fires_callback" time="1.407" /><testcase classname="tests.test_audio.TestNLMSEchoCanceller" name="test_basic_echo_cancellation" time="0.001" /><testcase classname="tests.test_audio.TestNLMSEchoCanceller" name="test_multiple_frames_adaptation" time="0.001" /><testcase classname="tests.test_audio.TestNLMSEchoCanceller" name="test_passthrough_without_reference" time="0.013" /><testcase classname="tests.test_audio.TestNLMSEchoCanceller" name="test_reference_consumed_incrementally" time="0.001" /><testcase classname="tests.test_audio.TestNLMSEchoCanceller" name="test_reset_clears_state" time="0.000" /><testcase classname="tests.test_audio.TestSileroVAD" name="test_probability_range" time="0.002" /><testcase classname="tests.test_audio.TestSileroVAD" name="test_silence_not_speech" time="0.001" /><testcase classname="tests.test_audio.TestSileroVAD" name="test_singleton" time="0.000" /><testcase classname="tests.test_audio.TestSentenceSplitter" name="test_empty_text" time="0.000" /><testcase classname="tests.test_audio.TestSentenceSplitter" name="test_multiple_sentences" time="0.000" /><testcase classname="tests.test_audio.TestSentenceSplitter" name="test_no_punctuation" time="0.000" /><testcase classname="tests.test_audio.TestSentenceSplitter" name="test_short_fragments_merged" time="0.000" /><testcase classname="tests.test_audio.TestSentenceSplitter" name="test_short_merge" time="0.000" /><testcase classname="tests.test_audio.TestSentenceSplitter" name="test_single_sentence" time="0.000" /><testcase classname="tests.test_audio.TestAudioDeviceDetection" name="test_get_default_input_device" time="0.000" /><testcase classname="tests.test_audio.TestAudioDeviceDetection" name="test_get_default_output_device" time="0.000" /><testcase classname="tests.test_audio.TestAudioDeviceDetection" name="test_list_devices_returns_without_error" time="0.000" /><testcase classname="tests.test_audio.TestAudioRecorder" name="test_adaptive_vad_threshold_from_noise" time="0.168" /><testcase classname="tests.test_audio.TestAudioRecorder" name="test_echo_similarity_threshold" time="0.167" /><testcase classname="tests.test_audio.TestAudioRecorder" name="test_min_rms_ratio_blocks_low_energy" time="0.162" /><testcase classname="tests.test_audio.TestAudioRecorder" name="test_nlms_aec_reduces_echo_energy" time="0.222" /><testcase classname="tests.test_audio.TestAudioRecorder" name="test_recorder_barge_in_callback" time="0.166" /><testcase classname="tests.test_audio.TestAudioRecorder" name="test_recorder_detects_device_sample_rate" time="0.166" /><testcase classname="tests.test_audio.TestAudioRecorder" name="test_recorder_initialization" time="0.163" /><testcase classname="tests.test_audio.TestAudioRecorder" name="test_recorder_pause_resume" time="0.256" /><testcase classname="tests.test_audio.TestAudioRecorder" name="test_recorder_sample_rate_property" time="0.170" /><testcase classname="tests.test_audio.TestAudioRecorder" name="test_recorder_set_assistant_speaking" time="0.169" /><testcase classname="tests.test_audio.TestAudioRecorder" name="test_recorder_start_stop" time="0.676" /><testcase classname="tests.test_audio.TestAudioRecorder" name="test_recorder_with_custom_threshold" time="0.185" /><testcase classname="tests.test_audio.TestAudioRecorder" name="test_simple_voiced_fallback" time="0.163" /><testcase classname="tests.test_audio.TestVoiceGates" name="test_diagnostics_log_creates_parent_directory" time="0.164" /><testcase classname="tests.test_audio.TestVoiceGates" name="test_listener_state_transitions_tts_recover" time="0.164" /><testcase classname="tests.test_audio.TestVoiceGates" name="test_speaker_verifier_allows_callback_when_accepted" time="0.170" /><testcase classname="tests.test_audio.TestVoiceGates" name="test_speaker_verifier_blocks_callback_when_rejected" time="0.166" /><testcase classname="tests.test_audio.TestVoiceGates" name="test_wakeword_gate_blocks_until_armed" time="0.000" /><testcase classname="tests.test_audio.TestVoiceGates" name="test_wakeword_score_filter_uses_selected_label" time="0.000" /><testcase classname="tests.test_audio.TestSelfInterruptionPrevention" name="test_echo_similarity_blocks_own_output" time="0.168" /><testcase classname="tests.test_audio.TestSelfInterruptionPrevention" name="test_higher_silero_threshold_in_barge_in_mode" time="0.167" /><testcase classname="tests.test_audio.TestSelfInterruptionPrevention" name="test_ref_samples_consumed_tracks_position" time="0.163" /><testcase classname="tests.test_audio.TestBargeInDetector" name="test_echo_heavy_frame_is_blocked" time="0.000" /><testcase classname="tests.test_audio.TestBargeInDetector" name="test_low_confidence_frame_resets_counter" time="0.000" /><testcase classname="tests.test_audio.TestBargeInDetector" name="test_real_voiced_speech_triggers_after_min_duration" time="0.000" /><testcase classname="tests.test_audio.TestBargeInDetector" name="test_strong_unvoiced_energy_can_trigger" time="0.000" /><testcase classname="tests.test_audio.TestAudioPlayer" name="test_player_initialization" time="1.149" /><testcase classname="tests.test_audio.TestAudioPlayer" name="test_player_stop_when_not_playing" time="0.900" /><testcase classname="tests.test_bargein_contracts.TestBargeInDetectorScore" name="test_echo_above_threshold_scores_minus_ten" time="0.000" /><testcase classname="tests.test_bargein_contracts.TestBargeInDetectorScore" name="test_echo_just_below_threshold_not_blocked" time="0.000" /><testcase classname="tests.test_bargein_contracts.TestBargeInDetectorScore" name="test_energy_only_at_3x_threshold_scores_25_when_calibrated" time="0.000" /><testcase classname="tests.test_bargein_contracts.TestBargeInDetectorScore" name="test_energy_only_at_3x_threshold_uncalibrated_scores_15" time="0.000" /><testcase classname="tests.test_bargein_contracts.TestBargeInDetectorScore" name="test_energy_only_below_3x_threshold_scores_below_2" time="0.000" /><testcase classname="tests.test_bargein_contracts.TestBargeInDetectorScore" name="test_silence_scores_negative" time="0.000" /><testcase classname="tests.test_bargein_contracts.TestBargeInDetectorScore" name="test_voiced_alone_scores_exactly_2" time="0.000" /><testcase classname="tests.test_bargein_contracts.TestBargeInDetectorScore" name="test_voiced_plus_energy_at_15x_scores_35" time="0.000" /><testcase classname="tests.test_bargein_contracts.TestBargeInDetectorScore" name="test_voiced_plus_energy_at_1x_scores_3" time="0.000" /><testcase classname="tests.test_bargein_contracts.TestAdaptiveEchoThreshold" name="test_adaptive_threshold_midpoint" time="0.000" /><testcase classname="tests.test_bargein_contracts.TestAdaptiveEchoThreshold" name="test_echo_blocked_at_adaptive_threshold_when_tts_loud" time="0.000" /><testcase classname="tests.test_bargein_contracts.TestAdaptiveEchoThreshold" name="test_echo_hard_blocked_at_full_threshold_no_tts" time="0.000" /><testcase classname="tests.test_bargein_contracts.TestAdaptiveEchoThreshold" name="test_echo_not_blocked_when_tts_quiet" time="0.000" /><testcase classname="tests.test_bargein_contracts.TestAdaptiveEchoThreshold" name="test_energy_path_suppressed_when_tts_reference_active" time="0.000" /><testcase classname="tests.test_bargein_contracts.TestAdaptiveEchoThreshold" name="test_energy_path_works_without_tts_reference" time="0.000" /><testcase classname="tests.test_bargein_contracts.TestAdaptiveEchoThreshold" name="test_unvoiced_is_blocked_by_adaptive_echo_threshold" time="0.000" /><testcase classname="tests.test_bargein_contracts.TestAdaptiveEchoThreshold" name="test_voiced_does_not_override_hard_echo_block" time="0.000" /><testcase classname="tests.test_bargein_contracts.TestAdaptiveEchoThreshold" name="test_voiced_overrides_adaptive_echo_block_at_moderate_similarity" time="0.000" /><testcase classname="tests.test_bargein_contracts.TestAdaptiveEchoThreshold" name="test_voiced_speech_fires_despite_loud_tts" time="0.000" /><testcase classname="tests.test_bargein_contracts.TestAccumulatorBehavior" name="test_3_voiced_frames_do_not_fire" time="0.000" /><testcase classname="tests.test_bargein_contracts.TestAccumulatorBehavior" name="test_4_voiced_frames_fire" time="0.000" /><testcase classname="tests.test_bargein_contracts.TestAccumulatorBehavior" name="test_echo_frame_resets_counter" time="0.000" /><testcase classname="tests.test_bargein_contracts.TestAccumulatorBehavior" name="test_single_quiet_frame_resets_counter" time="0.000" /><testcase classname="tests.test_bargein_contracts.TestNoiseGateBoundary" name="test_blocked_just_below_3x" time="0.000" /><testcase classname="tests.test_bargein_contracts.TestNoiseGateBoundary" name="test_none_noise_floor_always_passes" time="0.000" /><testcase classname="tests.test_bargein_contracts.TestNoiseGateBoundary" name="test_passes_at_exactly_3x" time="0.000" /><testcase classname="tests.test_bargein_contracts.TestNoiseGateBoundary" name="test_speech_at_4x_passes" time="0.000" /><testcase classname="tests.test_bargein_contracts.TestNoiseGateBoundary" name="test_tv_noise_blocked_at_calibrated_level" time="0.001" /><testcase classname="tests.test_bargein_contracts.TestEchoGateContract" name="test_echo_gate_threshold_is_045" time="0.000" /><testcase classname="tests.test_bargein_contracts.TestEchoGateContract" name="test_perfect_echo_never_fires" time="0.264" /><testcase classname="tests.test_bargein_contracts.TestEchoGateContract" name="test_unrelated_speech_over_echo_fires" time="0.272" /><testcase classname="tests.test_bargein_contracts.TestSileroPathContract" name="test_energy_only_path_fires_when_calibrated" time="0.268" /><testcase classname="tests.test_bargein_contracts.TestSileroPathContract" name="test_human_voice_at_moderate_amplitude_fires_via_silero" time="0.273" /><testcase classname="tests.test_bargein_contracts.TestSileroPathContract" name="test_synthetic_voice_low_amplitude_does_NOT_fire" time="0.271" /><testcase classname="tests.test_bargein_contracts.TestStateMachineContracts" name="test_never_idle_during_active_recording" time="0.308" /><testcase classname="tests.test_bargein_contracts.TestStateMachineContracts" name="test_recover_expires_to_idle" time="0.622" /><testcase classname="tests.test_bargein_contracts.TestStateMachineContracts" name="test_state_idle_after_callback" time="0.512" /><testcase classname="tests.test_bargein_contracts.TestStateMachineContracts" name="test_state_idle_after_tts_barge_in" time="0.544" /><testcase classname="tests.test_bargein_contracts.TestStateMachineContracts" name="test_tts_start_transitions_to_assistant_speaking" time="0.267" /><testcase classname="tests.test_bargein_contracts.TestStateMachineContracts" name="test_tts_stop_transitions_to_recover" time="0.267" /><testcase classname="tests.test_bargein_contracts.TestSNRBasedBargeIn" name="test_human_voice_mixed_with_noise_fires_at_positive_snr" time="0.274" /><testcase classname="tests.test_bargein_contracts.TestSNRBasedBargeIn" name="test_noise_only_at_5_seconds_never_fires" time="0.287" /><testcase classname="tests.test_bargein_contracts.TestSNRBasedBargeIn" name="test_speech_at_positive_snr_fires" time="0.268" /><testcase classname="tests.test_bargein_contracts.TestFalsePositiveGuard" name="test_dead_silence_never_fires" time="0.259" /><testcase classname="tests.test_bargein_contracts.TestFalsePositiveGuard" name="test_multiple_click_bursts_never_fire" time="0.263" /><testcase classname="tests.test_bargein_contracts.TestFalsePositiveGuard" name="test_pure_tone_440hz_never_fires" time="0.279" /><testcase classname="tests.test_bargein_contracts.TestFalsePositiveGuard" name="test_short_click_burst_never_fires" time="0.268" /><testcase classname="tests.test_bargein_contracts.TestFalsePositiveGuard" name="test_tv_noise_3sec_never_fires" time="0.280" /><testcase classname="tests.test_bargein_contracts.TestWakewordGateContracts" name="test_strict_mode_10_injections_no_callback" time="0.681" /><testcase classname="tests.test_bargein_contracts.TestWakewordGateContracts" name="test_strict_mode_fires_immediately_after_arm" time="0.383" /><testcase classname="tests.test_bargein_contracts.TestWakewordGateContracts" name="test_strict_mode_gate_closes_after_one_utterance" time="1.107" /><testcase classname="tests.test_bargein_scenarios.TestFixtureDiagnostics" name="test_fixture_availability" time="0.000" /><testcase classname="tests.test_bargein_scenarios.TestBargeInScenarios" name="test_bargein_latency_slo" time="0.303" /><testcase classname="tests.test_bargein_scenarios.TestBargeInScenarios" name="test_fsm_state_after_tts_stop" time="0.612" /><testcase classname="tests.test_bargein_scenarios.TestBargeInScenarios" name="test_human_voice_during_tts_bargein" time="0.269" /><testcase classname="tests.test_bargein_scenarios.TestBargeInScenarios" name="test_hybrid_recovery_opens_after_miss_limit" time="0.332" /><testcase classname="tests.test_bargein_scenarios.TestBargeInScenarios" name="test_self_echo_no_bargein" time="0.268" /><testcase classname="tests.test_bargein_scenarios.TestBargeInScenarios" name="test_short_burst_no_bargein" time="0.264" /><testcase classname="tests.test_bargein_scenarios.TestBargeInScenarios" name="test_silence_no_bargein" time="0.262" /><testcase classname="tests.test_bargein_scenarios.TestBargeInScenarios" name="test_speech_after_wakeword_callback" time="0.325" /><testcase classname="tests.test_bargein_scenarios.TestBargeInScenarios" name="test_speech_without_wakeword_no_callback" time="0.271" /><testcase classname="tests.test_bargein_scenarios.TestBargeInScenarios" name="test_tv_noise_no_bargein" time="0.272" /><testcase classname="tests.test_bargein_scenarios.TestLayeredPoliciesViaHarness" name="test_noise_gate_prevents_bargein_at_background_level" time="0.796" /><testcase classname="tests.test_bargein_scenarios.TestLayeredPoliciesViaHarness" name="test_voiced_speech_reliably_triggers_across_amplitudes" time="0.821" /><testcase classname="tests.test_bargein_scenarios.TestWakewordGatingViaHarness" name="test_legacy_compatible_policy_always_open" time="0.336" /><testcase classname="tests.test_bargein_scenarios.TestWakewordGatingViaHarness" name="test_multiple_sequential_utterances" time="0.620" /><testcase classname="tests.test_capabilities.TestCapabilityRegistry" name="test_default_registry_has_builtins" time="0.001" /><testcase classname="tests.test_capabilities.TestCapabilityRegistry" name="test_missing_capability" time="0.000" /><testcase classname="tests.test_capabilities.TestCapabilityRegistry" name="test_register_and_invoke" time="0.001" /><testcase classname="tests.test_conversation_simulation" name="test_happy_path_streams_llm_sentences_to_tts" time="0.521" /><testcase classname="tests.test_conversation_simulation" name="test_stop_command_short_circuits_llm_and_tts" time="0.482" /><testcase classname="tests.test_conversation_simulation" name="test_user_barge_in_cancels_streaming_tts" time="0.707" /><testcase classname="tests.test_conversation_simulation" name="test_tts_self_echo_does_not_trigger_barge_in" time="0.820" /><testcase classname="tests.test_conversation_simulation" name="test_noisy_room_still_completes_conversation" time="0.549" /><testcase classname="tests.test_conversation_simulation" name="test_wakeword_gate_blocks_then_allows_conversation" time="0.964" /><testcase classname="tests.test_dialogue_controller.TestDialogueController" name="test_echo_info_blocks_even_if_voiced" time="0.001" /><testcase classname="tests.test_dialogue_controller.TestDialogueController" name="test_echo_partial_does_not_stop_speaking" time="0.000" /><testcase classname="tests.test_dialogue_controller.TestDialogueController" name="test_ignore_transcript_rules" time="0.000" /><testcase classname="tests.test_dialogue_controller.TestDialogueController" name="test_non_echo_partial_stops_speaking" time="0.000" /><testcase classname="tests.test_dialogue_controller.TestDialogueController" name="test_rms_fallback_disabled_blocks" time="0.000" /><testcase classname="tests.test_dialogue_controller.TestDialogueController" name="test_rms_fallback_enabled_allows_strong" time="0.000" /><testcase classname="tests.test_dialogue_controller.TestDialogueController" name="test_should_stop_speaking_rejects_short_barge_in" time="0.000" /><testcase classname="tests.test_dialogue_controller.TestDialogueController" name="test_should_stop_speaking_requires_active_tts" time="0.000" /><testcase classname="tests.test_dialogue_controller.TestDialogueController" name="test_should_stop_speaking_voiced" time="0.000" /><testcase classname="tests.test_dialogue_controller.TestDialogueController" name="test_should_stop_speaking_with_partial" time="0.000" /><testcase classname="tests.test_dialogue_controller.TestDialogueController" name="test_state_machine_transitions" time="0.001" /><testcase classname="tests.test_dialogue_controller.TestDialogueController" name="test_voice_allows_barge_in_without_partial" time="0.001" /><testcase classname="tests.test_dialogue_controller.TestVoiceAssistantBargeIn" name="test_on_barge_in_skips_when_controller_blocks" time="0.000" /><testcase classname="tests.test_dialogue_controller.TestVoiceAssistantBargeIn" name="test_on_barge_in_stops_when_controller_allows" time="0.000" /><testcase classname="tests.test_dialogue_controller.TestVoiceAssistantBargeIn" name="test_shutdown_stops_player_and_cancels_generation" time="0.000" /><testcase classname="tests.test_failure_discovery_audio" name="test_local_failure_samples_are_saved" time="0.001" /><testcase classname="tests.test_failure_discovery_audio" name="test_saved_samples_are_16khz_float32" time="0.000" /><testcase classname="tests.test_failure_discovery_audio" name="test_failure_discovery_corpus[control_synthetic_zero_lag_tts]" time="1.715" /><testcase classname="tests.test_failure_discovery_audio" name="test_failure_discovery_corpus[echo_phone_table_30cm]" time="0.283"><failure message="AssertionError: Phone lying beside laptop speaker. Fired 1 false interrupt(s).&#10;assert [{'duration_s...': 0.01, ...}] == []&#10;  Left contains one more item: {'duration_sec': 0.128, 'echo': False, 'rms': 0.20700345933437347, 'threshold': 0.01, ...}&#10;  Use -v to get more diff">case = {'description': 'Phone lying beside laptop speaker.', 'expectation': 'no_interrupt', 'importance': 'Common desk setup; tiny delay should still be echo.', 'kind': 'echo_leak', ...}

    @pytest.mark.parametrize("case", ACTION_CASES, ids=lambda c: c["name"])
    def test_failure_discovery_corpus(case):
        audio = SAMPLES[case["name"]]
        expectation = case["expectation"]
    
        if expectation == "callback":
            callbacks = _callbacks_for_user_audio(audio)
            assert callbacks, case["description"]
            return
    
        if expectation == "no_callback":
            callbacks = _callbacks_for_user_audio(audio)
            assert callbacks == [], case["description"]
            return
    
        ref = SAMPLES[case["ref"]]
        if case["kind"] == "echo_control":
            interrupts = _interrupts_for_tts_leak(
                audio,
                ref,
                gate_sec=0.20,
                inter_chunk_delay=1024 / SR,
                zero_delays=False,
            )
        else:
            interrupts = _interrupts_for_tts_leak(audio, ref)
&gt;       assert interrupts == [], (
            f"{case['description']} Fired {len(interrupts)} false interrupt(s)."
        )
E       AssertionError: Phone lying beside laptop speaker. Fired 1 false interrupt(s).
E       assert [{'duration_s...': 0.01, ...}] == []
E         Left contains one more item: {'duration_sec': 0.128, 'echo': False, 'rms': 0.20700345933437347, 'threshold': 0.01, ...}
E         Use -v to get more diff

tests/test_failure_discovery_audio.py:630: AssertionError</failure></testcase><testcase classname="tests.test_failure_discovery_audio" name="test_failure_discovery_corpus[echo_laptop_mic_70cm]" time="0.277"><failure message="AssertionError: Laptop speaker to built-in microphone path. Fired 1 false interrupt(s).&#10;assert [{'duration_s...': 0.01, ...}] == []&#10;  Left contains one more item: {'duration_sec': 0.128, 'echo': False, 'rms': 0.17284372448921204, 'threshold': 0.01, ...}&#10;  Use -v to get more diff">case = {'description': 'Laptop speaker to built-in microphone path.', 'expectation': 'no_interrupt', 'importance': 'Most likely desktop deployment false-interrupt path.', 'kind': 'echo_leak', ...}

    @pytest.mark.parametrize("case", ACTION_CASES, ids=lambda c: c["name"])
    def test_failure_discovery_corpus(case):
        audio = SAMPLES[case["name"]]
        expectation = case["expectation"]
    
        if expectation == "callback":
            callbacks = _callbacks_for_user_audio(audio)
            assert callbacks, case["description"]
            return
    
        if expectation == "no_callback":
            callbacks = _callbacks_for_user_audio(audio)
            assert callbacks == [], case["description"]
            return
    
        ref = SAMPLES[case["ref"]]
        if case["kind"] == "echo_control":
            interrupts = _interrupts_for_tts_leak(
                audio,
                ref,
                gate_sec=0.20,
                inter_chunk_delay=1024 / SR,
                zero_delays=False,
            )
        else:
            interrupts = _interrupts_for_tts_leak(audio, ref)
&gt;       assert interrupts == [], (
            f"{case['description']} Fired {len(interrupts)} false interrupt(s)."
        )
E       AssertionError: Laptop speaker to built-in microphone path. Fired 1 false interrupt(s).
E       assert [{'duration_s...': 0.01, ...}] == []
E         Left contains one more item: {'duration_sec': 0.128, 'echo': False, 'rms': 0.17284372448921204, 'threshold': 0.01, ...}
E         Use -v to get more diff

tests/test_failure_discovery_audio.py:630: AssertionError</failure></testcase><testcase classname="tests.test_failure_discovery_audio" name="test_failure_discovery_corpus[echo_smart_speaker_2m]" time="0.271"><failure message="AssertionError: Smart speaker two metres from user microphone. Fired 1 false interrupt(s).&#10;assert [{'duration_s...': 0.01, ...}] == []&#10;  Left contains one more item: {'duration_sec': 0.128, 'echo': False, 'rms': 0.1532914936542511, 'threshold': 0.01, ...}&#10;  Use -v to get more diff">case = {'description': 'Smart speaker two metres from user microphone.', 'expectation': 'no_interrupt', 'importance': 'Typical living-room propagation delay.', 'kind': 'echo_leak', ...}

    @pytest.mark.parametrize("case", ACTION_CASES, ids=lambda c: c["name"])
    def test_failure_discovery_corpus(case):
        audio = SAMPLES[case["name"]]
        expectation = case["expectation"]
    
        if expectation == "callback":
            callbacks = _callbacks_for_user_audio(audio)
            assert callbacks, case["description"]
            return
    
        if expectation == "no_callback":
            callbacks = _callbacks_for_user_audio(audio)
            assert callbacks == [], case["description"]
            return
    
        ref = SAMPLES[case["ref"]]
        if case["kind"] == "echo_control":
            interrupts = _interrupts_for_tts_leak(
                audio,
                ref,
                gate_sec=0.20,
                inter_chunk_delay=1024 / SR,
                zero_delays=False,
            )
        else:
            interrupts = _interrupts_for_tts_leak(audio, ref)
&gt;       assert interrupts == [], (
            f"{case['description']} Fired {len(interrupts)} false interrupt(s)."
        )
E       AssertionError: Smart speaker two metres from user microphone. Fired 1 false interrupt(s).
E       assert [{'duration_s...': 0.01, ...}] == []
E         Left contains one more item: {'duration_sec': 0.128, 'echo': False, 'rms': 0.1532914936542511, 'threshold': 0.01, ...}
E         Use -v to get more diff

tests/test_failure_discovery_audio.py:630: AssertionError</failure></testcase><testcase classname="tests.test_failure_discovery_audio" name="test_failure_discovery_corpus[echo_kitchen_counter_tile]" time="0.282"><failure message="AssertionError: Kitchen counter with hard tile reflections. Fired 1 false interrupt(s).&#10;assert [{'duration_s...': 0.01, ...}] == []&#10;  Left contains one more item: {'duration_sec': 0.128, 'echo': False, 'rms': 0.07538808882236481, 'threshold': 0.01, ...}&#10;  Use -v to get more diff">case = {'description': 'Kitchen counter with hard tile reflections.', 'expectation': 'no_interrupt', 'importance': 'Hard reflective rooms are common and noisy.', 'kind': 'echo_leak', ...}

    @pytest.mark.parametrize("case", ACTION_CASES, ids=lambda c: c["name"])
    def test_failure_discovery_corpus(case):
        audio = SAMPLES[case["name"]]
        expectation = case["expectation"]
    
        if expectation == "callback":
            callbacks = _callbacks_for_user_audio(audio)
            assert callbacks, case["description"]
            return
    
        if expectation == "no_callback":
            callbacks = _callbacks_for_user_audio(audio)
            assert callbacks == [], case["description"]
            return
    
        ref = SAMPLES[case["ref"]]
        if case["kind"] == "echo_control":
            interrupts = _interrupts_for_tts_leak(
                audio,
                ref,
                gate_sec=0.20,
                inter_chunk_delay=1024 / SR,
                zero_delays=False,
            )
        else:
            interrupts = _interrupts_for_tts_leak(audio, ref)
&gt;       assert interrupts == [], (
            f"{case['description']} Fired {len(interrupts)} false interrupt(s)."
        )
E       AssertionError: Kitchen counter with hard tile reflections. Fired 1 false interrupt(s).
E       assert [{'duration_s...': 0.01, ...}] == []
E         Left contains one more item: {'duration_sec': 0.128, 'echo': False, 'rms': 0.07538808882236481, 'threshold': 0.01, ...}
E         Use -v to get more diff

tests/test_failure_discovery_audio.py:630: AssertionError</failure></testcase><testcase classname="tests.test_failure_discovery_audio" name="test_failure_discovery_corpus[echo_bathroom_tile]" time="0.270"><failure message="AssertionError: Bathroom tile reverberation. Fired 1 false interrupt(s).&#10;assert [{'duration_s...': 0.01, ...}] == []&#10;  Left contains one more item: {'duration_sec': 0.128, 'echo': False, 'rms': 0.06440234184265137, 'threshold': 0.01, ...}&#10;  Use -v to get more diff">case = {'description': 'Bathroom tile reverberation.', 'expectation': 'no_interrupt', 'importance': 'Worst-case reverb tail should not self-interrupt.', 'kind': 'echo_leak', ...}

    @pytest.mark.parametrize("case", ACTION_CASES, ids=lambda c: c["name"])
    def test_failure_discovery_corpus(case):
        audio = SAMPLES[case["name"]]
        expectation = case["expectation"]
    
        if expectation == "callback":
            callbacks = _callbacks_for_user_audio(audio)
            assert callbacks, case["description"]
            return
    
        if expectation == "no_callback":
            callbacks = _callbacks_for_user_audio(audio)
            assert callbacks == [], case["description"]
            return
    
        ref = SAMPLES[case["ref"]]
        if case["kind"] == "echo_control":
            interrupts = _interrupts_for_tts_leak(
                audio,
                ref,
                gate_sec=0.20,
                inter_chunk_delay=1024 / SR,
                zero_delays=False,
            )
        else:
            interrupts = _interrupts_for_tts_leak(audio, ref)
&gt;       assert interrupts == [], (
            f"{case['description']} Fired {len(interrupts)} false interrupt(s)."
        )
E       AssertionError: Bathroom tile reverberation. Fired 1 false interrupt(s).
E       assert [{'duration_s...': 0.01, ...}] == []
E         Left contains one more item: {'duration_sec': 0.128, 'echo': False, 'rms': 0.06440234184265137, 'threshold': 0.01, ...}
E         Use -v to get more diff

tests/test_failure_discovery_audio.py:630: AssertionError</failure></testcase><testcase classname="tests.test_failure_discovery_audio" name="test_failure_discovery_corpus[echo_hallway_far_wall]" time="0.273"><failure message="AssertionError: Hallway far-wall assistant reflection. Fired 1 false interrupt(s).&#10;assert [{'duration_s...': 0.01, ...}] == []&#10;  Left contains one more item: {'duration_sec': 0.128, 'echo': False, 'rms': 0.08435460925102234, 'threshold': 0.01, ...}&#10;  Use -v to get more diff">case = {'description': 'Hallway far-wall assistant reflection.', 'expectation': 'no_interrupt', 'importance': 'Long narrow spaces produce strong late reflections.', 'kind': 'echo_leak', ...}

    @pytest.mark.parametrize("case", ACTION_CASES, ids=lambda c: c["name"])
    def test_failure_discovery_corpus(case):
        audio = SAMPLES[case["name"]]
        expectation = case["expectation"]
    
        if expectation == "callback":
            callbacks = _callbacks_for_user_audio(audio)
            assert callbacks, case["description"]
            return
    
        if expectation == "no_callback":
            callbacks = _callbacks_for_user_audio(audio)
            assert callbacks == [], case["description"]
            return
    
        ref = SAMPLES[case["ref"]]
        if case["kind"] == "echo_control":
            interrupts = _interrupts_for_tts_leak(
                audio,
                ref,
                gate_sec=0.20,
                inter_chunk_delay=1024 / SR,
                zero_delays=False,
            )
        else:
            interrupts = _interrupts_for_tts_leak(audio, ref)
&gt;       assert interrupts == [], (
            f"{case['description']} Fired {len(interrupts)} false interrupt(s)."
        )
E       AssertionError: Hallway far-wall assistant reflection. Fired 1 false interrupt(s).
E       assert [{'duration_s...': 0.01, ...}] == []
E         Left contains one more item: {'duration_sec': 0.128, 'echo': False, 'rms': 0.08435460925102234, 'threshold': 0.01, ...}
E         Use -v to get more diff

tests/test_failure_discovery_audio.py:630: AssertionError</failure></testcase><testcase classname="tests.test_failure_discovery_audio" name="test_failure_discovery_corpus[echo_open_living_room_wall]" time="0.280"><failure message="AssertionError: Living-room first wall reflection. Fired 1 false interrupt(s).&#10;assert [{'duration_s...': 0.01, ...}] == []&#10;  Left contains one more item: {'duration_sec': 0.128, 'echo': False, 'rms': 0.12791404128074646, 'threshold': 0.01, ...}&#10;  Use -v to get more diff">case = {'description': 'Living-room first wall reflection.', 'expectation': 'no_interrupt', 'importance': 'Known failure mode for zero-lag echo checks.', 'kind': 'echo_leak', ...}

    @pytest.mark.parametrize("case", ACTION_CASES, ids=lambda c: c["name"])
    def test_failure_discovery_corpus(case):
        audio = SAMPLES[case["name"]]
        expectation = case["expectation"]
    
        if expectation == "callback":
            callbacks = _callbacks_for_user_audio(audio)
            assert callbacks, case["description"]
            return
    
        if expectation == "no_callback":
            callbacks = _callbacks_for_user_audio(audio)
            assert callbacks == [], case["description"]
            return
    
        ref = SAMPLES[case["ref"]]
        if case["kind"] == "echo_control":
            interrupts = _interrupts_for_tts_leak(
                audio,
                ref,
                gate_sec=0.20,
                inter_chunk_delay=1024 / SR,
                zero_delays=False,
            )
        else:
            interrupts = _interrupts_for_tts_leak(audio, ref)
&gt;       assert interrupts == [], (
            f"{case['description']} Fired {len(interrupts)} false interrupt(s)."
        )
E       AssertionError: Living-room first wall reflection. Fired 1 false interrupt(s).
E       assert [{'duration_s...': 0.01, ...}] == []
E         Left contains one more item: {'duration_sec': 0.128, 'echo': False, 'rms': 0.12791404128074646, 'threshold': 0.01, ...}
E         Use -v to get more diff

tests/test_failure_discovery_audio.py:630: AssertionError</failure></testcase><testcase classname="tests.test_failure_discovery_audio" name="test_failure_discovery_corpus[echo_car_cabin_dashboard]" time="0.257"><failure message="AssertionError: Small car cabin dashboard reflection. Fired 1 false interrupt(s).&#10;assert [{'duration_s...': 0.01, ...}] == []&#10;  Left contains one more item: {'duration_sec': 0.128, 'echo': False, 'rms': 0.08567164093255997, 'threshold': 0.01, ...}&#10;  Use -v to get more diff">case = {'description': 'Small car cabin dashboard reflection.', 'expectation': 'no_interrupt', 'importance': 'Car cabins create dense early reflections.', 'kind': 'echo_leak', ...}

    @pytest.mark.parametrize("case", ACTION_CASES, ids=lambda c: c["name"])
    def test_failure_discovery_corpus(case):
        audio = SAMPLES[case["name"]]
        expectation = case["expectation"]
    
        if expectation == "callback":
            callbacks = _callbacks_for_user_audio(audio)
            assert callbacks, case["description"]
            return
    
        if expectation == "no_callback":
            callbacks = _callbacks_for_user_audio(audio)
            assert callbacks == [], case["description"]
            return
    
        ref = SAMPLES[case["ref"]]
        if case["kind"] == "echo_control":
            interrupts = _interrupts_for_tts_leak(
                audio,
                ref,
                gate_sec=0.20,
                inter_chunk_delay=1024 / SR,
                zero_delays=False,
            )
        else:
            interrupts = _interrupts_for_tts_leak(audio, ref)
&gt;       assert interrupts == [], (
            f"{case['description']} Fired {len(interrupts)} false interrupt(s)."
        )
E       AssertionError: Small car cabin dashboard reflection. Fired 1 false interrupt(s).
E       assert [{'duration_s...': 0.01, ...}] == []
E         Left contains one more item: {'duration_sec': 0.128, 'echo': False, 'rms': 0.08567164093255997, 'threshold': 0.01, ...}
E         Use -v to get more diff

tests/test_failure_discovery_audio.py:630: AssertionError</failure></testcase><testcase classname="tests.test_failure_discovery_audio" name="test_failure_discovery_corpus[echo_projector_speaker_ceiling]" time="0.263"><failure message="AssertionError: Ceiling projector speaker reflection. Fired 1 false interrupt(s).&#10;assert [{'duration_s...': 0.01, ...}] == []&#10;  Left contains one more item: {'duration_sec': 0.128, 'echo': False, 'rms': 0.09706397354602814, 'threshold': 0.01, ...}&#10;  Use -v to get more diff">case = {'description': 'Ceiling projector speaker reflection.', 'expectation': 'no_interrupt', 'importance': 'Distant media speakers should not look like user speech.', 'kind': 'echo_leak', ...}

    @pytest.mark.parametrize("case", ACTION_CASES, ids=lambda c: c["name"])
    def test_failure_discovery_corpus(case):
        audio = SAMPLES[case["name"]]
        expectation = case["expectation"]
    
        if expectation == "callback":
            callbacks = _callbacks_for_user_audio(audio)
            assert callbacks, case["description"]
            return
    
        if expectation == "no_callback":
            callbacks = _callbacks_for_user_audio(audio)
            assert callbacks == [], case["description"]
            return
    
        ref = SAMPLES[case["ref"]]
        if case["kind"] == "echo_control":
            interrupts = _interrupts_for_tts_leak(
                audio,
                ref,
                gate_sec=0.20,
                inter_chunk_delay=1024 / SR,
                zero_delays=False,
            )
        else:
            interrupts = _interrupts_for_tts_leak(audio, ref)
&gt;       assert interrupts == [], (
            f"{case['description']} Fired {len(interrupts)} false interrupt(s)."
        )
E       AssertionError: Ceiling projector speaker reflection. Fired 1 false interrupt(s).
E       assert [{'duration_s...': 0.01, ...}] == []
E         Left contains one more item: {'duration_sec': 0.128, 'echo': False, 'rms': 0.09706397354602814, 'threshold': 0.01, ...}
E         Use -v to get more diff

tests/test_failure_discovery_audio.py:630: AssertionError</failure></testcase><testcase classname="tests.test_failure_discovery_audio" name="test_failure_discovery_corpus[echo_bluetooth_speaker_shelf]" time="0.274"><failure message="AssertionError: Bluetooth speaker on bookshelf. Fired 1 false interrupt(s).&#10;assert [{'duration_s...': 0.01, ...}] == []&#10;  Left contains one more item: {'duration_sec': 0.128, 'echo': False, 'rms': 0.051547810435295105, 'threshold': 0.01, ...}&#10;  Use -v to get more diff">case = {'description': 'Bluetooth speaker on bookshelf.', 'expectation': 'no_interrupt', 'importance': 'Common assistant playback device with shelf reflections.', 'kind': 'echo_leak', ...}

    @pytest.mark.parametrize("case", ACTION_CASES, ids=lambda c: c["name"])
    def test_failure_discovery_corpus(case):
        audio = SAMPLES[case["name"]]
        expectation = case["expectation"]
    
        if expectation == "callback":
            callbacks = _callbacks_for_user_audio(audio)
            assert callbacks, case["description"]
            return
    
        if expectation == "no_callback":
            callbacks = _callbacks_for_user_audio(audio)
            assert callbacks == [], case["description"]
            return
    
        ref = SAMPLES[case["ref"]]
        if case["kind"] == "echo_control":
            interrupts = _interrupts_for_tts_leak(
                audio,
                ref,
                gate_sec=0.20,
                inter_chunk_delay=1024 / SR,
                zero_delays=False,
            )
        else:
            interrupts = _interrupts_for_tts_leak(audio, ref)
&gt;       assert interrupts == [], (
            f"{case['description']} Fired {len(interrupts)} false interrupt(s)."
        )
E       AssertionError: Bluetooth speaker on bookshelf. Fired 1 false interrupt(s).
E       assert [{'duration_s...': 0.01, ...}] == []
E         Left contains one more item: {'duration_sec': 0.128, 'echo': False, 'rms': 0.051547810435295105, 'threshold': 0.01, ...}
E         Use -v to get more diff

tests/test_failure_discovery_audio.py:630: AssertionError</failure></testcase><testcase classname="tests.test_failure_discovery_audio" name="test_failure_discovery_corpus[echo_tv_soundbar_living_room]" time="0.270"><failure message="AssertionError: TV soundbar leaking assistant speech. Fired 1 false interrupt(s).&#10;assert [{'duration_s...': 0.01, ...}] == []&#10;  Left contains one more item: {'duration_sec': 0.128, 'echo': False, 'rms': 0.05531902611255646, 'threshold': 0.01, ...}&#10;  Use -v to get more diff">case = {'description': 'TV soundbar leaking assistant speech.', 'expectation': 'no_interrupt', 'importance': 'Soundbars are loud and far from microphones.', 'kind': 'echo_leak', ...}

    @pytest.mark.parametrize("case", ACTION_CASES, ids=lambda c: c["name"])
    def test_failure_discovery_corpus(case):
        audio = SAMPLES[case["name"]]
        expectation = case["expectation"]
    
        if expectation == "callback":
            callbacks = _callbacks_for_user_audio(audio)
            assert callbacks, case["description"]
            return
    
        if expectation == "no_callback":
            callbacks = _callbacks_for_user_audio(audio)
            assert callbacks == [], case["description"]
            return
    
        ref = SAMPLES[case["ref"]]
        if case["kind"] == "echo_control":
            interrupts = _interrupts_for_tts_leak(
                audio,
                ref,
                gate_sec=0.20,
                inter_chunk_delay=1024 / SR,
                zero_delays=False,
            )
        else:
            interrupts = _interrupts_for_tts_leak(audio, ref)
&gt;       assert interrupts == [], (
            f"{case['description']} Fired {len(interrupts)} false interrupt(s)."
        )
E       AssertionError: TV soundbar leaking assistant speech. Fired 1 false interrupt(s).
E       assert [{'duration_s...': 0.01, ...}] == []
E         Left contains one more item: {'duration_sec': 0.128, 'echo': False, 'rms': 0.05531902611255646, 'threshold': 0.01, ...}
E         Use -v to get more diff

tests/test_failure_discovery_audio.py:630: AssertionError</failure></testcase><testcase classname="tests.test_failure_discovery_audio" name="test_failure_discovery_corpus[echo_conference_table]" time="0.269"><failure message="AssertionError: Conference table speakerphone echo. Fired 1 false interrupt(s).&#10;assert [{'duration_s...': 0.01, ...}] == []&#10;  Left contains one more item: {'duration_sec': 0.128, 'echo': False, 'rms': 0.061116158962249756, 'threshold': 0.01, ...}&#10;  Use -v to get more diff">case = {'description': 'Conference table speakerphone echo.', 'expectation': 'no_interrupt', 'importance': 'Meeting rooms are key voice-agent environments.', 'kind': 'echo_leak', ...}

    @pytest.mark.parametrize("case", ACTION_CASES, ids=lambda c: c["name"])
    def test_failure_discovery_corpus(case):
        audio = SAMPLES[case["name"]]
        expectation = case["expectation"]
    
        if expectation == "callback":
            callbacks = _callbacks_for_user_audio(audio)
            assert callbacks, case["description"]
            return
    
        if expectation == "no_callback":
            callbacks = _callbacks_for_user_audio(audio)
            assert callbacks == [], case["description"]
            return
    
        ref = SAMPLES[case["ref"]]
        if case["kind"] == "echo_control":
            interrupts = _interrupts_for_tts_leak(
                audio,
                ref,
                gate_sec=0.20,
                inter_chunk_delay=1024 / SR,
                zero_delays=False,
            )
        else:
            interrupts = _interrupts_for_tts_leak(audio, ref)
&gt;       assert interrupts == [], (
            f"{case['description']} Fired {len(interrupts)} false interrupt(s)."
        )
E       AssertionError: Conference table speakerphone echo. Fired 1 false interrupt(s).
E       assert [{'duration_s...': 0.01, ...}] == []
E         Left contains one more item: {'duration_sec': 0.128, 'echo': False, 'rms': 0.061116158962249756, 'threshold': 0.01, ...}
E         Use -v to get more diff

tests/test_failure_discovery_audio.py:630: AssertionError</failure></testcase><testcase classname="tests.test_failure_discovery_audio" name="test_failure_discovery_corpus[echo_corner_room_bass_buildup]" time="0.294"><failure message="AssertionError: Speaker in room corner with gain buildup. Fired 1 false interrupt(s).&#10;assert [{'duration_s...': 0.01, ...}] == []&#10;  Left contains one more item: {'duration_sec': 0.128, 'echo': False, 'rms': 0.0917760357260704, 'threshold': 0.01, ...}&#10;  Use -v to get more diff">case = {'description': 'Speaker in room corner with gain buildup.', 'expectation': 'no_interrupt', 'importance': 'Corner placement amplifies echo energy.', 'kind': 'echo_leak', ...}

    @pytest.mark.parametrize("case", ACTION_CASES, ids=lambda c: c["name"])
    def test_failure_discovery_corpus(case):
        audio = SAMPLES[case["name"]]
        expectation = case["expectation"]
    
        if expectation == "callback":
            callbacks = _callbacks_for_user_audio(audio)
            assert callbacks, case["description"]
            return
    
        if expectation == "no_callback":
            callbacks = _callbacks_for_user_audio(audio)
            assert callbacks == [], case["description"]
            return
    
        ref = SAMPLES[case["ref"]]
        if case["kind"] == "echo_control":
            interrupts = _interrupts_for_tts_leak(
                audio,
                ref,
                gate_sec=0.20,
                inter_chunk_delay=1024 / SR,
                zero_delays=False,
            )
        else:
            interrupts = _interrupts_for_tts_leak(audio, ref)
&gt;       assert interrupts == [], (
            f"{case['description']} Fired {len(interrupts)} false interrupt(s)."
        )
E       AssertionError: Speaker in room corner with gain buildup. Fired 1 false interrupt(s).
E       assert [{'duration_s...': 0.01, ...}] == []
E         Left contains one more item: {'duration_sec': 0.128, 'echo': False, 'rms': 0.0917760357260704, 'threshold': 0.01, ...}
E         Use -v to get more diff

tests/test_failure_discovery_audio.py:630: AssertionError</failure></testcase><testcase classname="tests.test_failure_discovery_audio" name="test_failure_discovery_corpus[echo_curtained_room_soft_reverb]" time="0.264"><failure message="AssertionError: Curtained room with soft reverb. Fired 1 false interrupt(s).&#10;assert [{'duration_s...': 0.01, ...}] == []&#10;  Left contains one more item: {'duration_sec': 0.128, 'echo': False, 'rms': 0.16978241503238678, 'threshold': 0.01, ...}&#10;  Use -v to get more diff">case = {'description': 'Curtained room with soft reverb.', 'expectation': 'no_interrupt', 'importance': 'Even damped rooms must remain safe.', 'kind': 'echo_leak', ...}

    @pytest.mark.parametrize("case", ACTION_CASES, ids=lambda c: c["name"])
    def test_failure_discovery_corpus(case):
        audio = SAMPLES[case["name"]]
        expectation = case["expectation"]
    
        if expectation == "callback":
            callbacks = _callbacks_for_user_audio(audio)
            assert callbacks, case["description"]
            return
    
        if expectation == "no_callback":
            callbacks = _callbacks_for_user_audio(audio)
            assert callbacks == [], case["description"]
            return
    
        ref = SAMPLES[case["ref"]]
        if case["kind"] == "echo_control":
            interrupts = _interrupts_for_tts_leak(
                audio,
                ref,
                gate_sec=0.20,
                inter_chunk_delay=1024 / SR,
                zero_delays=False,
            )
        else:
            interrupts = _interrupts_for_tts_leak(audio, ref)
&gt;       assert interrupts == [], (
            f"{case['description']} Fired {len(interrupts)} false interrupt(s)."
        )
E       AssertionError: Curtained room with soft reverb. Fired 1 false interrupt(s).
E       assert [{'duration_s...': 0.01, ...}] == []
E         Left contains one more item: {'duration_sec': 0.128, 'echo': False, 'rms': 0.16978241503238678, 'threshold': 0.01, ...}
E         Use -v to get more diff

tests/test_failure_discovery_audio.py:630: AssertionError</failure></testcase><testcase classname="tests.test_failure_discovery_audio" name="test_failure_discovery_corpus[echo_open_door_secondary_room]" time="0.268"><failure message="AssertionError: Assistant audio heard from another room. Fired 1 false interrupt(s).&#10;assert [{'duration_s...': 0.01, ...}] == []&#10;  Left contains one more item: {'duration_sec': 0.128, 'echo': False, 'rms': 0.03907366842031479, 'threshold': 0.01, ...}&#10;  Use -v to get more diff">case = {'description': 'Assistant audio heard from another room.', 'expectation': 'no_interrupt', 'importance': 'Late low-level echo should not trigger barge-in.', 'kind': 'echo_leak', ...}

    @pytest.mark.parametrize("case", ACTION_CASES, ids=lambda c: c["name"])
    def test_failure_discovery_corpus(case):
        audio = SAMPLES[case["name"]]
        expectation = case["expectation"]
    
        if expectation == "callback":
            callbacks = _callbacks_for_user_audio(audio)
            assert callbacks, case["description"]
            return
    
        if expectation == "no_callback":
            callbacks = _callbacks_for_user_audio(audio)
            assert callbacks == [], case["description"]
            return
    
        ref = SAMPLES[case["ref"]]
        if case["kind"] == "echo_control":
            interrupts = _interrupts_for_tts_leak(
                audio,
                ref,
                gate_sec=0.20,
                inter_chunk_delay=1024 / SR,
                zero_delays=False,
            )
        else:
            interrupts = _interrupts_for_tts_leak(audio, ref)
&gt;       assert interrupts == [], (
            f"{case['description']} Fired {len(interrupts)} false interrupt(s)."
        )
E       AssertionError: Assistant audio heard from another room. Fired 1 false interrupt(s).
E       assert [{'duration_s...': 0.01, ...}] == []
E         Left contains one more item: {'duration_sec': 0.128, 'echo': False, 'rms': 0.03907366842031479, 'threshold': 0.01, ...}
E         Use -v to get more diff

tests/test_failure_discovery_audio.py:630: AssertionError</failure></testcase><testcase classname="tests.test_failure_discovery_audio" name="test_failure_discovery_corpus[echo_high_volume_near_field]" time="0.270"><failure message="AssertionError: High-volume near-field assistant playback. Fired 1 false interrupt(s).&#10;assert [{'duration_s...': 0.01, ...}] == []&#10;  Left contains one more item: {'duration_sec': 0.128, 'echo': False, 'rms': 0.3066733479499817, 'threshold': 0.01, ...}&#10;  Use -v to get more diff">case = {'description': 'High-volume near-field assistant playback.', 'expectation': 'no_interrupt', 'importance': 'Loud assistant speech is likely during TTS.', 'kind': 'echo_leak', ...}

    @pytest.mark.parametrize("case", ACTION_CASES, ids=lambda c: c["name"])
    def test_failure_discovery_corpus(case):
        audio = SAMPLES[case["name"]]
        expectation = case["expectation"]
    
        if expectation == "callback":
            callbacks = _callbacks_for_user_audio(audio)
            assert callbacks, case["description"]
            return
    
        if expectation == "no_callback":
            callbacks = _callbacks_for_user_audio(audio)
            assert callbacks == [], case["description"]
            return
    
        ref = SAMPLES[case["ref"]]
        if case["kind"] == "echo_control":
            interrupts = _interrupts_for_tts_leak(
                audio,
                ref,
                gate_sec=0.20,
                inter_chunk_delay=1024 / SR,
                zero_delays=False,
            )
        else:
            interrupts = _interrupts_for_tts_leak(audio, ref)
&gt;       assert interrupts == [], (
            f"{case['description']} Fired {len(interrupts)} false interrupt(s)."
        )
E       AssertionError: High-volume near-field assistant playback. Fired 1 false interrupt(s).
E       assert [{'duration_s...': 0.01, ...}] == []
E         Left contains one more item: {'duration_sec': 0.128, 'echo': False, 'rms': 0.3066733479499817, 'threshold': 0.01, ...}
E         Use -v to get more diff

tests/test_failure_discovery_audio.py:630: AssertionError</failure></testcase><testcase classname="tests.test_failure_discovery_audio" name="test_failure_discovery_corpus[echo_low_volume_far_field]" time="0.272"><failure message="AssertionError: Low-volume far-field assistant leakage. Fired 1 false interrupt(s).&#10;assert [{'duration_s...': 0.01, ...}] == []&#10;  Left contains one more item: {'duration_sec': 0.128, 'echo': False, 'rms': 0.051804881542921066, 'threshold': 0.01, ...}&#10;  Use -v to get more diff">case = {'description': 'Low-volume far-field assistant leakage.', 'expectation': 'no_interrupt', 'importance': 'Weak echoes should not accumulate false evidence.', 'kind': 'echo_leak', ...}

    @pytest.mark.parametrize("case", ACTION_CASES, ids=lambda c: c["name"])
    def test_failure_discovery_corpus(case):
        audio = SAMPLES[case["name"]]
        expectation = case["expectation"]
    
        if expectation == "callback":
            callbacks = _callbacks_for_user_audio(audio)
            assert callbacks, case["description"]
            return
    
        if expectation == "no_callback":
            callbacks = _callbacks_for_user_audio(audio)
            assert callbacks == [], case["description"]
            return
    
        ref = SAMPLES[case["ref"]]
        if case["kind"] == "echo_control":
            interrupts = _interrupts_for_tts_leak(
                audio,
                ref,
                gate_sec=0.20,
                inter_chunk_delay=1024 / SR,
                zero_delays=False,
            )
        else:
            interrupts = _interrupts_for_tts_leak(audio, ref)
&gt;       assert interrupts == [], (
            f"{case['description']} Fired {len(interrupts)} false interrupt(s)."
        )
E       AssertionError: Low-volume far-field assistant leakage. Fired 1 false interrupt(s).
E       assert [{'duration_s...': 0.01, ...}] == []
E         Left contains one more item: {'duration_sec': 0.128, 'echo': False, 'rms': 0.051804881542921066, 'threshold': 0.01, ...}
E         Use -v to get more diff

tests/test_failure_discovery_audio.py:630: AssertionError</failure></testcase><testcase classname="tests.test_failure_discovery_audio" name="test_failure_discovery_corpus[echo_reverb_tail_only_after_pause]" time="0.268" /><testcase classname="tests.test_failure_discovery_audio" name="test_failure_discovery_corpus[echo_sample_rate_artifact]" time="0.274"><failure message="AssertionError: Echo after device sample-rate conversion. Fired 1 false interrupt(s).&#10;assert [{'duration_s...': 0.01, ...}] == []&#10;  Left contains one more item: {'duration_sec': 0.128, 'echo': False, 'rms': 0.13466860353946686, 'threshold': 0.01, ...}&#10;  Use -v to get more diff">case = {'description': 'Echo after device sample-rate conversion.', 'expectation': 'no_interrupt', 'importance': '44.1 kHz consumer devices can add interpolation artifacts to echo.', 'kind': 'echo_leak', ...}

    @pytest.mark.parametrize("case", ACTION_CASES, ids=lambda c: c["name"])
    def test_failure_discovery_corpus(case):
        audio = SAMPLES[case["name"]]
        expectation = case["expectation"]
    
        if expectation == "callback":
            callbacks = _callbacks_for_user_audio(audio)
            assert callbacks, case["description"]
            return
    
        if expectation == "no_callback":
            callbacks = _callbacks_for_user_audio(audio)
            assert callbacks == [], case["description"]
            return
    
        ref = SAMPLES[case["ref"]]
        if case["kind"] == "echo_control":
            interrupts = _interrupts_for_tts_leak(
                audio,
                ref,
                gate_sec=0.20,
                inter_chunk_delay=1024 / SR,
                zero_delays=False,
            )
        else:
            interrupts = _interrupts_for_tts_leak(audio, ref)
&gt;       assert interrupts == [], (
            f"{case['description']} Fired {len(interrupts)} false interrupt(s)."
        )
E       AssertionError: Echo after device sample-rate conversion. Fired 1 false interrupt(s).
E       assert [{'duration_s...': 0.01, ...}] == []
E         Left contains one more item: {'duration_sec': 0.128, 'echo': False, 'rms': 0.13466860353946686, 'threshold': 0.01, ...}
E         Use -v to get more diff

tests/test_failure_discovery_audio.py:630: AssertionError</failure></testcase><testcase classname="tests.test_failure_discovery_audio" name="test_failure_discovery_corpus[echo_clipped_speaker_output]" time="0.261"><failure message="AssertionError: Clipped speaker output echo. Fired 1 false interrupt(s).&#10;assert [{'duration_s...': 0.01, ...}] == []&#10;  Left contains one more item: {'duration_sec': 0.128, 'echo': False, 'rms': 0.15810346603393555, 'threshold': 0.01, ...}&#10;  Use -v to get more diff">case = {'description': 'Clipped speaker output echo.', 'expectation': 'no_interrupt', 'importance': 'Small speakers clip assistant speech.', 'kind': 'echo_leak', ...}

    @pytest.mark.parametrize("case", ACTION_CASES, ids=lambda c: c["name"])
    def test_failure_discovery_corpus(case):
        audio = SAMPLES[case["name"]]
        expectation = case["expectation"]
    
        if expectation == "callback":
            callbacks = _callbacks_for_user_audio(audio)
            assert callbacks, case["description"]
            return
    
        if expectation == "no_callback":
            callbacks = _callbacks_for_user_audio(audio)
            assert callbacks == [], case["description"]
            return
    
        ref = SAMPLES[case["ref"]]
        if case["kind"] == "echo_control":
            interrupts = _interrupts_for_tts_leak(
                audio,
                ref,
                gate_sec=0.20,
                inter_chunk_delay=1024 / SR,
                zero_delays=False,
            )
        else:
            interrupts = _interrupts_for_tts_leak(audio, ref)
&gt;       assert interrupts == [], (
            f"{case['description']} Fired {len(interrupts)} false interrupt(s)."
        )
E       AssertionError: Clipped speaker output echo. Fired 1 false interrupt(s).
E       assert [{'duration_s...': 0.01, ...}] == []
E         Left contains one more item: {'duration_sec': 0.128, 'echo': False, 'rms': 0.15810346603393555, 'threshold': 0.01, ...}
E         Use -v to get more diff

tests/test_failure_discovery_audio.py:630: AssertionError</failure></testcase><testcase classname="tests.test_failure_discovery_audio" name="test_failure_discovery_corpus[echo_tts_with_background_tv]" time="0.265"><failure message="AssertionError: Assistant echo mixed with TV bed. Fired 1 false interrupt(s).&#10;assert [{'duration_s...': 0.01, ...}] == []&#10;  Left contains one more item: {'duration_sec': 0.128, 'echo': False, 'rms': 0.1376277059316635, 'threshold': 0.01, ...}&#10;  Use -v to get more diff">case = {'description': 'Assistant echo mixed with TV bed.', 'expectation': 'no_interrupt', 'importance': 'Real rooms contain background media during TTS.', 'kind': 'echo_leak', ...}

    @pytest.mark.parametrize("case", ACTION_CASES, ids=lambda c: c["name"])
    def test_failure_discovery_corpus(case):
        audio = SAMPLES[case["name"]]
        expectation = case["expectation"]
    
        if expectation == "callback":
            callbacks = _callbacks_for_user_audio(audio)
            assert callbacks, case["description"]
            return
    
        if expectation == "no_callback":
            callbacks = _callbacks_for_user_audio(audio)
            assert callbacks == [], case["description"]
            return
    
        ref = SAMPLES[case["ref"]]
        if case["kind"] == "echo_control":
            interrupts = _interrupts_for_tts_leak(
                audio,
                ref,
                gate_sec=0.20,
                inter_chunk_delay=1024 / SR,
                zero_delays=False,
            )
        else:
            interrupts = _interrupts_for_tts_leak(audio, ref)
&gt;       assert interrupts == [], (
            f"{case['description']} Fired {len(interrupts)} false interrupt(s)."
        )
E       AssertionError: Assistant echo mixed with TV bed. Fired 1 false interrupt(s).
E       assert [{'duration_s...': 0.01, ...}] == []
E         Left contains one more item: {'duration_sec': 0.128, 'echo': False, 'rms': 0.1376277059316635, 'threshold': 0.01, ...}
E         Use -v to get more diff

tests/test_failure_discovery_audio.py:630: AssertionError</failure></testcase><testcase classname="tests.test_failure_discovery_audio" name="test_failure_discovery_corpus[echo_tts_with_music_bed]" time="0.266"><failure message="AssertionError: Assistant echo mixed with music. Fired 1 false interrupt(s).&#10;assert [{'duration_s...': 0.01, ...}] == []&#10;  Left contains one more item: {'duration_sec': 0.128, 'echo': False, 'rms': 0.05337503179907799, 'threshold': 0.01, ...}&#10;  Use -v to get more diff">case = {'description': 'Assistant echo mixed with music.', 'expectation': 'no_interrupt', 'importance': 'Music can confuse VAD while echo is present.', 'kind': 'echo_leak', ...}

    @pytest.mark.parametrize("case", ACTION_CASES, ids=lambda c: c["name"])
    def test_failure_discovery_corpus(case):
        audio = SAMPLES[case["name"]]
        expectation = case["expectation"]
    
        if expectation == "callback":
            callbacks = _callbacks_for_user_audio(audio)
            assert callbacks, case["description"]
            return
    
        if expectation == "no_callback":
            callbacks = _callbacks_for_user_audio(audio)
            assert callbacks == [], case["description"]
            return
    
        ref = SAMPLES[case["ref"]]
        if case["kind"] == "echo_control":
            interrupts = _interrupts_for_tts_leak(
                audio,
                ref,
                gate_sec=0.20,
                inter_chunk_delay=1024 / SR,
                zero_delays=False,
            )
        else:
            interrupts = _interrupts_for_tts_leak(audio, ref)
&gt;       assert interrupts == [], (
            f"{case['description']} Fired {len(interrupts)} false interrupt(s)."
        )
E       AssertionError: Assistant echo mixed with music. Fired 1 false interrupt(s).
E       assert [{'duration_s...': 0.01, ...}] == []
E         Left contains one more item: {'duration_sec': 0.128, 'echo': False, 'rms': 0.05337503179907799, 'threshold': 0.01, ...}
E         Use -v to get more diff

tests/test_failure_discovery_audio.py:630: AssertionError</failure></testcase><testcase classname="tests.test_failure_discovery_audio" name="test_failure_discovery_corpus[echo_tts_with_babble_bed]" time="0.269"><failure message="AssertionError: Assistant echo mixed with distant people. Fired 1 false interrupt(s).&#10;assert [{'duration_s...': 0.01, ...}] == []&#10;  Left contains one more item: {'duration_sec': 0.128, 'echo': False, 'rms': 0.048496633768081665, 'threshold': 0.01, ...}&#10;  Use -v to get more diff">case = {'description': 'Assistant echo mixed with distant people.', 'expectation': 'no_interrupt', 'importance': 'Parties and meetings are hard echo cases.', 'kind': 'echo_leak', ...}

    @pytest.mark.parametrize("case", ACTION_CASES, ids=lambda c: c["name"])
    def test_failure_discovery_corpus(case):
        audio = SAMPLES[case["name"]]
        expectation = case["expectation"]
    
        if expectation == "callback":
            callbacks = _callbacks_for_user_audio(audio)
            assert callbacks, case["description"]
            return
    
        if expectation == "no_callback":
            callbacks = _callbacks_for_user_audio(audio)
            assert callbacks == [], case["description"]
            return
    
        ref = SAMPLES[case["ref"]]
        if case["kind"] == "echo_control":
            interrupts = _interrupts_for_tts_leak(
                audio,
                ref,
                gate_sec=0.20,
                inter_chunk_delay=1024 / SR,
                zero_delays=False,
            )
        else:
            interrupts = _interrupts_for_tts_leak(audio, ref)
&gt;       assert interrupts == [], (
            f"{case['description']} Fired {len(interrupts)} false interrupt(s)."
        )
E       AssertionError: Assistant echo mixed with distant people. Fired 1 false interrupt(s).
E       assert [{'duration_s...': 0.01, ...}] == []
E         Left contains one more item: {'duration_sec': 0.128, 'echo': False, 'rms': 0.048496633768081665, 'threshold': 0.01, ...}
E         Use -v to get more diff

tests/test_failure_discovery_audio.py:630: AssertionError</failure></testcase><testcase classname="tests.test_failure_discovery_audio" name="test_failure_discovery_corpus[echo_multi_path_two_reflections]" time="0.278"><failure message="AssertionError: Two dominant echo paths. Fired 1 false interrupt(s).&#10;assert [{'duration_s...': 0.01, ...}] == []&#10;  Left contains one more item: {'duration_sec': 0.128, 'echo': False, 'rms': 0.1729833334684372, 'threshold': 0.01, ...}&#10;  Use -v to get more diff">case = {'description': 'Two dominant echo paths.', 'expectation': 'no_interrupt', 'importance': 'Multi-path echo is more realistic than one delay.', 'kind': 'echo_leak', ...}

    @pytest.mark.parametrize("case", ACTION_CASES, ids=lambda c: c["name"])
    def test_failure_discovery_corpus(case):
        audio = SAMPLES[case["name"]]
        expectation = case["expectation"]
    
        if expectation == "callback":
            callbacks = _callbacks_for_user_audio(audio)
            assert callbacks, case["description"]
            return
    
        if expectation == "no_callback":
            callbacks = _callbacks_for_user_audio(audio)
            assert callbacks == [], case["description"]
            return
    
        ref = SAMPLES[case["ref"]]
        if case["kind"] == "echo_control":
            interrupts = _interrupts_for_tts_leak(
                audio,
                ref,
                gate_sec=0.20,
                inter_chunk_delay=1024 / SR,
                zero_delays=False,
            )
        else:
            interrupts = _interrupts_for_tts_leak(audio, ref)
&gt;       assert interrupts == [], (
            f"{case['description']} Fired {len(interrupts)} false interrupt(s)."
        )
E       AssertionError: Two dominant echo paths. Fired 1 false interrupt(s).
E       assert [{'duration_s...': 0.01, ...}] == []
E         Left contains one more item: {'duration_sec': 0.128, 'echo': False, 'rms': 0.1729833334684372, 'threshold': 0.01, ...}
E         Use -v to get more diff

tests/test_failure_discovery_audio.py:630: AssertionError</failure></testcase><testcase classname="tests.test_failure_discovery_audio" name="test_failure_discovery_corpus[echo_multi_path_three_reflections]" time="0.279"><failure message="AssertionError: Three dominant echo paths. Fired 1 false interrupt(s).&#10;assert [{'duration_s...': 0.01, ...}] == []&#10;  Left contains one more item: {'duration_sec': 0.128, 'echo': False, 'rms': 0.19788946211338043, 'threshold': 0.01, ...}&#10;  Use -v to get more diff">case = {'description': 'Three dominant echo paths.', 'expectation': 'no_interrupt', 'importance': 'Large rooms create several reflections.', 'kind': 'echo_leak', ...}

    @pytest.mark.parametrize("case", ACTION_CASES, ids=lambda c: c["name"])
    def test_failure_discovery_corpus(case):
        audio = SAMPLES[case["name"]]
        expectation = case["expectation"]
    
        if expectation == "callback":
            callbacks = _callbacks_for_user_audio(audio)
            assert callbacks, case["description"]
            return
    
        if expectation == "no_callback":
            callbacks = _callbacks_for_user_audio(audio)
            assert callbacks == [], case["description"]
            return
    
        ref = SAMPLES[case["ref"]]
        if case["kind"] == "echo_control":
            interrupts = _interrupts_for_tts_leak(
                audio,
                ref,
                gate_sec=0.20,
                inter_chunk_delay=1024 / SR,
                zero_delays=False,
            )
        else:
            interrupts = _interrupts_for_tts_leak(audio, ref)
&gt;       assert interrupts == [], (
            f"{case['description']} Fired {len(interrupts)} false interrupt(s)."
        )
E       AssertionError: Three dominant echo paths. Fired 1 false interrupt(s).
E       assert [{'duration_s...': 0.01, ...}] == []
E         Left contains one more item: {'duration_sec': 0.128, 'echo': False, 'rms': 0.19788946211338043, 'threshold': 0.01, ...}
E         Use -v to get more diff

tests/test_failure_discovery_audio.py:630: AssertionError</failure></testcase><testcase classname="tests.test_failure_discovery_audio" name="test_failure_discovery_corpus[echo_reverb_long_phrase_tail]" time="0.261"><failure message="AssertionError: Long TTS phrase with heavy tail. Fired 1 false interrupt(s).&#10;assert [{'duration_s...': 0.01, ...}] == []&#10;  Left contains one more item: {'duration_sec': 0.128, 'echo': False, 'rms': 0.08119175583124161, 'threshold': 0.01, ...}&#10;  Use -v to get more diff">case = {'description': 'Long TTS phrase with heavy tail.', 'expectation': 'no_interrupt', 'importance': 'Long assistant responses must not self-cancel.', 'kind': 'echo_leak', ...}

    @pytest.mark.parametrize("case", ACTION_CASES, ids=lambda c: c["name"])
    def test_failure_discovery_corpus(case):
        audio = SAMPLES[case["name"]]
        expectation = case["expectation"]
    
        if expectation == "callback":
            callbacks = _callbacks_for_user_audio(audio)
            assert callbacks, case["description"]
            return
    
        if expectation == "no_callback":
            callbacks = _callbacks_for_user_audio(audio)
            assert callbacks == [], case["description"]
            return
    
        ref = SAMPLES[case["ref"]]
        if case["kind"] == "echo_control":
            interrupts = _interrupts_for_tts_leak(
                audio,
                ref,
                gate_sec=0.20,
                inter_chunk_delay=1024 / SR,
                zero_delays=False,
            )
        else:
            interrupts = _interrupts_for_tts_leak(audio, ref)
&gt;       assert interrupts == [], (
            f"{case['description']} Fired {len(interrupts)} false interrupt(s)."
        )
E       AssertionError: Long TTS phrase with heavy tail. Fired 1 false interrupt(s).
E       assert [{'duration_s...': 0.01, ...}] == []
E         Left contains one more item: {'duration_sec': 0.128, 'echo': False, 'rms': 0.08119175583124161, 'threshold': 0.01, ...}
E         Use -v to get more diff

tests/test_failure_discovery_audio.py:630: AssertionError</failure></testcase><testcase classname="tests.test_failure_discovery_audio" name="test_failure_discovery_corpus[background_tv_news_anchor]" time="0.687"><failure message="AssertionError: TV news anchor-like broadband audio.&#10;assert [array([ 0.00...type=float32)] == []&#10;  Left contains one more item: array([ 0.00971873, -0.03316876,  0.02393442, ...,  0.        ,\n        0.        ,  0.        ], dtype=float32)&#10;  Use -v to get more diff">case = {'description': 'TV news anchor-like broadband audio.', 'expectation': 'no_callback', 'importance': 'TV speech must not become a user command.', 'kind': 'background', ...}

    @pytest.mark.parametrize("case", ACTION_CASES, ids=lambda c: c["name"])
    def test_failure_discovery_corpus(case):
        audio = SAMPLES[case["name"]]
        expectation = case["expectation"]
    
        if expectation == "callback":
            callbacks = _callbacks_for_user_audio(audio)
            assert callbacks, case["description"]
            return
    
        if expectation == "no_callback":
            callbacks = _callbacks_for_user_audio(audio)
&gt;           assert callbacks == [], case["description"]
E           AssertionError: TV news anchor-like broadband audio.
E           assert [array([ 0.00...type=float32)] == []
E             Left contains one more item: array([ 0.00971873, -0.03316876,  0.02393442, ...,  0.        ,\n        0.        ,  0.        ], dtype=float32)
E             Use -v to get more diff

tests/test_failure_discovery_audio.py:616: AssertionError</failure></testcase><testcase classname="tests.test_failure_discovery_audio" name="test_failure_discovery_corpus[background_tv_loud_commercial]" time="0.691"><failure message="AssertionError: Loud TV commercial burst.&#10;assert [array([ 0.01...type=float32)] == []&#10;  Left contains one more item: array([ 0.01518664, -0.05182773,  0.03739867, ...,  0.        ,\n        0.        ,  0.        ], dtype=float32)&#10;  Use -v to get more diff">case = {'description': 'Loud TV commercial burst.', 'expectation': 'no_callback', 'importance': 'Commercials are sudden and speech-like.', 'kind': 'background', ...}

    @pytest.mark.parametrize("case", ACTION_CASES, ids=lambda c: c["name"])
    def test_failure_discovery_corpus(case):
        audio = SAMPLES[case["name"]]
        expectation = case["expectation"]
    
        if expectation == "callback":
            callbacks = _callbacks_for_user_audio(audio)
            assert callbacks, case["description"]
            return
    
        if expectation == "no_callback":
            callbacks = _callbacks_for_user_audio(audio)
&gt;           assert callbacks == [], case["description"]
E           AssertionError: Loud TV commercial burst.
E           assert [array([ 0.01...type=float32)] == []
E             Left contains one more item: array([ 0.01518664, -0.05182773,  0.03739867, ...,  0.        ,\n        0.        ,  0.        ], dtype=float32)
E             Use -v to get more diff

tests/test_failure_discovery_audio.py:616: AssertionError</failure></testcase><testcase classname="tests.test_failure_discovery_audio" name="test_failure_discovery_corpus[background_podcast_far_field]" time="0.692"><failure message="AssertionError: Podcast playing across the room.&#10;assert [array([0.018...type=float32)] == []&#10;  Left contains one more item: array([0.01867158, 0.01719079, 0.01517614, ..., 0.        , 0.        ,\n       0.        ], dtype=float32)&#10;  Use -v to get more diff">case = {'description': 'Podcast playing across the room.', 'expectation': 'no_callback', 'importance': 'Single/few-speaker media can look voiced.', 'kind': 'background', ...}

    @pytest.mark.parametrize("case", ACTION_CASES, ids=lambda c: c["name"])
    def test_failure_discovery_corpus(case):
        audio = SAMPLES[case["name"]]
        expectation = case["expectation"]
    
        if expectation == "callback":
            callbacks = _callbacks_for_user_audio(audio)
            assert callbacks, case["description"]
            return
    
        if expectation == "no_callback":
            callbacks = _callbacks_for_user_audio(audio)
&gt;           assert callbacks == [], case["description"]
E           AssertionError: Podcast playing across the room.
E           assert [array([0.018...type=float32)] == []
E             Left contains one more item: array([0.01867158, 0.01719079, 0.01517614, ..., 0.        , 0.        ,\n       0.        ], dtype=float32)
E             Use -v to get more diff

tests/test_failure_discovery_audio.py:616: AssertionError</failure></testcase><testcase classname="tests.test_failure_discovery_audio" name="test_failure_discovery_corpus[background_party_babble]" time="0.702"><failure message="AssertionError: Party babble without direct user intent.&#10;assert [array([ 0.01...type=float32)] == []&#10;  Left contains one more item: array([ 0.01082264,  0.0038078 , -0.0036503 , ...,  0.        ,\n        0.        ,  0.        ], dtype=float32)&#10;  Use -v to get more diff">case = {'description': 'Party babble without direct user intent.', 'expectation': 'no_callback', 'importance': 'Multi-talker noise is common in homes.', 'kind': 'background', ...}

    @pytest.mark.parametrize("case", ACTION_CASES, ids=lambda c: c["name"])
    def test_failure_discovery_corpus(case):
        audio = SAMPLES[case["name"]]
        expectation = case["expectation"]
    
        if expectation == "callback":
            callbacks = _callbacks_for_user_audio(audio)
            assert callbacks, case["description"]
            return
    
        if expectation == "no_callback":
            callbacks = _callbacks_for_user_audio(audio)
&gt;           assert callbacks == [], case["description"]
E           AssertionError: Party babble without direct user intent.
E           assert [array([ 0.01...type=float32)] == []
E             Left contains one more item: array([ 0.01082264,  0.0038078 , -0.0036503 , ...,  0.        ,\n        0.        ,  0.        ], dtype=float32)
E             Use -v to get more diff

tests/test_failure_discovery_audio.py:616: AssertionError</failure></testcase><testcase classname="tests.test_failure_discovery_audio" name="test_failure_discovery_corpus[background_kids_room_babble]" time="0.704"><failure message="AssertionError: Children talking in another room.&#10;assert [array([0.025...type=float32)] == []&#10;  Left contains one more item: array([0.02595172, 0.01864822, 0.01055624, ..., 0.        , 0.        ,\n       0.        ], dtype=float32)&#10;  Use -v to get more diff">case = {'description': 'Children talking in another room.', 'expectation': 'no_callback', 'importance': 'Distant family speech should not trigger callbacks.', 'kind': 'background', ...}

    @pytest.mark.parametrize("case", ACTION_CASES, ids=lambda c: c["name"])
    def test_failure_discovery_corpus(case):
        audio = SAMPLES[case["name"]]
        expectation = case["expectation"]
    
        if expectation == "callback":
            callbacks = _callbacks_for_user_audio(audio)
            assert callbacks, case["description"]
            return
    
        if expectation == "no_callback":
            callbacks = _callbacks_for_user_audio(audio)
&gt;           assert callbacks == [], case["description"]
E           AssertionError: Children talking in another room.
E           assert [array([0.025...type=float32)] == []
E             Left contains one more item: array([0.02595172, 0.01864822, 0.01055624, ..., 0.        , 0.        ,\n       0.        ], dtype=float32)
E             Use -v to get more diff

tests/test_failure_discovery_audio.py:616: AssertionError</failure></testcase><testcase classname="tests.test_failure_discovery_audio" name="test_failure_discovery_corpus[background_music_120bpm]" time="0.682"><failure message="AssertionError: Rhythmic 120 bpm music.&#10;assert [array([-0.03...type=float32)] == []&#10;  Left contains one more item: array([-0.03196187, -0.01801331, -0.03546308, ...,  0.        ,\n        0.        ,  0.        ], dtype=float32)&#10;  Use -v to get more diff">case = {'description': 'Rhythmic 120 bpm music.', 'expectation': 'no_callback', 'importance': 'Beat envelopes can accumulate speech score.', 'kind': 'background', ...}

    @pytest.mark.parametrize("case", ACTION_CASES, ids=lambda c: c["name"])
    def test_failure_discovery_corpus(case):
        audio = SAMPLES[case["name"]]
        expectation = case["expectation"]
    
        if expectation == "callback":
            callbacks = _callbacks_for_user_audio(audio)
            assert callbacks, case["description"]
            return
    
        if expectation == "no_callback":
            callbacks = _callbacks_for_user_audio(audio)
&gt;           assert callbacks == [], case["description"]
E           AssertionError: Rhythmic 120 bpm music.
E           assert [array([-0.03...type=float32)] == []
[...]

tests/test_noise_robustness.py:124: AssertionError</failure></testcase><testcase classname="tests.test_noise_robustness.TestBabbleNoise" name="test_user_speech_over_babble_fires" time="0.288" /><testcase classname="tests.test_noise_robustness.TestNonstationaryNoise" name="test_environment_spike_with_babble_causes_false_positive" time="0.277"><failure message="AssertionError: 1 != 0 : Environment change (TV turns on mid-stream) must NOT fire barge-in. Got 1 false interrupt(s).  BUG: noise_floor=0.01 is stale; TV speech at 0.08 RMS passes the gate.  FIX: Dynamically update noise_floor during idle / non-speaking periods.">self = &lt;tests.test_noise_robustness.TestNonstationaryNoise testMethod=test_environment_spike_with_babble_causes_false_positive&gt;

    def test_environment_spike_with_babble_causes_false_positive(self):
        """
        Calibrated to quiet (noise_floor=0.01).  TV turns on at 0.08 RMS with
        speech content.  Silero detects the TV speech as voiced → barge-in fires.
    
        CURRENTLY FAILS: this is the most common real-world false-positive.
    
        FIX: Implement dynamic noise floor update.  During idle periods
        (between TTS turns), continuously update the noise floor as an
        exponential moving average of the measured RMS.
        """
        _skip_if_no_fsdd()
        # Quiet period followed by TV speech (babble) turning on
        noise = nonstationary_noise(
            3.0,
            quiet_amplitude=0.005,
            loud_amplitude=0.08,
            transition_at=0.4,
        )
        # Replace the loud half with real babble speech to trigger Silero
        babble = babble_noise(3.0, amplitude=0.08, num_speakers=3)
        transition = int(0.4 * 3.0 * SR)
        noise[transition:] = babble[transition:]
    
        interrupts = []
        rec = make_recorder(on_interrupt=lambda info=None: interrupts.append(info))
        rec._noise_floor = 0.01  # calibrated to quiet
    
        with AudioHarness(rec) as h:
            h.set_tts_speaking()
            h.inject(noise)
            h.drain(timeout=6.0)
    
&gt;       self.assertEqual(
            len(interrupts), 0,
            f"Environment change (TV turns on mid-stream) must NOT fire barge-in. "
            f"Got {len(interrupts)} false interrupt(s).  "
            f"BUG: noise_floor=0.01 is stale; TV speech at 0.08 RMS passes the gate.  "
            f"FIX: Dynamically update noise_floor during idle / non-speaking periods.",
        )
E       AssertionError: 1 != 0 : Environment change (TV turns on mid-stream) must NOT fire barge-in. Got 1 false interrupt(s).  BUG: noise_floor=0.01 is stale; TV speech at 0.08 RMS passes the gate.  FIX: Dynamically update noise_floor during idle / non-speaking periods.

tests/test_noise_robustness.py:255: AssertionError</failure></testcase><testcase classname="tests.test_noise_robustness.TestNonstationaryNoise" name="test_hvac_noise_spike_fires_energy_path_without_calibration" time="0.307" /><testcase classname="tests.test_noise_robustness.TestNonstationaryNoise" name="test_quiet_noise_spike_white_noise_does_not_fire" time="0.303" /><testcase classname="tests.test_noise_robustness.TestMusicNoise" name="test_background_music_does_not_fire_without_calibration" time="0.303" /><testcase classname="tests.test_noise_robustness.TestMusicNoise" name="test_music_calibrated_does_not_fire" time="0.279" /><testcase classname="tests.test_noise_robustness.TestTransientSounds" name="test_high_amplitude_noise_fires_energy_path_without_calibration" time="0.856" /><testcase classname="tests.test_noise_robustness.TestTransientSounds" name="test_many_plosives_do_not_accumulate_with_soft_decay" time="0.286" /><testcase classname="tests.test_noise_robustness.TestTransientSounds" name="test_plosive_bursts_do_not_fire" time="0.292" /><testcase classname="tests.test_noise_robustness.TestTransientSounds" name="test_white_noise_silero_rejects_as_unvoiced" time="0.861" /><testcase classname="tests.test_noise_robustness.TestSNRBoundary" name="test_noise_only_5s_fires_without_calibration_energy_bug" time="0.936" /><testcase classname="tests.test_noise_robustness.TestSNRBoundary" name="test_noise_only_5s_never_fires_when_calibrated" time="0.837" /><testcase classname="tests.test_noise_robustness.TestSNRBoundary" name="test_speech_at_plus_12db_snr_fires" time="0.575" /><testcase classname="tests.test_noise_robustness.TestSNRBoundary" name="test_speech_at_plus_6db_snr_fires" time="0.584" /><testcase classname="tests.test_profiles.TestRuntimeProfiles" name="test_profile_latency_budgets_shape" time="0.000" /><testcase classname="tests.test_profiles.TestRuntimeProfiles" name="test_profiles_exist" time="0.000" /><testcase classname="tests.test_profiles.TestRuntimeProfiles" name="test_validate_profile_transport_config" time="0.000" /><testcase classname="tests.test_profiles.TestRuntimeProfiles" name="test_validate_profile_transport_config_flags_risky_combo" time="0.000" /><testcase classname="tests.test_profiles.TestRuntimeProfiles" name="test_validate_runtime_config_accepts_typical_values" time="0.000" /><testcase classname="tests.test_profiles.TestRuntimeProfiles" name="test_validate_runtime_config_rejects_invalid_values" time="0.000" /><testcase classname="tests.test_real_world_failures.TestShortCommandDelivery" name="test_300ms_command_fires_callback" time="0.402" /><testcase classname="tests.test_real_world_failures.TestShortCommandDelivery" name="test_400ms_command_fires_callback" time="0.428" /><testcase classname="tests.test_real_world_failures.TestShortCommandDelivery" name="test_600ms_utterance_fires_callback" time="0.415" /><testcase classname="tests.test_real_world_failures.TestWakewordExpiry" name="test_wakeword_arm_expires_after_timeout" time="1.876" /><testcase classname="tests.test_real_world_failures.TestWakewordExpiry" name="test_wakeword_arm_fires_before_timeout" time="0.398" /><testcase classname="tests.test_real_world_failures.TestCallbackExceptionRecovery" name="test_callback_exception_does_not_crash_worker" time="1.029" /><testcase classname="tests.test_real_world_failures.TestCallbackExceptionRecovery" name="test_state_after_callback_exception_is_idle" time="0.904" /><testcase classname="tests.test_real_world_failures.TestBackgroundSpeechRejection" name="test_tv_speech_does_not_fire_bargein_when_calibrated_to_tv_level" time="0.272" /><testcase classname="tests.test_real_world_failures.TestBackgroundSpeechRejection" name="test_user_speech_fires_when_calibrated_above_tv" time="0.273" /><testcase classname="tests.test_real_world_failures.TestBargeInWithEchoPresent" name="test_pure_echo_without_user_speech_blocked" time="0.281" /><testcase classname="tests.test_real_world_failures.TestBargeInWithEchoPresent" name="test_user_speech_plus_low_echo_fires_bargein" time="0.273" /><testcase classname="tests.test_real_world_failures.TestRealWorldCorrectionScenarios" name="test_barge_in_latency_under_400ms" time="0.283" /><testcase classname="tests.test_real_world_failures.TestRealWorldCorrectionScenarios" name="test_captured_audio_has_usable_speech_content" time="0.464" /><testcase classname="tests.test_real_world_failures.TestRealWorldCorrectionScenarios" name="test_consecutive_barge_ins_both_fire" time="0.365" /><testcase classname="tests.test_real_world_failures.TestRealWorldCorrectionScenarios" name="test_rapid_succession_two_wakewords_two_callbacks" time="1.013" /><testcase classname="tests.test_real_world_failures.TestRealWorldCorrectionScenarios" name="test_silence_between_wakeword_and_speech_does_not_close_gate" time="0.387" /><testcase classname="tests.test_real_world_failures.TestRealWorldCorrectionScenarios" name="test_user_corrects_themselves_with_pause" time="0.400" /><testcase classname="tests.test_recorded_sessions.TestRecordingInfrastructure" name="test_recordings_dir_exists" time="0.000" /><testcase classname="tests.test_recorded_sessions.TestRecordingInfrastructure" name="test_aggregate_json_schema" time="0.000" /><testcase classname="tests.test_recorded_sessions.TestRecordingInfrastructure" name="test_session_metadata_schema" time="0.001" /><testcase classname="tests.test_recorded_sessions.TestRecordingInfrastructure" name="test_turn_annotations_and_optional_latency_schema" time="0.001" /><testcase classname="tests.test_recorded_sessions.TestRecordingInfrastructure" name="test_false_positive_rate_acceptable" time="0.000" /><testcase classname="tests.test_replay_bargein.TestReplayBargeInReliability" name="test_layered_policy_blocks_unvoiced_without_partial" time="0.000" /><testcase classname="tests.test_replay_bargein.TestReplayBargeInReliability" name="test_overlapping_user_speech_should_trigger" time="0.000" /><testcase classname="tests.test_replay_bargein.TestReplayBargeInReliability" name="test_tv_like_echo_should_not_trigger" time="0.000" /><testcase classname="tests.test_runtime_profiles.TestRuntimeLayerProfiles" name="test_llm_generation_profiles_present" time="0.000" /><testcase classname="tests.test_runtime_profiles.TestRuntimeLayerProfiles" name="test_resolve_stt_runtime_edge" time="0.000" /><testcase classname="tests.test_runtime_profiles.TestRuntimeLayerProfiles" name="test_resolve_stt_runtime_override_model" time="0.000" /><testcase classname="tests.test_session_recorder" name="test_on_tts_start_twice_flushes_previous_turn" time="0.000" /><testcase classname="tests.test_session_recorder" name="test_on_tts_end_only_single_chunk" time="0.000" /><testcase classname="tests.test_session_recorder" name="test_attach_recorder_hooks_idempotent" time="0.000" /><testcase classname="tests.test_session_recorder" name="test_save_writes_turn_npy_and_json" time="0.002" /><testcase classname="tests.test_session_recorder" name="test_save_without_attachment_uses_target_sr_for_metadata" time="0.001" /><testcase classname="tests.test_stt.TestWhisperSTT" name="test_model_initialized" time="0.000" /><testcase classname="tests.test_stt.TestWhisperSTT" name="test_singleton_pattern" time="0.000" /><testcase classname="tests.test_stt.TestWhisperSTT" name="test_transcribe_audio_function" time="0.002" /><testcase classname="tests.test_stt.TestWhisperSTT" name="test_transcribe_empty_array" time="0.000" /><testcase classname="tests.test_stt.TestWhisperSTT" name="test_transcribe_noise" time="0.007" /><testcase classname="tests.test_stt.TestWhisperSTT" name="test_transcribe_silence" time="0.004" /><testcase classname="tests.test_stt.TestWhisperSTT" name="test_transcribe_synthetic_tone" time="0.004" /><testcase classname="tests.test_stt.TestModelTypes" name="test_invalid_model_type" time="0.000" /><testcase classname="tests.test_transports.TestSessionMux" name="test_hybrid_broadcast" time="0.000" /><testcase classname="tests.test_transports.TestSessionMux" name="test_local_mode_activation" time="0.000" /><testcase classname="tests.test_transports.TestSessionMux" name="test_webrtc_mode_activation" time="0.000" /><testcase classname="tests.test_tts_self_interrupt.TestSelfInterruptPrevention" name="test_high_rms_tts_echo_does_not_fire" time="0.341" /><testcase classname="tests.test_tts_self_interrupt.TestSelfInterruptPrevention" name="test_realistic_tts_echo_does_not_fire" time="0.270" /><testcase classname="tests.test_tts_self_interrupt.TestSelfInterruptPrevention" name="test_tts_echo_attenuated_12db_does_not_fire" time="0.278" /><testcase classname="tests.test_tts_self_interrupt.TestSelfInterruptPrevention" name="test_tts_echo_attenuated_6db_does_not_fire" time="0.277" /><testcase classname="tests.test_tts_self_interrupt.TestSelfInterruptPrevention" name="test_tts_echo_identical_does_not_fire" time="0.280" /><testcase classname="tests.test_tts_self_interrupt.TestAdaptiveThresholdFiring" name="test_human_voice_fires_despite_loud_tts_reference" time="0.276" /><testcase classname="tests.test_tts_self_interrupt.TestAdaptiveThresholdFiring" name="test_voiced_speech_synthetic_fires_with_tts_reference" time="0.303" /><testcase classname="tests.test_tts_self_interrupt.TestRealWorldEchoScenario" name="test_tts_echo_alone_does_not_fire_with_reference" time="0.837" /><testcase classname="tests.test_tts_self_interrupt.TestRealWorldEchoScenario" name="test_user_speech_over_tts_echo_fires_once" time="0.578" /><testcase classname="tests.test_tts_self_interrupt.TestEchoFloorGate" name="test_echo_floor_baseline_not_set_when_gate_is_zero" time="0.164" /><testcase classname="tests.test_tts_self_interrupt.TestEchoFloorGate" name="test_tts_echo_alone_blocked_by_echo_floor" time="1.840" /><testcase classname="tests.test_tts_self_interrupt.TestEchoFloorGate" name="test_user_speech_above_echo_floor_fires" time="0.543" /><testcase classname="tests.test_turn_detector.TestTurnDetector" name="test_max_endpoint_timeout_ends_turn" time="0.011" /><testcase classname="tests.test_turn_detector.TestTurnDetector" name="test_recent_partial_blocks_turn_end" time="0.000" /><testcase classname="tests.test_vad_accuracy.TestSileroOnRealHumanVoice" name="test_george_digit1" time="0.067" /><testcase classname="tests.test_vad_accuracy.TestSileroOnRealHumanVoice" name="test_jackson_digit1" time="0.006" /><testcase classname="tests.test_vad_accuracy.TestSileroOnRealHumanVoice" name="test_jackson_digit2" time="0.006" /><testcase classname="tests.test_vad_accuracy.TestSileroOnRealHumanVoice" name="test_jackson_digit3" time="0.006" /><testcase classname="tests.test_vad_accuracy.TestSileroOnRealHumanVoice" name="test_nicolas_digit1" time="0.006" /><testcase classname="tests.test_vad_accuracy.TestSileroOnRealHumanVoice" name="test_silero_uses_barge_in_threshold" time="0.015" /><testcase classname="tests.test_vad_accuracy.TestSileroRejectsNonSpeech" name="test_pink_noise_not_voiced" time="0.010" /><testcase classname="tests.test_vad_accuracy.TestSileroRejectsNonSpeech" name="test_pure_sine_1khz_not_voiced" time="0.010" /><testcase classname="tests.test_vad_accuracy.TestSileroRejectsNonSpeech" name="test_pure_sine_440hz_not_voiced" time="0.010" /><testcase classname="tests.test_vad_accuracy.TestSileroRejectsNonSpeech" name="test_silence_not_voiced" time="0.010" /><testcase classname="tests.test_vad_accuracy.TestSileroRejectsNonSpeech" name="test_synthetic_harmonic_stack_low_voiced" time="0.010" /><testcase classname="tests.test_vad_accuracy.TestSileroRejectsNonSpeech" name="test_white_noise_not_voiced" time="0.011" /><testcase classname="tests.test_vad_accuracy.TestSileroAccuracyVsEnergyPath" name="test_human_voice_at_moderate_amplitude_still_voiced" time="0.006" /><testcase classname="tests.test_vad_accuracy.TestSileroAccuracyVsEnergyPath" name="test_silero_and_energy_paths_disagree_on_synthetic_speech" time="0.011" /><testcase classname="tests.test_vad_accuracy.TestSileroAccuracyVsEnergyPath" name="test_synthetic_speech_at_low_amplitude_not_voiced" time="0.006" /><testcase classname="tests.test_voice_gate.TestVoiceGateHelpers" name="test_sample_rate_candidates_ignore_invalid_values" time="0.000" /><testcase classname="tests.test_voice_gate.TestVoiceGateHelpers" name="test_sample_rate_candidates_prioritize_and_dedupe" time="0.000" /><testcase classname="tests.test_voice_gate.TestVoiceGateHelpers" name="test_validate_wakeword_name_accepts_known" time="0.000" /><testcase classname="tests.test_voice_gate.TestVoiceGateHelpers" name="test_validate_wakeword_name_rejects_unknown" time="0.000" /><testcase classname="tests.test_voice_variability.TestMicDistance" name="test_close_range_does_not_false_positive_after_fire" time="0.304" /><testcase classname="tests.test_voice_variability.TestMicDistance" name="test_far_distance_speech_still_fires" time="0.277" /><testcase classname="tests.test_voice_variability.TestMicDistance" name="test_loud_speech_fires" time="0.558" /><testcase classname="tests.test_voice_variability.TestMicDistance" name="test_normal_distance_fires" time="0.841" /><testcase classname="tests.test_voice_variability.TestMicDistance" name="test_whispered_speech_fires_barge_in" time="0.278"><failure message="AssertionError: 0 not greater than 0 : Whispered speech (amplitude=0.03) must trigger barge-in.  Got 0 interrupts.  BUG: Whispers are below the noise gate AND below Silero's 0.80 confidence threshold in barge-in mode.  FIX: Lower barge-in Silero threshold to 0.60, or implement AGC so weak signals are amplified before gating.">self = &lt;tests.test_voice_variability.TestMicDistance testMethod=test_whispered_speech_fires_barge_in&gt;

    def test_whispered_speech_fires_barge_in(self):
        """
        Whispered speech at amplitude=0.03 (very low, barely audible).
    
        CURRENTLY FAILS: whisper RMS &lt; vad_threshold * 3 = 0.03 and Silero
        scores unvoiced fricatives &lt; 0.80 barge-in threshold → never accumulates.
        Users who whisper "stop" get no response.
    
        FIX: Lower Silero barge-in threshold for whisper mode, or implement AGC.
        """
        audio = human_voice_concat(1.5, amplitude=0.03)
    
        interrupts = []
        rec = make_recorder(on_interrupt=lambda info=None: interrupts.append(info))
    
        with AudioHarness(rec) as h:
            h.set_tts_speaking()
            h.inject(audio)
            h.drain(timeout=4.0)
    
&gt;       self.assertGreater(
            len(interrupts), 0,
            f"Whispered speech (amplitude=0.03) must trigger barge-in.  "
            f"Got 0 interrupts.  "
            f"BUG: Whispers are below the noise gate AND below Silero's 0.80 "
            f"confidence threshold in barge-in mode.  "
            f"FIX: Lower barge-in Silero threshold to 0.60, or implement AGC "
            f"so weak signals are amplified before gating.",
        )
E       AssertionError: 0 not greater than 0 : Whispered speech (amplitude=0.03) must trigger barge-in.  Got 0 interrupts.  BUG: Whispers are below the noise gate AND below Silero's 0.80 confidence threshold in barge-in mode.  FIX: Lower barge-in Silero threshold to 0.60, or implement AGC so weak signals are amplified before gating.

tests/test_voice_variability.py:164: AssertionError</failure></testcase><testcase classname="tests.test_voice_variability.TestClippedSpeech" name="test_clipped_speech_does_not_false_block_via_echo_gate" time="0.299" /><testcase classname="tests.test_voice_variability.TestClippedSpeech" name="test_clipped_speech_fires_via_energy" time="0.272" /><testcase classname="tests.test_voice_variability.TestSpeakingStyleVariation" name="test_fast_speaking_rate_fires" time="0.277" /><testcase classname="tests.test_voice_variability.TestSpeakingStyleVariation" name="test_high_pitch_female_fires" time="0.277" /><testcase classname="tests.test_voice_variability.TestSpeakingStyleVariation" name="test_low_pitch_male_fires" time="0.309" /><testcase classname="tests.test_voice_variability.TestSpeakingStyleVariation" name="test_slow_speaking_rate_fires" time="0.275" /><testcase classname="tests.test_voice_variability.TestSpeakingStyleVariation" name="test_very_slow_speech_with_long_pauses" time="0.272" /><testcase classname="tests.test_voice_variability.TestRapidCommands" name="test_rapid_successive_utterances_both_delivered" time="1.232" /><testcase classname="tests.test_voice_variability.TestRapidCommands" name="test_sequential_turns_after_bargein_both_delivered" time="0.907" /><testcase classname="tests.test_voice_variability.TestCrossSpeakerCallbackDelivery" name="test_all_speakers_produce_callbacks_after_tts" time="6.669" /><testcase classname="tests.test_voice_variability.TestCrossSpeakerCallbackDelivery" name="test_captured_audio_rms_reasonable" time="6.650" /><testcase classname="tests.test_wakeword_service.TestWakewordService" name="test_local_service_emits_event" time="0.001" /></testsuite></testsuites>