<?xml version="1.0" encoding="utf-8"?><testsuites><testsuite name="pytest" errors="0" failures="0" skipped="0" tests="22" time="9.324" timestamp="2026-05-02T18:17:44.905624" hostname="dobo-ROG-Strix-G634JY-G634JY"><testcase classname="tests.test_conversation_simulation" name="test_happy_path_streams_llm_sentences_to_tts" time="0.569" /><testcase classname="tests.test_conversation_simulation" name="test_stop_command_short_circuits_llm_and_tts" time="0.493" /><testcase classname="tests.test_conversation_simulation" name="test_quit_command_shuts_down_without_llm" time="0.484" /><testcase classname="tests.test_conversation_simulation" name="test_stop_near_miss_still_routes_to_llm" time="0.497" /><testcase classname="tests.test_conversation_simulation" name="test_time_request_uses_capability_instead_of_llm" time="0.492" /><testcase classname="tests.test_conversation_simulation" name="test_user_barge_in_cancels_streaming_tts" time="0.737" /><testcase classname="tests.test_conversation_simulation" name="test_partial_stop_fast_path_stops_tts" time="0.642" /><testcase classname="tests.test_conversation_simulation" name="test_tts_self_echo_does_not_trigger_barge_in" time="0.860" /><testcase classname="tests.test_conversation_simulation" name="test_noisy_room_still_completes_conversation" time="0.979" /><testcase classname="tests.test_conversation_simulation" name="test_wakeword_gate_blocks_then_allows_conversation" time="0.963" /><testcase classname="tests.test_profiles.TestRuntimeProfiles" name="test_profile_latency_budgets_shape" time="0.001" /><testcase classname="tests.test_profiles.TestRuntimeProfiles" name="test_profiles_exist" time="0.001" /><testcase classname="tests.test_profiles.TestRuntimeProfiles" name="test_validate_profile_transport_config" time="0.001" /><testcase classname="tests.test_profiles.TestRuntimeProfiles" name="test_validate_profile_transport_config_flags_risky_combo" time="0.000" /><testcase classname="tests.test_profiles.TestRuntimeProfiles" name="test_validate_runtime_config_accepts_typical_values" time="0.000" /><testcase classname="tests.test_profiles.TestRuntimeProfiles" name="test_validate_runtime_config_rejects_invalid_values" time="0.000" /><testcase classname="tests.test_test_runner_quality" name="test_stage_registry_has_expected_quality_gates" time="0.000" /><testcase classname="tests.test_test_runner_quality" name="test_stage_pytest_args_are_predictable" time="0.000" /><testcase classname="tests.test_test_runner_quality" name="test_report_parser_extracts_junit_failures" time="0.001" /><testcase classname="tests.test_test_runner_quality" name="test_report_parser_classifies_ungated_background_as_unsolvable" time="0.001" /><testcase classname="tests.test_test_runner_quality" name="test_duplicate_scanner_reports_audio_corpora" time="0.193" /><testcase classname="tests.test_test_runner_quality" name="test_runner_reports_are_json_serializable" time="0.076" /></testsuite></testsuites>