<?xml version="1.0" encoding="utf-8"?><testsuites><testsuite name="pytest" errors="0" failures="20" skipped="0" tests="24" time="10.138" timestamp="2026-05-02T16:28:52.984473" hostname="dobo-ROG-Strix-G634JY-G634JY"><testcase classname="tests.test_failure_discovery_audio" name="test_local_failure_samples_are_saved" time="0.001" /><testcase classname="tests.test_failure_discovery_audio" name="test_saved_samples_are_16khz_float32" time="0.000" /><testcase classname="tests.test_failure_discovery_audio" name="test_failure_discovery_corpus[control_synthetic_zero_lag_tts]" time="1.762" /><testcase classname="tests.test_failure_discovery_audio" name="test_failure_discovery_corpus[echo_phone_table_30cm]" time="0.334"><failure message="AssertionError: Phone lying beside laptop speaker. Fired 1 false interrupt(s).&#10;assert [{'duration_s...': 0.01, ...}] == []&#10;  Left contains one more item: {'duration_sec': 0.128, 'echo': False, 'rms': 0.2070034295320511, 'threshold': 0.01, ...}&#10;  Use -v to get more diff">case = {'description': 'Phone lying beside laptop speaker.', 'expectation': 'no_interrupt', 'importance': 'Common desk setup; tiny delay should still be echo.', 'kind': 'echo_leak', ...}

    @pytest.mark.parametrize("case", ACTION_CASES, ids=lambda c: c["name"])
    def test_failure_discovery_corpus(case):
        audio = SAMPLES[case["name"]]
        expectation = case["expectation"]
    
        if expectation == "callback":
            callbacks = _callbacks_for_user_audio(audio)
            assert callbacks, case["description"]
            return
    
        if expectation == "no_callback":
            callbacks = _callbacks_for_user_audio(audio)
            assert callbacks == [], case["description"]
            return
    
        ref = SAMPLES[case["ref"]]
        if case["kind"] == "echo_control":
            interrupts = _interrupts_for_tts_leak(
                audio,
                ref,
                gate_sec=0.20,
                inter_chunk_delay=1024 / SR,
                zero_delays=False,
            )
        else:
            interrupts = _interrupts_for_tts_leak(audio, ref)
&gt;       assert interrupts == [], (
            f"{case['description']} Fired {len(interrupts)} false interrupt(s)."
        )
E       AssertionError: Phone lying beside laptop speaker. Fired 1 false interrupt(s).
E       assert [{'duration_s...': 0.01, ...}] == []
E         Left contains one more item: {'duration_sec': 0.128, 'echo': False, 'rms': 0.2070034295320511, 'threshold': 0.01, ...}
E         Use -v to get more diff

tests/test_failure_discovery_audio.py:374: AssertionError</failure></testcase><testcase classname="tests.test_failure_discovery_audio" name="test_failure_discovery_corpus[echo_laptop_mic_70cm]" time="0.278"><failure message="AssertionError: Laptop speaker to built-in microphone path. Fired 1 false interrupt(s).&#10;assert [{'duration_s...': 0.01, ...}] == []&#10;  Left contains one more item: {'duration_sec': 0.128, 'echo': False, 'rms': 0.17284372448921204, 'threshold': 0.01, ...}&#10;  Use -v to get more diff">case = {'description': 'Laptop speaker to built-in microphone path.', 'expectation': 'no_interrupt', 'importance': 'Most likely desktop deployment false-interrupt path.', 'kind': 'echo_leak', ...}

    @pytest.mark.parametrize("case", ACTION_CASES, ids=lambda c: c["name"])
    def test_failure_discovery_corpus(case):
        audio = SAMPLES[case["name"]]
        expectation = case["expectation"]
    
        if expectation == "callback":
            callbacks = _callbacks_for_user_audio(audio)
            assert callbacks, case["description"]
            return
    
        if expectation == "no_callback":
            callbacks = _callbacks_for_user_audio(audio)
            assert callbacks == [], case["description"]
            return
    
        ref = SAMPLES[case["ref"]]
        if case["kind"] == "echo_control":
            interrupts = _interrupts_for_tts_leak(
                audio,
                ref,
                gate_sec=0.20,
                inter_chunk_delay=1024 / SR,
                zero_delays=False,
            )
        else:
            interrupts = _interrupts_for_tts_leak(audio, ref)
&gt;       assert interrupts == [], (
            f"{case['description']} Fired {len(interrupts)} false interrupt(s)."
        )
E       AssertionError: Laptop speaker to built-in microphone path. Fired 1 false interrupt(s).
E       assert [{'duration_s...': 0.01, ...}] == []
E         Left contains one more item: {'duration_sec': 0.128, 'echo': False, 'rms': 0.17284372448921204, 'threshold': 0.01, ...}
E         Use -v to get more diff

tests/test_failure_discovery_audio.py:374: AssertionError</failure></testcase><testcase classname="tests.test_failure_discovery_audio" name="test_failure_discovery_corpus[echo_smart_speaker_2m]" time="0.276"><failure message="AssertionError: Smart speaker two metres from user microphone. Fired 1 false interrupt(s).&#10;assert [{'duration_s...': 0.01, ...}] == []&#10;  Left contains one more item: {'duration_sec': 0.128, 'echo': False, 'rms': 0.1532914638519287, 'threshold': 0.01, ...}&#10;  Use -v to get more diff">case = {'description': 'Smart speaker two metres from user microphone.', 'expectation': 'no_interrupt', 'importance': 'Typical living-room propagation delay.', 'kind': 'echo_leak', ...}

    @pytest.mark.parametrize("case", ACTION_CASES, ids=lambda c: c["name"])
    def test_failure_discovery_corpus(case):
        audio = SAMPLES[case["name"]]
        expectation = case["expectation"]
    
        if expectation == "callback":
            callbacks = _callbacks_for_user_audio(audio)
            assert callbacks, case["description"]
            return
    
        if expectation == "no_callback":
            callbacks = _callbacks_for_user_audio(audio)
            assert callbacks == [], case["description"]
            return
    
        ref = SAMPLES[case["ref"]]
        if case["kind"] == "echo_control":
            interrupts = _interrupts_for_tts_leak(
                audio,
                ref,
                gate_sec=0.20,
                inter_chunk_delay=1024 / SR,
                zero_delays=False,
            )
        else:
            interrupts = _interrupts_for_tts_leak(audio, ref)
&gt;       assert interrupts == [], (
            f"{case['description']} Fired {len(interrupts)} false interrupt(s)."
        )
E       AssertionError: Smart speaker two metres from user microphone. Fired 1 false interrupt(s).
E       assert [{'duration_s...': 0.01, ...}] == []
E         Left contains one more item: {'duration_sec': 0.128, 'echo': False, 'rms': 0.1532914638519287, 'threshold': 0.01, ...}
E         Use -v to get more diff

tests/test_failure_discovery_audio.py:374: AssertionError</failure></testcase><testcase classname="tests.test_failure_discovery_audio" name="test_failure_discovery_corpus[echo_kitchen_counter_tile]" time="0.278"><failure message="AssertionError: Kitchen counter with hard tile reflections. Fired 1 false interrupt(s).&#10;assert [{'duration_s...': 0.01, ...}] == []&#10;  Left contains one more item: {'duration_sec': 0.128, 'echo': False, 'rms': 0.0753880962729454, 'threshold': 0.01, ...}&#10;  Use -v to get more diff">case = {'description': 'Kitchen counter with hard tile reflections.', 'expectation': 'no_interrupt', 'importance': 'Hard reflective rooms are common and noisy.', 'kind': 'echo_leak', ...}

    @pytest.mark.parametrize("case", ACTION_CASES, ids=lambda c: c["name"])
    def test_failure_discovery_corpus(case):
        audio = SAMPLES[case["name"]]
        expectation = case["expectation"]
    
        if expectation == "callback":
            callbacks = _callbacks_for_user_audio(audio)
            assert callbacks, case["description"]
            return
    
        if expectation == "no_callback":
            callbacks = _callbacks_for_user_audio(audio)
            assert callbacks == [], case["description"]
            return
    
        ref = SAMPLES[case["ref"]]
        if case["kind"] == "echo_control":
            interrupts = _interrupts_for_tts_leak(
                audio,
                ref,
                gate_sec=0.20,
                inter_chunk_delay=1024 / SR,
                zero_delays=False,
            )
        else:
            interrupts = _interrupts_for_tts_leak(audio, ref)
&gt;       assert interrupts == [], (
            f"{case['description']} Fired {len(interrupts)} false interrupt(s)."
        )
E       AssertionError: Kitchen counter with hard tile reflections. Fired 1 false interrupt(s).
E       assert [{'duration_s...': 0.01, ...}] == []
E         Left contains one more item: {'duration_sec': 0.128, 'echo': False, 'rms': 0.0753880962729454, 'threshold': 0.01, ...}
E         Use -v to get more diff

tests/test_failure_discovery_audio.py:374: AssertionError</failure></testcase><testcase classname="tests.test_failure_discovery_audio" name="test_failure_discovery_corpus[echo_bathroom_tile]" time="0.280"><failure message="AssertionError: Bathroom tile reverberation. Fired 1 false interrupt(s).&#10;assert [{'duration_s...': 0.01, ...}] == []&#10;  Left contains one more item: {'duration_sec': 0.128, 'echo': False, 'rms': 0.06440238654613495, 'threshold': 0.01, ...}&#10;  Use -v to get more diff">case = {'description': 'Bathroom tile reverberation.', 'expectation': 'no_interrupt', 'importance': 'Worst-case reverb tail should not self-interrupt.', 'kind': 'echo_leak', ...}

    @pytest.mark.parametrize("case", ACTION_CASES, ids=lambda c: c["name"])
    def test_failure_discovery_corpus(case):
        audio = SAMPLES[case["name"]]
        expectation = case["expectation"]
    
        if expectation == "callback":
            callbacks = _callbacks_for_user_audio(audio)
            assert callbacks, case["description"]
            return
    
        if expectation == "no_callback":
            callbacks = _callbacks_for_user_audio(audio)
            assert callbacks == [], case["description"]
            return
    
        ref = SAMPLES[case["ref"]]
        if case["kind"] == "echo_control":
            interrupts = _interrupts_for_tts_leak(
                audio,
                ref,
                gate_sec=0.20,
                inter_chunk_delay=1024 / SR,
                zero_delays=False,
            )
        else:
            interrupts = _interrupts_for_tts_leak(audio, ref)
&gt;       assert interrupts == [], (
            f"{case['description']} Fired {len(interrupts)} false interrupt(s)."
        )
E       AssertionError: Bathroom tile reverberation. Fired 1 false interrupt(s).
E       assert [{'duration_s...': 0.01, ...}] == []
E         Left contains one more item: {'duration_sec': 0.128, 'echo': False, 'rms': 0.06440238654613495, 'threshold': 0.01, ...}
E         Use -v to get more diff

tests/test_failure_discovery_audio.py:374: AssertionError</failure></testcase><testcase classname="tests.test_failure_discovery_audio" name="test_failure_discovery_corpus[echo_hallway_far_wall]" time="0.272"><failure message="AssertionError: Hallway far-wall assistant reflection. Fired 1 false interrupt(s).&#10;assert [{'duration_s...': 0.01, ...}] == []&#10;  Left contains one more item: {'duration_sec': 0.128, 'echo': False, 'rms': 0.08435456454753876, 'threshold': 0.01, ...}&#10;  Use -v to get more diff">case = {'description': 'Hallway far-wall assistant reflection.', 'expectation': 'no_interrupt', 'importance': 'Long narrow spaces produce strong late reflections.', 'kind': 'echo_leak', ...}

    @pytest.mark.parametrize("case", ACTION_CASES, ids=lambda c: c["name"])
    def test_failure_discovery_corpus(case):
        audio = SAMPLES[case["name"]]
        expectation = case["expectation"]
    
        if expectation == "callback":
            callbacks = _callbacks_for_user_audio(audio)
            assert callbacks, case["description"]
            return
    
        if expectation == "no_callback":
            callbacks = _callbacks_for_user_audio(audio)
            assert callbacks == [], case["description"]
            return
    
        ref = SAMPLES[case["ref"]]
        if case["kind"] == "echo_control":
            interrupts = _interrupts_for_tts_leak(
                audio,
                ref,
                gate_sec=0.20,
                inter_chunk_delay=1024 / SR,
                zero_delays=False,
            )
        else:
            interrupts = _interrupts_for_tts_leak(audio, ref)
&gt;       assert interrupts == [], (
            f"{case['description']} Fired {len(interrupts)} false interrupt(s)."
        )
E       AssertionError: Hallway far-wall assistant reflection. Fired 1 false interrupt(s).
E       assert [{'duration_s...': 0.01, ...}] == []
E         Left contains one more item: {'duration_sec': 0.128, 'echo': False, 'rms': 0.08435456454753876, 'threshold': 0.01, ...}
E         Use -v to get more diff

tests/test_failure_discovery_audio.py:374: AssertionError</failure></testcase><testcase classname="tests.test_failure_discovery_audio" name="test_failure_discovery_corpus[echo_open_living_room_wall]" time="0.276"><failure message="AssertionError: Living-room first wall reflection. Fired 1 false interrupt(s).&#10;assert [{'duration_s...': 0.01, ...}] == []&#10;  Left contains one more item: {'duration_sec': 0.128, 'echo': False, 'rms': 0.12791402637958527, 'threshold': 0.01, ...}&#10;  Use -v to get more diff">case = {'description': 'Living-room first wall reflection.', 'expectation': 'no_interrupt', 'importance': 'Known failure mode for zero-lag echo checks.', 'kind': 'echo_leak', ...}

    @pytest.mark.parametrize("case", ACTION_CASES, ids=lambda c: c["name"])
    def test_failure_discovery_corpus(case):
        audio = SAMPLES[case["name"]]
        expectation = case["expectation"]
    
        if expectation == "callback":
            callbacks = _callbacks_for_user_audio(audio)
            assert callbacks, case["description"]
            return
    
        if expectation == "no_callback":
            callbacks = _callbacks_for_user_audio(audio)
            assert callbacks == [], case["description"]
            return
    
        ref = SAMPLES[case["ref"]]
        if case["kind"] == "echo_control":
            interrupts = _interrupts_for_tts_leak(
                audio,
                ref,
                gate_sec=0.20,
                inter_chunk_delay=1024 / SR,
                zero_delays=False,
            )
        else:
            interrupts = _interrupts_for_tts_leak(audio, ref)
&gt;       assert interrupts == [], (
            f"{case['description']} Fired {len(interrupts)} false interrupt(s)."
        )
E       AssertionError: Living-room first wall reflection. Fired 1 false interrupt(s).
E       assert [{'duration_s...': 0.01, ...}] == []
E         Left contains one more item: {'duration_sec': 0.128, 'echo': False, 'rms': 0.12791402637958527, 'threshold': 0.01, ...}
E         Use -v to get more diff

tests/test_failure_discovery_audio.py:374: AssertionError</failure></testcase><testcase classname="tests.test_failure_discovery_audio" name="test_failure_discovery_corpus[echo_car_cabin_dashboard]" time="0.271"><failure message="AssertionError: Small car cabin dashboard reflection. Fired 1 false interrupt(s).&#10;assert [{'duration_s...': 0.01, ...}] == []&#10;  Left contains one more item: {'duration_sec': 0.128, 'echo': False, 'rms': 0.08567162603139877, 'threshold': 0.01, ...}&#10;  Use -v to get more diff">case = {'description': 'Small car cabin dashboard reflection.', 'expectation': 'no_interrupt', 'importance': 'Car cabins create dense early reflections.', 'kind': 'echo_leak', ...}

    @pytest.mark.parametrize("case", ACTION_CASES, ids=lambda c: c["name"])
    def test_failure_discovery_corpus(case):
        audio = SAMPLES[case["name"]]
        expectation = case["expectation"]
    
        if expectation == "callback":
            callbacks = _callbacks_for_user_audio(audio)
            assert callbacks, case["description"]
            return
    
        if expectation == "no_callback":
            callbacks = _callbacks_for_user_audio(audio)
            assert callbacks == [], case["description"]
            return
    
        ref = SAMPLES[case["ref"]]
        if case["kind"] == "echo_control":
            interrupts = _interrupts_for_tts_leak(
                audio,
                ref,
                gate_sec=0.20,
                inter_chunk_delay=1024 / SR,
                zero_delays=False,
            )
        else:
            interrupts = _interrupts_for_tts_leak(audio, ref)
&gt;       assert interrupts == [], (
            f"{case['description']} Fired {len(interrupts)} false interrupt(s)."
        )
E       AssertionError: Small car cabin dashboard reflection. Fired 1 false interrupt(s).
E       assert [{'duration_s...': 0.01, ...}] == []
E         Left contains one more item: {'duration_sec': 0.128, 'echo': False, 'rms': 0.08567162603139877, 'threshold': 0.01, ...}
E         Use -v to get more diff

tests/test_failure_discovery_audio.py:374: AssertionError</failure></testcase><testcase classname="tests.test_failure_discovery_audio" name="test_failure_discovery_corpus[echo_projector_speaker_ceiling]" time="0.271"><failure message="AssertionError: Ceiling projector speaker reflection. Fired 1 false interrupt(s).&#10;assert [{'duration_s...': 0.01, ...}] == []&#10;  Left contains one more item: {'duration_sec': 0.128, 'echo': False, 'rms': 0.09706400334835052, 'threshold': 0.01, ...}&#10;  Use -v to get more diff">case = {'description': 'Ceiling projector speaker reflection.', 'expectation': 'no_interrupt', 'importance': 'Distant media speakers should not look like user speech.', 'kind': 'echo_leak', ...}

    @pytest.mark.parametrize("case", ACTION_CASES, ids=lambda c: c["name"])
    def test_failure_discovery_corpus(case):
        audio = SAMPLES[case["name"]]
        expectation = case["expectation"]
    
        if expectation == "callback":
            callbacks = _callbacks_for_user_audio(audio)
            assert callbacks, case["description"]
            return
    
        if expectation == "no_callback":
            callbacks = _callbacks_for_user_audio(audio)
            assert callbacks == [], case["description"]
            return
    
        ref = SAMPLES[case["ref"]]
        if case["kind"] == "echo_control":
            interrupts = _interrupts_for_tts_leak(
                audio,
                ref,
                gate_sec=0.20,
                inter_chunk_delay=1024 / SR,
                zero_delays=False,
            )
        else:
            interrupts = _interrupts_for_tts_leak(audio, ref)
&gt;       assert interrupts == [], (
            f"{case['description']} Fired {len(interrupts)} false interrupt(s)."
        )
E       AssertionError: Ceiling projector speaker reflection. Fired 1 false interrupt(s).
E       assert [{'duration_s...': 0.01, ...}] == []
E         Left contains one more item: {'duration_sec': 0.128, 'echo': False, 'rms': 0.09706400334835052, 'threshold': 0.01, ...}
E         Use -v to get more diff

tests/test_failure_discovery_audio.py:374: AssertionError</failure></testcase><testcase classname="tests.test_failure_discovery_audio" name="test_failure_discovery_corpus[echo_bluetooth_speaker_shelf]" time="0.270"><failure message="AssertionError: Bluetooth speaker on bookshelf. Fired 1 false interrupt(s).&#10;assert [{'duration_s...': 0.01, ...}] == []&#10;  Left contains one more item: {'duration_sec': 0.128, 'echo': False, 'rms': 0.05154785141348839, 'threshold': 0.01, ...}&#10;  Use -v to get more diff">case = {'description': 'Bluetooth speaker on bookshelf.', 'expectation': 'no_interrupt', 'importance': 'Common assistant playback device with shelf reflections.', 'kind': 'echo_leak', ...}

    @pytest.mark.parametrize("case", ACTION_CASES, ids=lambda c: c["name"])
    def test_failure_discovery_corpus(case):
        audio = SAMPLES[case["name"]]
        expectation = case["expectation"]
    
        if expectation == "callback":
            callbacks = _callbacks_for_user_audio(audio)
            assert callbacks, case["description"]
            return
    
        if expectation == "no_callback":
            callbacks = _callbacks_for_user_audio(audio)
            assert callbacks == [], case["description"]
            return
    
        ref = SAMPLES[case["ref"]]
        if case["kind"] == "echo_control":
            interrupts = _interrupts_for_tts_leak(
                audio,
                ref,
                gate_sec=0.20,
                inter_chunk_delay=1024 / SR,
                zero_delays=False,
            )
        else:
            interrupts = _interrupts_for_tts_leak(audio, ref)
&gt;       assert interrupts == [], (
            f"{case['description']} Fired {len(interrupts)} false interrupt(s)."
        )
E       AssertionError: Bluetooth speaker on bookshelf. Fired 1 false interrupt(s).
E       assert [{'duration_s...': 0.01, ...}] == []
E         Left contains one more item: {'duration_sec': 0.128, 'echo': False, 'rms': 0.05154785141348839, 'threshold': 0.01, ...}
E         Use -v to get more diff

tests/test_failure_discovery_audio.py:374: AssertionError</failure></testcase><testcase classname="tests.test_failure_discovery_audio" name="test_failure_discovery_corpus[echo_tv_soundbar_living_room]" time="0.271"><failure message="AssertionError: TV soundbar leaking assistant speech. Fired 1 false interrupt(s).&#10;assert [{'duration_s...': 0.01, ...}] == []&#10;  Left contains one more item: {'duration_sec': 0.128, 'echo': False, 'rms': 0.055319078266620636, 'threshold': 0.01, ...}&#10;  Use -v to get more diff">case = {'description': 'TV soundbar leaking assistant speech.', 'expectation': 'no_interrupt', 'importance': 'Soundbars are loud and far from microphones.', 'kind': 'echo_leak', ...}

    @pytest.mark.parametrize("case", ACTION_CASES, ids=lambda c: c["name"])
    def test_failure_discovery_corpus(case):
        audio = SAMPLES[case["name"]]
        expectation = case["expectation"]
    
        if expectation == "callback":
            callbacks = _callbacks_for_user_audio(audio)
            assert callbacks, case["description"]
            return
    
        if expectation == "no_callback":
            callbacks = _callbacks_for_user_audio(audio)
            assert callbacks == [], case["description"]
            return
    
        ref = SAMPLES[case["ref"]]
        if case["kind"] == "echo_control":
            interrupts = _interrupts_for_tts_leak(
                audio,
                ref,
                gate_sec=0.20,
                inter_chunk_delay=1024 / SR,
                zero_delays=False,
            )
        else:
            interrupts = _interrupts_for_tts_leak(audio, ref)
&gt;       assert interrupts == [], (
            f"{case['description']} Fired {len(interrupts)} false interrupt(s)."
        )
E       AssertionError: TV soundbar leaking assistant speech. Fired 1 false interrupt(s).
E       assert [{'duration_s...': 0.01, ...}] == []
E         Left contains one more item: {'duration_sec': 0.128, 'echo': False, 'rms': 0.055319078266620636, 'threshold': 0.01, ...}
E         Use -v to get more diff

tests/test_failure_discovery_audio.py:374: AssertionError</failure></testcase><testcase classname="tests.test_failure_discovery_audio" name="test_failure_discovery_corpus[echo_conference_table]" time="0.269"><failure message="AssertionError: Conference table speakerphone echo. Fired 1 false interrupt(s).&#10;assert [{'duration_s...': 0.01, ...}] == []&#10;  Left contains one more item: {'duration_sec': 0.128, 'echo': False, 'rms': 0.06111621484160423, 'threshold': 0.01, ...}&#10;  Use -v to get more diff">case = {'description': 'Conference table speakerphone echo.', 'expectation': 'no_interrupt', 'importance': 'Meeting rooms are key voice-agent environments.', 'kind': 'echo_leak', ...}

    @pytest.mark.parametrize("case", ACTION_CASES, ids=lambda c: c["name"])
    def test_failure_discovery_corpus(case):
        audio = SAMPLES[case["name"]]
        expectation = case["expectation"]
    
        if expectation == "callback":
            callbacks = _callbacks_for_user_audio(audio)
            assert callbacks, case["description"]
            return
    
        if expectation == "no_callback":
            callbacks = _callbacks_for_user_audio(audio)
            assert callbacks == [], case["description"]
            return
    
        ref = SAMPLES[case["ref"]]
        if case["kind"] == "echo_control":
            interrupts = _interrupts_for_tts_leak(
                audio,
                ref,
                gate_sec=0.20,
                inter_chunk_delay=1024 / SR,
                zero_delays=False,
            )
        else:
            interrupts = _interrupts_for_tts_leak(audio, ref)
&gt;       assert interrupts == [], (
            f"{case['description']} Fired {len(interrupts)} false interrupt(s)."
        )
E       AssertionError: Conference table speakerphone echo. Fired 1 false interrupt(s).
E       assert [{'duration_s...': 0.01, ...}] == []
E         Left contains one more item: {'duration_sec': 0.128, 'echo': False, 'rms': 0.06111621484160423, 'threshold': 0.01, ...}
E         Use -v to get more diff

tests/test_failure_discovery_audio.py:374: AssertionError</failure></testcase><testcase classname="tests.test_failure_discovery_audio" name="test_failure_discovery_corpus[echo_corner_room_bass_buildup]" time="0.272"><failure message="AssertionError: Speaker in room corner with gain buildup. Fired 1 false interrupt(s).&#10;assert [{'duration_s...': 0.01, ...}] == []&#10;  Left contains one more item: {'duration_sec': 0.128, 'echo': False, 'rms': 0.09177596867084503, 'threshold': 0.01, ...}&#10;  Use -v to get more diff">case = {'description': 'Speaker in room corner with gain buildup.', 'expectation': 'no_interrupt', 'importance': 'Corner placement amplifies echo energy.', 'kind': 'echo_leak', ...}

    @pytest.mark.parametrize("case", ACTION_CASES, ids=lambda c: c["name"])
    def test_failure_discovery_corpus(case):
        audio = SAMPLES[case["name"]]
        expectation = case["expectation"]
    
        if expectation == "callback":
            callbacks = _callbacks_for_user_audio(audio)
            assert callbacks, case["description"]
            return
    
        if expectation == "no_callback":
            callbacks = _callbacks_for_user_audio(audio)
            assert callbacks == [], case["description"]
            return
    
        ref = SAMPLES[case["ref"]]
        if case["kind"] == "echo_control":
            interrupts = _interrupts_for_tts_leak(
                audio,
                ref,
                gate_sec=0.20,
                inter_chunk_delay=1024 / SR,
                zero_delays=False,
            )
        else:
            interrupts = _interrupts_for_tts_leak(audio, ref)
&gt;       assert interrupts == [], (
            f"{case['description']} Fired {len(interrupts)} false interrupt(s)."
        )
E       AssertionError: Speaker in room corner with gain buildup. Fired 1 false interrupt(s).
E       assert [{'duration_s...': 0.01, ...}] == []
E         Left contains one more item: {'duration_sec': 0.128, 'echo': False, 'rms': 0.09177596867084503, 'threshold': 0.01, ...}
E         Use -v to get more diff

tests/test_failure_discovery_audio.py:374: AssertionError</failure></testcase><testcase classname="tests.test_failure_discovery_audio" name="test_failure_discovery_corpus[echo_curtained_room_soft_reverb]" time="0.277"><failure message="AssertionError: Curtained room with soft reverb. Fired 1 false interrupt(s).&#10;assert [{'duration_s...': 0.01, ...}] == []&#10;  Left contains one more item: {'duration_sec': 0.128, 'echo': False, 'rms': 0.16978240013122559, 'threshold': 0.01, ...}&#10;  Use -v to get more diff">case = {'description': 'Curtained room with soft reverb.', 'expectation': 'no_interrupt', 'importance': 'Even damped rooms must remain safe.', 'kind': 'echo_leak', ...}

    @pytest.mark.parametrize("case", ACTION_CASES, ids=lambda c: c["name"])
    def test_failure_discovery_corpus(case):
        audio = SAMPLES[case["name"]]
        expectation = case["expectation"]
    
        if expectation == "callback":
            callbacks = _callbacks_for_user_audio(audio)
            assert callbacks, case["description"]
            return
    
        if expectation == "no_callback":
            callbacks = _callbacks_for_user_audio(audio)
            assert callbacks == [], case["description"]
            return
    
        ref = SAMPLES[case["ref"]]
        if case["kind"] == "echo_control":
            interrupts = _interrupts_for_tts_leak(
                audio,
                ref,
                gate_sec=0.20,
                inter_chunk_delay=1024 / SR,
                zero_delays=False,
            )
        else:
            interrupts = _interrupts_for_tts_leak(audio, ref)
&gt;       assert interrupts == [], (
            f"{case['description']} Fired {len(interrupts)} false interrupt(s)."
        )
E       AssertionError: Curtained room with soft reverb. Fired 1 false interrupt(s).
E       assert [{'duration_s...': 0.01, ...}] == []
E         Left contains one more item: {'duration_sec': 0.128, 'echo': False, 'rms': 0.16978240013122559, 'threshold': 0.01, ...}
E         Use -v to get more diff

tests/test_failure_discovery_audio.py:374: AssertionError</failure></testcase><testcase classname="tests.test_failure_discovery_audio" name="test_failure_discovery_corpus[echo_open_door_secondary_room]" time="0.277"><failure message="AssertionError: Assistant audio heard from another room. Fired 1 false interrupt(s).&#10;assert [{'duration_s...': 0.01, ...}] == []&#10;  Left contains one more item: {'duration_sec': 0.128, 'echo': False, 'rms': 0.039073649793863297, 'threshold': 0.01, ...}&#10;  Use -v to get more diff">case = {'description': 'Assistant audio heard from another room.', 'expectation': 'no_interrupt', 'importance': 'Late low-level echo should not trigger barge-in.', 'kind': 'echo_leak', ...}

    @pytest.mark.parametrize("case", ACTION_CASES, ids=lambda c: c["name"])
    def test_failure_discovery_corpus(case):
        audio = SAMPLES[case["name"]]
        expectation = case["expectation"]
    
        if expectation == "callback":
            callbacks = _callbacks_for_user_audio(audio)
            assert callbacks, case["description"]
            return
    
        if expectation == "no_callback":
            callbacks = _callbacks_for_user_audio(audio)
            assert callbacks == [], case["description"]
            return
    
        ref = SAMPLES[case["ref"]]
        if case["kind"] == "echo_control":
            interrupts = _interrupts_for_tts_leak(
                audio,
                ref,
                gate_sec=0.20,
                inter_chunk_delay=1024 / SR,
                zero_delays=False,
            )
        else:
            interrupts = _interrupts_for_tts_leak(audio, ref)
&gt;       assert interrupts == [], (
            f"{case['description']} Fired {len(interrupts)} false interrupt(s)."
        )
E       AssertionError: Assistant audio heard from another room. Fired 1 false interrupt(s).
E       assert [{'duration_s...': 0.01, ...}] == []
E         Left contains one more item: {'duration_sec': 0.128, 'echo': False, 'rms': 0.039073649793863297, 'threshold': 0.01, ...}
E         Use -v to get more diff

tests/test_failure_discovery_audio.py:374: AssertionError</failure></testcase><testcase classname="tests.test_failure_discovery_audio" name="test_failure_discovery_corpus[echo_high_volume_near_field]" time="0.272"><failure message="AssertionError: High-volume near-field assistant playback. Fired 1 false interrupt(s).&#10;assert [{'duration_s...': 0.01, ...}] == []&#10;  Left contains one more item: {'duration_sec': 0.128, 'echo': False, 'rms': 0.3066733777523041, 'threshold': 0.01, ...}&#10;  Use -v to get more diff">case = {'description': 'High-volume near-field assistant playback.', 'expectation': 'no_interrupt', 'importance': 'Loud assistant speech is likely during TTS.', 'kind': 'echo_leak', ...}

    @pytest.mark.parametrize("case", ACTION_CASES, ids=lambda c: c["name"])
    def test_failure_discovery_corpus(case):
        audio = SAMPLES[case["name"]]
        expectation = case["expectation"]
    
        if expectation == "callback":
            callbacks = _callbacks_for_user_audio(audio)
            assert callbacks, case["description"]
            return
    
        if expectation == "no_callback":
            callbacks = _callbacks_for_user_audio(audio)
            assert callbacks == [], case["description"]
            return
    
        ref = SAMPLES[case["ref"]]
        if case["kind"] == "echo_control":
            interrupts = _interrupts_for_tts_leak(
                audio,
                ref,
                gate_sec=0.20,
                inter_chunk_delay=1024 / SR,
                zero_delays=False,
            )
        else:
            interrupts = _interrupts_for_tts_leak(audio, ref)
&gt;       assert interrupts == [], (
            f"{case['description']} Fired {len(interrupts)} false interrupt(s)."
        )
E       AssertionError: High-volume near-field assistant playback. Fired 1 false interrupt(s).
E       assert [{'duration_s...': 0.01, ...}] == []
E         Left contains one more item: {'duration_sec': 0.128, 'echo': False, 'rms': 0.3066733777523041, 'threshold': 0.01, ...}
E         Use -v to get more diff

tests/test_failure_discovery_audio.py:374: AssertionError</failure></testcase><testcase classname="tests.test_failure_discovery_audio" name="test_failure_discovery_corpus[echo_low_volume_far_field]" time="0.271"><failure message="AssertionError: Low-volume far-field assistant leakage. Fired 1 false interrupt(s).&#10;assert [{'duration_s...': 0.01, ...}] == []&#10;  Left contains one more item: {'duration_sec': 0.128, 'echo': False, 'rms': 0.051804907619953156, 'threshold': 0.01, ...}&#10;  Use -v to get more diff">case = {'description': 'Low-volume far-field assistant leakage.', 'expectation': 'no_interrupt', 'importance': 'Weak echoes should not accumulate false evidence.', 'kind': 'echo_leak', ...}

    @pytest.mark.parametrize("case", ACTION_CASES, ids=lambda c: c["name"])
    def test_failure_discovery_corpus(case):
        audio = SAMPLES[case["name"]]
        expectation = case["expectation"]
    
        if expectation == "callback":
            callbacks = _callbacks_for_user_audio(audio)
            assert callbacks, case["description"]
            return
    
        if expectation == "no_callback":
            callbacks = _callbacks_for_user_audio(audio)
            assert callbacks == [], case["description"]
            return
    
        ref = SAMPLES[case["ref"]]
        if case["kind"] == "echo_control":
            interrupts = _interrupts_for_tts_leak(
                audio,
                ref,
                gate_sec=0.20,
                inter_chunk_delay=1024 / SR,
                zero_delays=False,
            )
        else:
            interrupts = _interrupts_for_tts_leak(audio, ref)
&gt;       assert interrupts == [], (
            f"{case['description']} Fired {len(interrupts)} false interrupt(s)."
        )
E       AssertionError: Low-volume far-field assistant leakage. Fired 1 false interrupt(s).
E       assert [{'duration_s...': 0.01, ...}] == []
E         Left contains one more item: {'duration_sec': 0.128, 'echo': False, 'rms': 0.051804907619953156, 'threshold': 0.01, ...}
E         Use -v to get more diff

tests/test_failure_discovery_audio.py:374: AssertionError</failure></testcase><testcase classname="tests.test_failure_discovery_audio" name="test_failure_discovery_corpus[echo_reverb_tail_only_after_pause]" time="0.276" /><testcase classname="tests.test_failure_discovery_audio" name="test_failure_discovery_corpus[echo_sample_rate_artifact]" time="0.280"><failure message="AssertionError: Echo after device sample-rate conversion. Fired 1 false interrupt(s).&#10;assert [{'duration_s...': 0.01, ...}] == []&#10;  Left contains one more item: {'duration_sec': 0.128, 'echo': False, 'rms': 0.13466854393482208, 'threshold': 0.01, ...}&#10;  Use -v to get more diff">case = {'description': 'Echo after device sample-rate conversion.', 'expectation': 'no_interrupt', 'importance': '44.1 kHz consumer devices can add interpolation artifacts to echo.', 'kind': 'echo_leak', ...}

    @pytest.mark.parametrize("case", ACTION_CASES, ids=lambda c: c["name"])
    def test_failure_discovery_corpus(case):
        audio = SAMPLES[case["name"]]
        expectation = case["expectation"]
    
        if expectation == "callback":
            callbacks = _callbacks_for_user_audio(audio)
            assert callbacks, case["description"]
            return
    
        if expectation == "no_callback":
            callbacks = _callbacks_for_user_audio(audio)
            assert callbacks == [], case["description"]
            return
    
        ref = SAMPLES[case["ref"]]
        if case["kind"] == "echo_control":
            interrupts = _interrupts_for_tts_leak(
                audio,
                ref,
                gate_sec=0.20,
                inter_chunk_delay=1024 / SR,
                zero_delays=False,
            )
        else:
            interrupts = _interrupts_for_tts_leak(audio, ref)
&gt;       assert interrupts == [], (
            f"{case['description']} Fired {len(interrupts)} false interrupt(s)."
        )
E       AssertionError: Echo after device sample-rate conversion. Fired 1 false interrupt(s).
E       assert [{'duration_s...': 0.01, ...}] == []
E         Left contains one more item: {'duration_sec': 0.128, 'echo': False, 'rms': 0.13466854393482208, 'threshold': 0.01, ...}
E         Use -v to get more diff

tests/test_failure_discovery_audio.py:374: AssertionError</failure></testcase><testcase classname="tests.test_failure_discovery_audio" name="test_failure_discovery_corpus[echo_clipped_speaker_output]" time="0.273"><failure message="AssertionError: Clipped speaker output echo. Fired 1 false interrupt(s).&#10;assert [{'duration_s...': 0.01, ...}] == []&#10;  Left contains one more item: {'duration_sec': 0.128, 'echo': False, 'rms': 0.15810346603393555, 'threshold': 0.01, ...}&#10;  Use -v to get more diff">case = {'description': 'Clipped speaker output echo.', 'expectation': 'no_interrupt', 'importance': 'Small speakers clip assistant speech.', 'kind': 'echo_leak', ...}

    @pytest.mark.parametrize("case", ACTION_CASES, ids=lambda c: c["name"])
    def test_failure_discovery_corpus(case):
        audio = SAMPLES[case["name"]]
        expectation = case["expectation"]
    
        if expectation == "callback":
            callbacks = _callbacks_for_user_audio(audio)
            assert callbacks, case["description"]
            return
    
        if expectation == "no_callback":
            callbacks = _callbacks_for_user_audio(audio)
            assert callbacks == [], case["description"]
            return
    
        ref = SAMPLES[case["ref"]]
        if case["kind"] == "echo_control":
            interrupts = _interrupts_for_tts_leak(
                audio,
                ref,
                gate_sec=0.20,
                inter_chunk_delay=1024 / SR,
                zero_delays=False,
            )
        else:
            interrupts = _interrupts_for_tts_leak(audio, ref)
&gt;       assert interrupts == [], (
            f"{case['description']} Fired {len(interrupts)} false interrupt(s)."
        )
E       AssertionError: Clipped speaker output echo. Fired 1 false interrupt(s).
E       assert [{'duration_s...': 0.01, ...}] == []
E         Left contains one more item: {'duration_sec': 0.128, 'echo': False, 'rms': 0.15810346603393555, 'threshold': 0.01, ...}
E         Use -v to get more diff

tests/test_failure_discovery_audio.py:374: AssertionError</failure></testcase><testcase classname="tests.test_failure_discovery_audio" name="test_failure_discovery_corpus[echo_tts_with_background_tv]" time="0.278"><failure message="AssertionError: Assistant echo mixed with TV bed. Fired 1 false interrupt(s).&#10;assert [{'duration_s...': 0.01, ...}] == []&#10;  Left contains one more item: {'duration_sec': 0.128, 'echo': False, 'rms': 0.1376277208328247, 'threshold': 0.01, ...}&#10;  Use -v to get more diff">case = {'description': 'Assistant echo mixed with TV bed.', 'expectation': 'no_interrupt', 'importance': 'Real rooms contain background media during TTS.', 'kind': 'echo_leak', ...}

    @pytest.mark.parametrize("case", ACTION_CASES, ids=lambda c: c["name"])
    def test_failure_discovery_corpus(case):
        audio = SAMPLES[case["name"]]
        expectation = case["expectation"]
    
        if expectation == "callback":
            callbacks = _callbacks_for_user_audio(audio)
            assert callbacks, case["description"]
            return
    
        if expectation == "no_callback":
            callbacks = _callbacks_for_user_audio(audio)
            assert callbacks == [], case["description"]
            return
    
        ref = SAMPLES[case["ref"]]
        if case["kind"] == "echo_control":
            interrupts = _interrupts_for_tts_leak(
                audio,
                ref,
                gate_sec=0.20,
                inter_chunk_delay=1024 / SR,
                zero_delays=False,
            )
        else:
            interrupts = _interrupts_for_tts_leak(audio, ref)
&gt;       assert interrupts == [], (
            f"{case['description']} Fired {len(interrupts)} false interrupt(s)."
        )
E       AssertionError: Assistant echo mixed with TV bed. Fired 1 false interrupt(s).
E       assert [{'duration_s...': 0.01, ...}] == []
E         Left contains one more item: {'duration_sec': 0.128, 'echo': False, 'rms': 0.1376277208328247, 'threshold': 0.01, ...}
E         Use -v to get more diff

tests/test_failure_discovery_audio.py:374: AssertionError</failure></testcase></testsuite></testsuites>