<?xml version="1.0" encoding="utf-8"?><testsuites><testsuite name="pytest" errors="0" failures="20" skipped="0" tests="201" time="38.412" timestamp="2026-05-02T16:22:18.284055" hostname="dobo-ROG-Strix-G634JY-G634JY"><testcase classname="tests.test_audio.TestNLMSEchoCanceller" name="test_basic_echo_cancellation" time="0.001" /><testcase classname="tests.test_audio.TestNLMSEchoCanceller" name="test_multiple_frames_adaptation" time="0.001" /><testcase classname="tests.test_audio.TestNLMSEchoCanceller" name="test_passthrough_without_reference" time="0.011" /><testcase classname="tests.test_audio.TestNLMSEchoCanceller" name="test_reference_consumed_incrementally" time="0.000" /><testcase classname="tests.test_audio.TestNLMSEchoCanceller" name="test_reset_clears_state" time="0.000" /><testcase classname="tests.test_audio.TestSileroVAD" name="test_probability_range" time="0.080" /><testcase classname="tests.test_audio.TestSileroVAD" name="test_silence_not_speech" time="0.001" /><testcase classname="tests.test_audio.TestSileroVAD" name="test_singleton" time="0.000" /><testcase classname="tests.test_audio.TestSentenceSplitter" name="test_empty_text" time="0.000" /><testcase classname="tests.test_audio.TestSentenceSplitter" name="test_multiple_sentences" time="0.000" /><testcase classname="tests.test_audio.TestSentenceSplitter" name="test_no_punctuation" time="0.000" /><testcase classname="tests.test_audio.TestSentenceSplitter" name="test_short_fragments_merged" time="0.000" /><testcase classname="tests.test_audio.TestSentenceSplitter" name="test_short_merge" time="0.000" /><testcase classname="tests.test_audio.TestSentenceSplitter" name="test_single_sentence" time="0.000" /><testcase classname="tests.test_audio.TestAudioDeviceDetection" name="test_get_default_input_device" time="0.000" /><testcase classname="tests.test_audio.TestAudioDeviceDetection" name="test_get_default_output_device" time="0.000" /><testcase classname="tests.test_audio.TestAudioDeviceDetection" name="test_list_devices_returns_without_error" time="0.000" /><testcase classname="tests.test_audio.TestAudioRecorder" name="test_adaptive_vad_threshold_from_noise" time="0.197" /><testcase classname="tests.test_audio.TestAudioRecorder" name="test_echo_similarity_threshold" time="0.178" /><testcase classname="tests.test_audio.TestAudioRecorder" name="test_min_rms_ratio_blocks_low_energy" time="0.177" /><testcase classname="tests.test_audio.TestAudioRecorder" name="test_nlms_aec_reduces_echo_energy" time="0.220" /><testcase classname="tests.test_audio.TestAudioRecorder" name="test_recorder_barge_in_callback" time="0.182" /><testcase classname="tests.test_audio.TestAudioRecorder" name="test_recorder_detects_device_sample_rate" time="0.180" /><testcase classname="tests.test_audio.TestAudioRecorder" name="test_recorder_initialization" time="0.172" /><testcase classname="tests.test_audio.TestAudioRecorder" name="test_recorder_pause_resume" time="0.263" /><testcase classname="tests.test_audio.TestAudioRecorder" name="test_recorder_sample_rate_property" time="0.176" /><testcase classname="tests.test_audio.TestAudioRecorder" name="test_recorder_set_assistant_speaking" time="0.180" /><testcase classname="tests.test_audio.TestAudioRecorder" name="test_recorder_start_stop" time="0.717" /><testcase classname="tests.test_audio.TestAudioRecorder" name="test_recorder_with_custom_threshold" time="0.188" /><testcase classname="tests.test_audio.TestAudioRecorder" name="test_simple_voiced_fallback" time="0.171" /><testcase classname="tests.test_audio.TestVoiceGates" name="test_diagnostics_log_creates_parent_directory" time="0.167" /><testcase classname="tests.test_audio.TestVoiceGates" name="test_listener_state_transitions_tts_recover" time="0.167" /><testcase classname="tests.test_audio.TestVoiceGates" name="test_speaker_verifier_allows_callback_when_accepted" time="0.169" /><testcase classname="tests.test_audio.TestVoiceGates" name="test_speaker_verifier_blocks_callback_when_rejected" time="0.168" /><testcase classname="tests.test_audio.TestVoiceGates" name="test_wakeword_gate_blocks_until_armed" time="0.000" /><testcase classname="tests.test_audio.TestVoiceGates" name="test_wakeword_score_filter_uses_selected_label" time="0.000" /><testcase classname="tests.test_audio.TestSelfInterruptionPrevention" name="test_echo_similarity_blocks_own_output" time="0.187" /><testcase classname="tests.test_audio.TestSelfInterruptionPrevention" name="test_higher_silero_threshold_in_barge_in_mode" time="0.189" /><testcase classname="tests.test_audio.TestSelfInterruptionPrevention" name="test_ref_samples_consumed_tracks_position" time="0.185" /><testcase classname="tests.test_audio.TestBargeInDetector" name="test_echo_heavy_frame_is_blocked" time="0.000" /><testcase classname="tests.test_audio.TestBargeInDetector" name="test_low_confidence_frame_resets_counter" time="0.000" /><testcase classname="tests.test_audio.TestBargeInDetector" name="test_real_voiced_speech_triggers_after_min_duration" time="0.000" /><testcase classname="tests.test_audio.TestBargeInDetector" name="test_strong_unvoiced_energy_can_trigger" time="0.000" /><testcase classname="tests.test_audio.TestAudioPlayer" name="test_player_initialization" time="1.145" /><testcase classname="tests.test_audio.TestAudioPlayer" name="test_player_stop_when_not_playing" time="0.819" /><testcase classname="tests.test_bargein_contracts.TestBargeInDetectorScore" name="test_echo_above_threshold_scores_minus_ten" time="0.000" /><testcase classname="tests.test_bargein_contracts.TestBargeInDetectorScore" name="test_echo_just_below_threshold_not_blocked" time="0.000" /><testcase classname="tests.test_bargein_contracts.TestBargeInDetectorScore" name="test_energy_only_at_3x_threshold_scores_25_when_calibrated" time="0.000" /><testcase classname="tests.test_bargein_contracts.TestBargeInDetectorScore" name="test_energy_only_at_3x_threshold_uncalibrated_scores_15" time="0.000" /><testcase classname="tests.test_bargein_contracts.TestBargeInDetectorScore" name="test_energy_only_below_3x_threshold_scores_below_2" time="0.000" /><testcase classname="tests.test_bargein_contracts.TestBargeInDetectorScore" name="test_silence_scores_negative" time="0.000" /><testcase classname="tests.test_bargein_contracts.TestBargeInDetectorScore" name="test_voiced_alone_scores_exactly_2" time="0.000" /><testcase classname="tests.test_bargein_contracts.TestBargeInDetectorScore" name="test_voiced_plus_energy_at_15x_scores_35" time="0.000" /><testcase classname="tests.test_bargein_contracts.TestBargeInDetectorScore" name="test_voiced_plus_energy_at_1x_scores_3" time="0.000" /><testcase classname="tests.test_bargein_contracts.TestAdaptiveEchoThreshold" name="test_adaptive_threshold_midpoint" time="0.000" /><testcase classname="tests.test_bargein_contracts.TestAdaptiveEchoThreshold" name="test_echo_blocked_at_adaptive_threshold_when_tts_loud" time="0.000" /><testcase classname="tests.test_bargein_contracts.TestAdaptiveEchoThreshold" name="test_echo_hard_blocked_at_full_threshold_no_tts" time="0.000" /><testcase classname="tests.test_bargein_contracts.TestAdaptiveEchoThreshold" name="test_echo_not_blocked_when_tts_quiet" time="0.000" /><testcase classname="tests.test_bargein_contracts.TestAdaptiveEchoThreshold" name="test_energy_path_suppressed_when_tts_reference_active" time="0.000" /><testcase classname="tests.test_bargein_contracts.TestAdaptiveEchoThreshold" name="test_energy_path_works_without_tts_reference" time="0.000" /><testcase classname="tests.test_bargein_contracts.TestAdaptiveEchoThreshold" name="test_unvoiced_is_blocked_by_adaptive_echo_threshold" time="0.000" /><testcase classname="tests.test_bargein_contracts.TestAdaptiveEchoThreshold" name="test_voiced_does_not_override_hard_echo_block" time="0.000" /><testcase classname="tests.test_bargein_contracts.TestAdaptiveEchoThreshold" name="test_voiced_overrides_adaptive_echo_block_at_moderate_similarity" time="0.000" /><testcase classname="tests.test_bargein_contracts.TestAdaptiveEchoThreshold" name="test_voiced_speech_fires_despite_loud_tts" time="0.000" /><testcase classname="tests.test_bargein_contracts.TestAccumulatorBehavior" name="test_3_voiced_frames_do_not_fire" time="0.000" /><testcase classname="tests.test_bargein_contracts.TestAccumulatorBehavior" name="test_4_voiced_frames_fire" time="0.000" /><testcase classname="tests.test_bargein_contracts.TestAccumulatorBehavior" name="test_echo_frame_resets_counter" time="0.000" /><testcase classname="tests.test_bargein_contracts.TestAccumulatorBehavior" name="test_single_quiet_frame_resets_counter" time="0.000" /><testcase classname="tests.test_bargein_contracts.TestNoiseGateBoundary" name="test_blocked_just_below_3x" time="0.000" /><testcase classname="tests.test_bargein_contracts.TestNoiseGateBoundary" name="test_none_noise_floor_always_passes" time="0.000" /><testcase classname="tests.test_bargein_contracts.TestNoiseGateBoundary" name="test_passes_at_exactly_3x" time="0.000" /><testcase classname="tests.test_bargein_contracts.TestNoiseGateBoundary" name="test_speech_at_4x_passes" time="0.000" /><testcase classname="tests.test_bargein_contracts.TestNoiseGateBoundary" name="test_tv_noise_blocked_at_calibrated_level" time="0.001" /><testcase classname="tests.test_bargein_contracts.TestEchoGateContract" name="test_echo_gate_threshold_is_045" time="0.000" /><testcase classname="tests.test_bargein_contracts.TestEchoGateContract" name="test_perfect_echo_never_fires" time="0.263" /><testcase classname="tests.test_bargein_contracts.TestEchoGateContract" name="test_unrelated_speech_over_echo_fires" time="0.266" /><testcase classname="tests.test_bargein_contracts.TestSileroPathContract" name="test_energy_only_path_fires_when_calibrated" time="0.260" /><testcase classname="tests.test_bargein_contracts.TestSileroPathContract" name="test_human_voice_at_moderate_amplitude_fires_via_silero" time="0.262" /><testcase classname="tests.test_bargein_contracts.TestSileroPathContract" name="test_synthetic_voice_low_amplitude_does_NOT_fire" time="0.270" /><testcase classname="tests.test_bargein_contracts.TestStateMachineContracts" name="test_never_idle_during_active_recording" time="0.292" /><testcase classname="tests.test_bargein_contracts.TestStateMachineContracts" name="test_recover_expires_to_idle" time="0.619" /><testcase classname="tests.test_bargein_contracts.TestStateMachineContracts" name="test_state_idle_after_callback" time="0.490" /><testcase classname="tests.test_bargein_contracts.TestStateMachineContracts" name="test_state_idle_after_tts_barge_in" time="0.553" /><testcase classname="tests.test_bargein_contracts.TestStateMachineContracts" name="test_tts_start_transitions_to_assistant_speaking" time="0.263" /><testcase classname="tests.test_bargein_contracts.TestStateMachineContracts" name="test_tts_stop_transitions_to_recover" time="0.258" /><testcase classname="tests.test_bargein_contracts.TestSNRBasedBargeIn" name="test_human_voice_mixed_with_noise_fires_at_positive_snr" time="0.271" /><testcase classname="tests.test_bargein_contracts.TestSNRBasedBargeIn" name="test_noise_only_at_5_seconds_never_fires" time="0.268" /><testcase classname="tests.test_bargein_contracts.TestSNRBasedBargeIn" name="test_speech_at_positive_snr_fires" time="0.272" /><testcase classname="tests.test_bargein_contracts.TestFalsePositiveGuard" name="test_dead_silence_never_fires" time="0.275" /><testcase classname="tests.test_bargein_contracts.TestFalsePositiveGuard" name="test_multiple_click_bursts_never_fire" time="0.274" /><testcase classname="tests.test_bargein_contracts.TestFalsePositiveGuard" name="test_pure_tone_440hz_never_fires" time="0.260" /><testcase classname="tests.test_bargein_contracts.TestFalsePositiveGuard" name="test_short_click_burst_never_fires" time="0.264" /><testcase classname="tests.test_bargein_contracts.TestFalsePositiveGuard" name="test_tv_noise_3sec_never_fires" time="0.280" /><testcase classname="tests.test_bargein_contracts.TestWakewordGateContracts" name="test_strict_mode_10_injections_no_callback" time="0.673" /><testcase classname="tests.test_bargein_contracts.TestWakewordGateContracts" name="test_strict_mode_fires_immediately_after_arm" time="0.495" /><testcase classname="tests.test_bargein_contracts.TestWakewordGateContracts" name="test_strict_mode_gate_closes_after_one_utterance" time="1.117" /><testcase classname="tests.test_bargein_scenarios.TestFixtureDiagnostics" name="test_fixture_availability" time="0.001" /><testcase classname="tests.test_bargein_scenarios.TestBargeInScenarios" name="test_bargein_latency_slo" time="0.275" /><testcase classname="tests.test_bargein_scenarios.TestBargeInScenarios" name="test_fsm_state_after_tts_stop" time="0.618" /><testcase classname="tests.test_bargein_scenarios.TestBargeInScenarios" name="test_human_voice_during_tts_bargein" time="0.270" /><testcase classname="tests.test_bargein_scenarios.TestBargeInScenarios" name="test_hybrid_recovery_opens_after_miss_limit" time="0.327" /><testcase classname="tests.test_bargein_scenarios.TestBargeInScenarios" name="test_self_echo_no_bargein" time="0.263" /><testcase classname="tests.test_bargein_scenarios.TestBargeInScenarios" name="test_short_burst_no_bargein" time="0.272" /><testcase classname="tests.test_bargein_scenarios.TestBargeInScenarios" name="test_silence_no_bargein" time="0.281" /><testcase classname="tests.test_bargein_scenarios.TestBargeInScenarios" name="test_speech_after_wakeword_callback" time="0.332" /><testcase classname="tests.test_bargein_scenarios.TestBargeInScenarios" name="test_speech_without_wakeword_no_callback" time="0.282" /><testcase classname="tests.test_bargein_scenarios.TestBargeInScenarios" name="test_tv_noise_no_bargein" time="0.261" /><testcase classname="tests.test_bargein_scenarios.TestLayeredPoliciesViaHarness" name="test_noise_gate_prevents_bargein_at_background_level" time="0.784" /><testcase classname="tests.test_bargein_scenarios.TestLayeredPoliciesViaHarness" name="test_voiced_speech_reliably_triggers_across_amplitudes" time="0.810" /><testcase classname="tests.test_bargein_scenarios.TestWakewordGatingViaHarness" name="test_legacy_compatible_policy_always_open" time="0.331" /><testcase classname="tests.test_bargein_scenarios.TestWakewordGatingViaHarness" name="test_multiple_sequential_utterances" time="0.704" /><testcase classname="tests.test_capabilities.TestCapabilityRegistry" name="test_default_registry_has_builtins" time="0.000" /><testcase classname="tests.test_capabilities.TestCapabilityRegistry" name="test_missing_capability" time="0.000" /><testcase classname="tests.test_capabilities.TestCapabilityRegistry" name="test_register_and_invoke" time="0.000" /><testcase classname="tests.test_conversation_simulation" name="test_happy_path_streams_llm_sentences_to_tts" time="0.500" /><testcase classname="tests.test_conversation_simulation" name="test_stop_command_short_circuits_llm_and_tts" time="0.464" /><testcase classname="tests.test_conversation_simulation" name="test_user_barge_in_cancels_streaming_tts" time="0.715" /><testcase classname="tests.test_conversation_simulation" name="test_tts_self_echo_does_not_trigger_barge_in" time="0.823" /><testcase classname="tests.test_conversation_simulation" name="test_noisy_room_still_completes_conversation" time="0.539" /><testcase classname="tests.test_conversation_simulation" name="test_wakeword_gate_blocks_then_allows_conversation" time="0.945" /><testcase classname="tests.test_dialogue_controller.TestDialogueController" name="test_echo_info_blocks_even_if_voiced" time="0.000" /><testcase classname="tests.test_dialogue_controller.TestDialogueController" name="test_echo_partial_does_not_stop_speaking" time="0.000" /><testcase classname="tests.test_dialogue_controller.TestDialogueController" name="test_ignore_transcript_rules" time="0.000" /><testcase classname="tests.test_dialogue_controller.TestDialogueController" name="test_non_echo_partial_stops_speaking" time="0.000" /><testcase classname="tests.test_dialogue_controller.TestDialogueController" name="test_rms_fallback_disabled_blocks" time="0.000" /><testcase classname="tests.test_dialogue_controller.TestDialogueController" name="test_rms_fallback_enabled_allows_strong" time="0.000" /><testcase classname="tests.test_dialogue_controller.TestDialogueController" name="test_should_stop_speaking_rejects_short_barge_in" time="0.000" /><testcase classname="tests.test_dialogue_controller.TestDialogueController" name="test_should_stop_speaking_requires_active_tts" time="0.000" /><testcase classname="tests.test_dialogue_controller.TestDialogueController" name="test_should_stop_speaking_voiced" time="0.000" /><testcase classname="tests.test_dialogue_controller.TestDialogueController" name="test_should_stop_speaking_with_partial" time="0.000" /><testcase classname="tests.test_dialogue_controller.TestDialogueController" name="test_state_machine_transitions" time="0.000" /><testcase classname="tests.test_dialogue_controller.TestDialogueController" name="test_voice_allows_barge_in_without_partial" time="0.000" /><testcase classname="tests.test_dialogue_controller.TestVoiceAssistantBargeIn" name="test_on_barge_in_skips_when_controller_blocks" time="0.000" /><testcase classname="tests.test_dialogue_controller.TestVoiceAssistantBargeIn" name="test_on_barge_in_stops_when_controller_allows" time="0.000" /><testcase classname="tests.test_dialogue_controller.TestVoiceAssistantBargeIn" name="test_shutdown_stops_player_and_cancels_generation" time="0.000" /><testcase classname="tests.test_integration.TestAudioSTTIntegration" name="test_barge_in_workflow" time="1.674" /><testcase classname="tests.test_integration.TestAudioSTTIntegration" name="test_recorded_audio_can_be_transcribed" time="0.007" /><testcase classname="tests.test_integration.TestFullPipeline" name="test_synthetic_speech_pipeline" time="0.011" /><testcase classname="tests.test_profiles.TestRuntimeProfiles" name="test_profile_latency_budgets_shape" time="0.000" /><testcase classname="tests.test_profiles.TestRuntimeProfiles" name="test_profiles_exist" time="0.000" /><testcase classname="tests.test_profiles.TestRuntimeProfiles" name="test_validate_profile_transport_config" time="0.000" /><testcase classname="tests.test_profiles.TestRuntimeProfiles" name="test_validate_profile_transport_config_flags_risky_combo" time="0.000" /><testcase classname="tests.test_profiles.TestRuntimeProfiles" name="test_validate_runtime_config_accepts_typical_values" time="0.000" /><testcase classname="tests.test_profiles.TestRuntimeProfiles" name="test_validate_runtime_config_rejects_invalid_values" time="0.000" /><testcase classname="tests.test_real_usage_open_data" name="test_open_source_real_usage_corpus_is_large_and_unique" time="0.019" /><testcase classname="tests.test_real_usage_open_data" name="test_real_usage_callback_expectations[user_jackson_0_clean_close]" time="0.207" /><testcase classname="tests.test_real_usage_open_data" name="test_real_usage_callback_expectations[user_jackson_0_quiet_far]" time="0.161" /><testcase classname="tests.test_real_usage_open_data" name="test_real_usage_callback_expectations[user_jackson_0_far_room]" time="0.157" /><testcase classname="tests.test_real_usage_open_data" name="test_real_usage_callback_expectations[user_jackson_0_over_tv]" time="0.160" /><testcase classname="tests.test_real_usage_open_data" name="test_real_usage_callback_expectations[user_jackson_0_over_music]" time="0.161" /><testcase classname="tests.test_real_usage_open_data" name="test_real_usage_callback_expectations[user_jackson_0_over_babble]" time="0.159" /><testcase classname="tests.test_real_usage_open_data" name="test_real_usage_callback_expectations[user_jackson_0_hvac_ramp]" time="0.157" /><testcase classname="tests.test_real_usage_open_data" name="test_real_usage_callback_expectations[user_jackson_0_clipped_mic]" time="0.160" /><testcase classname="tests.test_real_usage_open_data" name="test_real_usage_callback_expectations[user_jackson_0_sample_rate_44100]" time="0.159" /><testcase classname="tests.test_real_usage_open_data" name="test_real_usage_callback_expectations[user_jackson_0_sample_rate_48000]" time="0.158" /><testcase classname="tests.test_real_usage_open_data" name="test_real_usage_callback_expectations[user_jackson_0_cheap_usb_noise]" time="0.158" /><testcase classname="tests.test_real_usage_open_data" name="test_real_usage_callback_expectations[user_jackson_0_window_traffic]" time="0.160" /><testcase classname="tests.test_real_usage_open_data" name="test_real_usage_callback_expectations[background_jackson_0_distant_speech]" time="0.160"><failure message="AssertionError: Non-command background speech from jackson digit 0 with distant speech. Source=FSDD:0_jackson_0.wav. Open-data background speech should stay ignored in scenario 'distant_speech' for speaker 'jackson' digit 0.&#10;assert [array([-0.00...type=float32)] == []&#10;  Left contains one more item: array([-0.00443938, -0.00551872, -0.00542672, ...,  0.        ,\n        0.        ,  0.        ], dtype=float32)&#10;  Use -v to get more diff">case = RealUsageCase(name='background_jackson_0_distant_speech', kind='background_open_data', expectation='no_callback', audi...portance="Open-data background speech should stay ignored in scenario 'distant_speech' for speaker 'jackson' digit 0.")

    @pytest.mark.parametrize("case", CASES, ids=lambda case: case.name)
    def test_real_usage_callback_expectations(case: RealUsageCase):
        callbacks = _finish_recording_callbacks(case.audio)
        if case.expectation == "callback":
            assert callbacks, f"{case.description} Source={case.source}. {case.importance}"
        elif case.expectation == "no_callback":
&gt;           assert callbacks == [], f"{case.description} Source={case.source}. {case.importance}"
E           AssertionError: Non-command background speech from jackson digit 0 with distant speech. Source=FSDD:0_jackson_0.wav. Open-data background speech should stay ignored in scenario 'distant_speech' for speaker 'jackson' digit 0.
E           assert [array([-0.00...type=float32)] == []
E             Left contains one more item: array([-0.00443938, -0.00551872, -0.00542672, ...,  0.        ,\n        0.        ,  0.        ], dtype=float32)
E             Use -v to get more diff

tests/test_real_usage_open_data.py:231: AssertionError</failure></testcase><testcase classname="tests.test_real_usage_open_data" name="test_real_usage_callback_expectations[background_jackson_0_distant_speech_tv]" time="0.162"><failure message="AssertionError: Non-command background speech from jackson digit 0 with distant speech tv. Source=FSDD:0_jackson_0.wav. Open-data background speech should stay ignored in scenario 'distant_speech_tv' for speaker 'jackson' digit 0.&#10;assert [array([-0.00...type=float32)] == []&#10;  Left contains one more item: array([-0.00251688,  0.01493537, -0.0097715 , ...,  0.        ,\n        0.        ,  0.        ], dtype=float32)&#10;  Use -v to get more diff">case = RealUsageCase(name='background_jackson_0_distant_speech_tv', kind='background_open_data', expectation='no_callback', a...tance="Open-data background speech should stay ignored in scenario 'distant_speech_tv' for speaker 'jackson' digit 0.")

    @pytest.mark.parametrize("case", CASES, ids=lambda case: case.name)
    def test_real_usage_callback_expectations(case: RealUsageCase):
        callbacks = _finish_recording_callbacks(case.audio)
        if case.expectation == "callback":
            assert callbacks, f"{case.description} Source={case.source}. {case.importance}"
        elif case.expectation == "no_callback":
&gt;           assert callbacks == [], f"{case.description} Source={case.source}. {case.importance}"
E           AssertionError: Non-command background speech from jackson digit 0 with distant speech tv. Source=FSDD:0_jackson_0.wav. Open-data background speech should stay ignored in scenario 'distant_speech_tv' for speaker 'jackson' digit 0.
E           assert [array([-0.00...type=float32)] == []
E             Left contains one more item: array([-0.00251688,  0.01493537, -0.0097715 , ...,  0.        ,\n        0.        ,  0.        ], dtype=float32)
E             Use -v to get more diff

tests/test_real_usage_open_data.py:231: AssertionError</failure></testcase><testcase classname="tests.test_real_usage_open_data" name="test_real_usage_callback_expectations[background_jackson_0_distant_speech_music]" time="0.159"><failure message="AssertionError: Non-command background speech from jackson digit 0 with distant speech music. Source=FSDD:0_jackson_0.wav. Open-data background speech should stay ignored in scenario 'distant_speech_music' for speaker 'jackson' digit 0.&#10;assert [array([-0.04...type=float32)] == []&#10;  Left contains one more item: array([-0.0416458 , -0.02648572, -0.04670901, ...,  0.        ,\n        0.        ,  0.        ], dtype=float32)&#10;  Use -v to get more diff">case = RealUsageCase(name='background_jackson_0_distant_speech_music', kind='background_open_data', expectation='no_callback'...ce="Open-data background speech should stay ignored in scenario 'distant_speech_music' for speaker 'jackson' digit 0.")

    @pytest.mark.parametrize("case", CASES, ids=lambda case: case.name)
    def test_real_usage_callback_expectations(case: RealUsageCase):
        callbacks = _finish_recording_callbacks(case.audio)
        if case.expectation == "callback":
            assert callbacks, f"{case.description} Source={case.source}. {case.importance}"
        elif case.expectation == "no_callback":
&gt;           assert callbacks == [], f"{case.description} Source={case.source}. {case.importance}"
E           AssertionError: Non-command background speech from jackson digit 0 with distant speech music. Source=FSDD:0_jackson_0.wav. Open-data background speech should stay ignored in scenario 'distant_speech_music' for speaker 'jackson' digit 0.
E           assert [array([-0.04...type=float32)] == []
E             Left contains one more item: array([-0.0416458 , -0.02648572, -0.04670901, ...,  0.        ,\n        0.        ,  0.        ], dtype=float32)
E             Use -v to get more diff

tests/test_real_usage_open_data.py:231: AssertionError</failure></testcase><testcase classname="tests.test_real_usage_open_data" name="test_real_usage_callback_expectations[background_jackson_0_distant_speech_hvac]" time="0.159"><failure message="AssertionError: Non-command background speech from jackson digit 0 with distant speech hvac. Source=FSDD:0_jackson_0.wav. Open-data background speech should stay ignored in scenario 'distant_speech_hvac' for speaker 'jackson' digit 0.&#10;assert [array([ 0.00...type=float32)] == []&#10;  Left contains one more item: array([ 0.00934406, -0.05422705, -0.01041681, ...,  0.        ,\n        0.        ,  0.        ], dtype=float32)&#10;  Use -v to get more diff">case = RealUsageCase(name='background_jackson_0_distant_speech_hvac', kind='background_open_data', expectation='no_callback',...nce="Open-data background speech should stay ignored in scenario 'distant_speech_hvac' for speaker 'jackson' digit 0.")

    @pytest.mark.parametrize("case", CASES, ids=lambda case: case.name)
    def test_real_usage_callback_expectations(case: RealUsageCase):
        callbacks = _finish_recording_callbacks(case.audio)
        if case.expectation == "callback":
            assert callbacks, f"{case.description} Source={case.source}. {case.importance}"
        elif case.expectation == "no_callback":
&gt;           assert callbacks == [], f"{case.description} Source={case.source}. {case.importance}"
E           AssertionError: Non-command background speech from jackson digit 0 with distant speech hvac. Source=FSDD:0_jackson_0.wav. Open-data background speech should stay ignored in scenario 'distant_speech_hvac' for speaker 'jackson' digit 0.
E           assert [array([ 0.00...type=float32)] == []
E             Left contains one more item: array([ 0.00934406, -0.05422705, -0.01041681, ...,  0.        ,\n        0.        ,  0.        ], dtype=float32)
E             Use -v to get more diff

tests/test_real_usage_open_data.py:231: AssertionError</failure></testcase><testcase classname="tests.test_real_usage_open_data" name="test_real_usage_callback_expectations[background_jackson_0_distant_speech_clipped_speaker]" time="0.161"><failure message="AssertionError: Non-command background speech from jackson digit 0 with distant speech clipped speaker. Source=FSDD:0_jackson_0.wav. Open-data background speech should stay ignored in scenario 'distant_speech_clipped_speaker' for speaker 'jackson' digit 0.&#10;assert [array([-0.01...type=float32)] == []&#10;  Left contains one more item: array([-0.01115352, -0.01386222, -0.01362964, ...,  0.        ,\n        0.        ,  0.        ], dtype=float32)&#10;  Use -v to get more diff">case = RealUsageCase(name='background_jackson_0_distant_speech_clipped_speaker', kind='background_open_data', expectation='no...ata background speech should stay ignored in scenario 'distant_speech_clipped_speaker' for speaker 'jackson' digit 0.")

    @pytest.mark.parametrize("case", CASES, ids=lambda case: case.name)
    def test_real_usage_callback_expectations(case: RealUsageCase):
        callbacks = _finish_recording_callbacks(case.audio)
        if case.expectation == "callback":
            assert callbacks, f"{case.description} Source={case.source}. {case.importance}"
        elif case.expectation == "no_callback":
&gt;           assert callbacks == [], f"{case.description} Source={case.source}. {case.importance}"
E           AssertionError: Non-command background speech from jackson digit 0 with distant speech clipped speaker. Source=FSDD:0_jackson_0.wav. Open-data background speech should stay ignored in scenario 'distant_speech_clipped_speaker' for speaker 'jackson' digit 0.
E           assert [array([-0.01...type=float32)] == []
E             Left contains one more item: array([-0.01115352, -0.01386222, -0.01362964, ...,  0.        ,\n        0.        ,  0.        ], dtype=float32)
E             Use -v to get more diff

tests/test_real_usage_open_data.py:231: AssertionError</failure></testcase><testcase classname="tests.test_real_usage_open_data" name="test_real_usage_callback_expectations[background_jackson_0_distant_speech_resampled]" time="0.160"><failure message="AssertionError: Non-command background speech from jackson digit 0 with distant speech resampled. Source=FSDD:0_jackson_0.wav. Open-data background speech should stay ignored in scenario 'distant_speech_resampled' for speaker 'jackson' digit 0.&#10;assert [array([-0.00...type=float32)] == []&#10;  Left contains one more item: array([-0.00444159, -0.00551849, -0.00542619, ...,  0.        ,\n        0.        ,  0.        ], dtype=float32)&#10;  Use -v to get more diff">case = RealUsageCase(name='background_jackson_0_distant_speech_resampled', kind='background_open_data', expectation='no_callb...Open-data background speech should stay ignored in scenario 'distant_speech_resampled' for speaker 'jackson' digit 0.")

    @pytest.mark.parametrize("case", CASES, ids=lambda case: case.name)
    def test_real_usage_callback_expectations(case: RealUsageCase):
        callbacks = _finish_recording_callbacks(case.audio)
        if case.expectation == "callback":
            assert callbacks, f"{case.description} Source={case.source}. {case.importance}"
        elif case.expectation == "no_callback":
&gt;           assert callbacks == [], f"{case.description} Source={case.source}. {case.importance}"
E           AssertionError: Non-command background speech from jackson digit 0 with distant speech resampled. Source=FSDD:0_jackson_0.wav. Open-data background speech should stay ignored in scenario 'distant_speech_resampled' for speaker 'jackson' digit 0.
E           assert [array([-0.00...type=float32)] == []
E             Left contains one more item: array([-0.00444159, -0.00551849, -0.00542619, ...,  0.        ,\n        0.        ,  0.        ], dtype=float32)
E             Use -v to get more diff

tests/test_real_usage_open_data.py:231: AssertionError</failure></testcase><testcase classname="tests.test_real_usage_open_data" name="test_real_usage_callback_expectations[background_jackson_0_distant_speech_babble]" time="0.162"><failure message="AssertionError: Non-command background speech from jackson digit 0 with distant speech babble. Source=FSDD:0_jackson_0.wav. Open-data background speech should stay ignored in scenario 'distant_speech_babble' for speaker 'jackson' digit 0.&#10;assert [array([-0.00...type=float32)] == []&#10;  Left contains one more item: array([-0.00047911,  0.00616352,  0.01122724, ...,  0.        ,\n        0.        ,  0.        ], dtype=float32)&#10;  Use -v to get more diff">case = RealUsageCase(name='background_jackson_0_distant_speech_babble', kind='background_open_data', expectation='no_callback...e="Open-data background speech should stay ignored in scenario 'distant_speech_babble' for speaker 'jackson' digit 0.")

    @pytest.mark.parametrize("case", CASES, ids=lambda case: case.name)
    def test_real_usage_callback_expectations(case: RealUsageCase):
        callbacks = _finish_recording_callbacks(case.audio)
        if case.expectation == "callback":
            assert callbacks, f"{case.description} Source={case.source}. {case.importance}"
        elif case.expectation == "no_callback":
&gt;           assert callbacks == [], f"{case.description} Source={case.source}. {case.importance}"
E           AssertionError: Non-command background speech from jackson digit 0 with distant speech babble. Source=FSDD:0_jackson_0.wav. Open-data background speech should stay ignored in scenario 'distant_speech_babble' for speaker 'jackson' digit 0.
E           assert [array([-0.00...type=float32)] == []
E             Left contains one more item: array([-0.00047911,  0.00616352,  0.01122724, ...,  0.        ,\n        0.        ,  0.        ], dtype=float32)
E             Use -v to get more diff

tests/test_real_usage_open_data.py:231: AssertionError</failure></testcase><testcase classname="tests.test_real_usage_open_data" name="test_real_usage_callback_expectations[background_jackson_0_distant_speech_low_rumble]" time="0.162"><failure message="AssertionError: Non-command background speech from jackson digit 0 with distant speech low rumble. Source=FSDD:0_jackson_0.wav. Open-data background speech should stay ignored in scenario 'distant_speech_low_rumble' for speaker 'jackson' digit 0.&#10;assert [array([ 0.00...type=float32)] == []&#10;  Left contains one more item: array([ 0.00097772,  0.026464  , -0.06335104, ...,  0.        ,\n        0.        ,  0.        ], dtype=float32)&#10;  Use -v to get more diff">case = RealUsageCase(name='background_jackson_0_distant_speech_low_rumble', kind='background_open_data', expectation='no_call...pen-data background speech should stay ignored in scenario 'distant_speech_low_rumble' for speaker 'jackson' digit 0.")

    @pytest.mark.parametrize("case", CASES, ids=lambda case: case.name)
    def test_real_usage_callback_expectations(case: RealUsageCase):
        callbacks = _finish_recording_callbacks(case.audio)
        if case.expectation == "callback":
            assert callbacks, f"{case.description} Source={case.source}. {case.importance}"
        elif case.expectation == "no_callback":
&gt;           assert callbacks == [], f"{case.description} Source={case.source}. {case.importance}"
E           AssertionError: Non-command background speech from jackson digit 0 with distant speech low rumble. Source=FSDD:0_jackson_0.wav. Open-data background speech should stay ignored in scenario 'distant_speech_low_rumble' for speaker 'jackson' digit 0.
E           assert [array([ 0.00...type=float32)] == []
E             Left contains one more item: array([ 0.00097772,  0.026464  , -0.06335104, ...,  0.        ,\n        0.        ,  0.        ], dtype=float32)
E             Use -v to get more diff

tests/test_real_usage_open_data.py:231: AssertionError</failure></testcase><testcase classname="tests.test_real_usage_open_data" name="test_real_usage_callback_expectations[user_jackson_1_clean_close]" time="0.161" /><testcase classname="tests.test_real_usage_open_data" name="test_real_usage_callback_expectations[user_jackson_1_quiet_far]" time="0.160" /><testcase classname="tests.test_real_usage_open_data" name="test_real_usage_callback_expectations[user_jackson_1_far_room]" time="0.161" /><testcase classname="tests.test_real_usage_open_data" name="test_real_usage_callback_expectations[user_jackson_1_over_tv]" time="0.158" /><testcase classname="tests.test_real_usage_open_data" name="test_real_usage_callback_expectations[user_jackson_1_over_music]" time="0.159" /><testcase classname="tests.test_real_usage_open_data" name="test_real_usage_callback_expectations[user_jackson_1_over_babble]" time="0.157" /><testcase classname="tests.test_real_usage_open_data" name="test_real_usage_callback_expectations[user_jackson_1_hvac_ramp]" time="0.161" /><testcase classname="tests.test_real_usage_open_data" name="test_real_usage_callback_expectations[user_jackson_1_clipped_mic]" time="0.161" /><testcase classname="tests.test_real_usage_open_data" name="test_real_usage_callback_expectations[user_jackson_1_sample_rate_44100]" time="0.161" /><testcase classname="tests.test_real_usage_open_data" name="test_real_usage_callback_expectations[user_jackson_1_sample_rate_48000]" time="0.165" /><testcase classname="tests.test_real_usage_open_data" name="test_real_usage_callback_expectations[user_jackson_1_cheap_usb_noise]" time="0.161" /><testcase classname="tests.test_real_usage_open_data" name="test_real_usage_callback_expectations[user_jackson_1_window_traffic]" time="0.160" /><testcase classname="tests.test_real_usage_open_data" name="test_real_usage_callback_expectations[background_jackson_1_distant_speech]" time="0.161"><failure message="AssertionError: Non-command background speech from jackson digit 1 with distant speech. Source=FSDD:1_jackson_0.wav. Open-data background speech should stay ignored in scenario 'distant_speech' for speaker 'jackson' digit 1.&#10;assert [array([-0.00...type=float32)] == []&#10;  Left contains one more item: array([-0.00746937, -0.0091225 , -0.00900048, ...,  0.        ,\n        0.        ,  0.        ], dtype=float32)&#10;  Use -v to get more diff">case = RealUsageCase(name='background_jackson_1_distant_speech', kind='background_open_data', expectation='no_callback', audi...portance="Open-data background speech should stay ignored in scenario 'distant_speech' for speaker 'jackson' digit 1.")

    @pytest.mark.parametrize("case", CASES, ids=lambda case: case.name)
    def test_real_usage_callback_expectations(case: RealUsageCase):
        callbacks = _finish_recording_callbacks(case.audio)
        if case.expectation == "callback":
            assert callbacks, f"{case.description} Source={case.source}. {case.importance}"
        elif case.expectation == "no_callback":
&gt;           assert callbacks == [], f"{case.description} Source={case.source}. {case.importance}"
E           AssertionError: Non-command background speech from jackson digit 1 with distant speech. Source=FSDD:1_jackson_0.wav. Open-data background speech should stay ignored in scenario 'distant_speech' for speaker 'jackson' digit 1.
E           assert [array([-0.00...type=float32)] == []
E             Left contains one more item: array([-0.00746937, -0.0091225 , -0.00900048, ...,  0.        ,\n        0.        ,  0.        ], dtype=float32)
E             Use -v to get more diff

tests/test_real_usage_open_data.py:231: AssertionError</failure></testcase><testcase classname="tests.test_real_usage_open_data" name="test_real_usage_callback_expectations[background_jackson_1_distant_speech_tv]" time="0.162"><failure message="AssertionError: Non-command background speech from jackson digit 1 with distant speech tv. Source=FSDD:1_jackson_0.wav. Open-data background speech should stay ignored in scenario 'distant_speech_tv' for speaker 'jackson' digit 1.&#10;assert [array([-0.04...type=float32)] == []&#10;  Left contains one more item: array([-0.04925915, -0.01029904,  0.01539566, ...,  0.        ,\n        0.        ,  0.        ], dtype=float32)&#10;  Use -v to get more diff">case = RealUsageCase(name='background_jackson_1_distant_speech_tv', kind='background_open_data', expectation='no_callback', a...tance="Open-data background speech should stay ignored in scenario 'distant_speech_tv' for speaker 'jackson' digit 1.")

    @pytest.mark.parametrize("case", CASES, ids=lambda case: case.name)
    def test_real_usage_callback_expectations(case: RealUsageCase):
        callbacks = _finish_recording_callbacks(case.audio)
        if case.expectation == "callback":
            assert callbacks, f"{case.description} Source={case.source}. {case.importance}"
        elif case.expectation == "no_callback":
&gt;           assert callbacks == [], f"{case.description} Source={case.source}. {case.importance}"
E           AssertionError: Non-command background speech from jackson digit 1 with distant speech tv. Source=FSDD:1_jackson_0.wav. Open-data background speech should stay ignored in scenario 'distant_speech_tv' for speaker 'jackson' digit 1.
E           assert [array([-0.04...type=float32)] == []
E             Left contains one more item: array([-0.04925915, -0.01029904,  0.01539566, ...,  0.        ,\n        0.        ,  0.        ], dtype=float32)
E             Use -v to get more diff

tests/test_real_usage_open_data.py:231: AssertionError</failure></testcase><testcase classname="tests.test_real_usage_open_data" name="test_real_usage_callback_expectations[background_jackson_1_distant_speech_music]" time="0.163"><failure message="AssertionError: Non-command background speech from jackson digit 1 with distant speech music. Source=FSDD:1_jackson_0.wav. Open-data background speech should stay ignored in scenario 'distant_speech_music' for speaker 'jackson' digit 1.&#10;assert [array([-0.04...type=float32)] == []&#10;  Left contains one more item: array([-0.04651193, -0.03112038, -0.05231738, ...,  0.        ,\n        0.        ,  0.        ], dtype=float32)&#10;  Use -v to get more diff">case = RealUsageCase(name='background_jackson_1_distant_speech_music', kind='background_open_data', expectation='no_callback'...ce="Open-data background speech should stay ignored in scenario 'distant_speech_music' for speaker 'jackson' digit 1.")

    @pytest.mark.parametrize("case", CASES, ids=lambda case: case.name)
    def test_real_usage_callback_expectations(case: RealUsageCase):
        callbacks = _finish_recording_callbacks(case.audio)
        if case.expectation == "callback":
            assert callbacks, f"{case.description} Source={case.source}. {case.importance}"
        elif case.expectation == "no_callback":
&gt;           assert callbacks == [], f"{case.description} Source={case.source}. {case.importance}"
E           AssertionError: Non-command background speech from jackson digit 1 with distant speech music. Source=FSDD:1_jackson_0.wav. Open-data background speech should stay ignored in scenario 'distant_speech_music' for speaker 'jackson' digit 1.
E           assert [array([-0.04...type=float32)] == []
E             Left contains one more item: array([-0.04651193, -0.03112038, -0.05231738, ...,  0.        ,\n        0.        ,  0.        ], dtype=float32)
E             Use -v to get more diff

tests/test_real_usage_open_data.py:231: AssertionError</failure></testcase><testcase classname="tests.test_real_usage_open_data" name="test_real_usage_callback_expectations[background_jackson_1_distant_speech_hvac]" time="0.160"><failure message="AssertionError: Non-command background speech from jackson digit 1 with distant speech hvac. Source=FSDD:1_jackson_0.wav. Open-data background speech should stay ignored in scenario 'distant_speech_hvac' for speaker 'jackson' digit 1.&#10;assert [array([ 0.00...type=float32)] == []&#10;  Left contains one more item: array([ 0.00713269, -0.06071435, -0.0142862 , ...,  0.        ,\n        0.        ,  0.        ], dtype=float32)&#10;  Use -v to get more diff">case = RealUsageCase(name='background_jackson_1_distant_speech_hvac', kind='background_open_data', expectation='no_callback',...nce="Open-data background speech should stay ignored in scenario 'distant_speech_hvac' for speaker 'jackson' digit 1.")

    @pytest.mark.parametrize("case", CASES, ids=lambda case: case.name)
    def test_real_usage_callback_expectations(case: RealUsageCase):
        callbacks = _finish_recording_callbacks(case.audio)
        if case.expectation == "callback":
            assert callbacks, f"{case.description} Source={case.source}. {case.importance}"
        elif case.expectation == "no_callback":
&gt;           assert callbacks == [], f"{case.description} Source={case.source}. {case.importance}"
E           AssertionError: Non-command background speech from jackson digit 1 with distant speech hvac. Source=FSDD:1_jackson_0.wav. Open-data background speech should stay ignored in scenario 'distant_speech_hvac' for speaker 'jackson' digit 1.
E           assert [array([ 0.00...type=float32)] == []
E             Left contains one more item: array([ 0.00713269, -0.06071435, -0.0142862 , ...,  0.        ,\n        0.        ,  0.        ], dtype=float32)
E             Use -v to get more diff

tests/test_real_usage_open_data.py:231: AssertionError</failure></testcase><testcase classname="tests.test_real_usage_open_data" name="test_real_usage_callback_expectations[background_jackson_1_distant_speech_clipped_speaker]" time="0.169"><failure message="AssertionError: Non-command background speech from jackson digit 1 with distant speech clipped speaker. Source=FSDD:1_jackson_0.wav. Open-data background speech should stay ignored in scenario 'distant_speech_clipped_speaker' for speaker 'jackson' digit 1.&#10;assert [array([-0.01...type=float32)] == []&#10;  Left contains one more item: array([-0.01876106, -0.02290962, -0.02260645, ...,  0.        ,\n        0.        ,  0.        ], dtype=float32)&#10;  Use -v to get more diff">case = RealUsageCase(name='background_jackson_1_distant_speech_clipped_speaker', kind='background_open_data', expectation='no...ata background speech should stay ignored in scenario 'distant_speech_clipped_speaker' for speaker 'jackson' digit 1.")

    @pytest.mark.parametrize("case", CASES, ids=lambda case: case.name)
    def test_real_usage_callback_expectations(case: RealUsageCase):
        callbacks = _finish_recording_callbacks(case.audio)
        if case.expectation == "callback":
            assert callbacks, f"{case.description} Source={case.source}. {case.importance}"
        elif case.expectation == "no_callback":
&gt;           assert callbacks == [], f"{case.description} Source={case.source}. {case.importance}"
E           AssertionError: Non-command background speech from jackson digit 1 with distant speech clipped speaker. Source=FSDD:1_jackson_0.wav. Open-data background speech should stay ignored in scenario 'distant_speech_clipped_speaker' for speaker 'jackson' digit 1.
E           assert [array([-0.01...type=float32)] == []
E             Left contains one more item: array([-0.01876106, -0.02290962, -0.02260645, ...,  0.        ,\n        0.        ,  0.        ], dtype=float32)
E             Use -v to get more diff

tests/test_real_usage_open_data.py:231: AssertionError</failure></testcase><testcase classname="tests.test_real_usage_open_data" name="test_real_usage_callback_expectations[background_jackson_1_distant_speech_resampled]" time="0.162"><failure message="AssertionError: Non-command background speech from jackson digit 1 with distant speech resampled. Source=FSDD:1_jackson_0.wav. Open-data background speech should stay ignored in scenario 'distant_speech_resampled' for speaker 'jackson' digit 1.&#10;assert [array([-0.00...type=float32)] == []&#10;  Left contains one more item: array([-0.00746865, -0.00912169, -0.00899946, ...,  0.        ,\n        0.        ,  0.        ], dtype=float32)&#10;  Use -v to get more diff">case = RealUsageCase(name='background_jackson_1_distant_speech_resampled', kind='background_open_data', expectation='no_callb...Open-data background speech should stay ignored in scenario 'distant_speech_resampled' for speaker 'jackson' digit 1.")

    @pytest.mark.parametrize("case", CASES, ids=lambda case: case.name)
    def test_real_usage_callback_expectations(case: RealUsageCase):
        callbacks = _finish_recording_callbacks(case.audio)
        if case.expectation == "callback":
            assert callbacks, f"{case.description} Source={case.source}. {case.importance}"
        elif case.expectation == "no_callback":
&gt;           assert callbacks == [], f"{case.description} Source={case.source}. {case.importance}"
E           AssertionError: Non-command background speech from jackson digit 1 with distant speech resampled. Source=FSDD:1_jackson_0.wav. Open-data background speech should stay ignored in scenario 'distant_speech_resampled' for speaker 'jackson' digit 1.
E           assert [array([-0.00...type=float32)] == []
E             Left contains one more item: array([-0.00746865, -0.00912169, -0.00899946, ...,  0.        ,\n        0.        ,  0.        ], dtype=float32)
E             Use -v to get more diff

tests/test_real_usage_open_data.py:231: AssertionError</failure></testcase><testcase classname="tests.test_real_usage_open_data" name="test_real_usage_callback_expectations[background_jackson_1_distant_speech_babble]" time="0.159"><failure message="AssertionError: Non-command background speech from jackson digit 1 with distant speech babble. Source=FSDD:1_jackson_0.wav. Open-data background speech should stay ignored in scenario 'distant_speech_babble' for speaker 'jackson' digit 1.&#10;assert [array([-0.00...type=float32)] == []&#10;  Left contains one more item: array([-0.0032719 ,  0.00325518,  0.00864023, ...,  0.        ,\n        0.        ,  0.        ], dtype=float32)&#10;  Use -v to get more diff">case = RealUsageCase(name='background_jackson_1_distant_speech_babble', kind='background_open_data', expectation='no_callback...e="Open-data background speech should stay ignored in scenario 'distant_speech_babble' for speaker 'jackson' digit 1.")

    @pytest.mark.parametrize("case", CASES, ids=lambda case: case.name)
    def test_real_usage_callback_expectations(case: RealUsageCase):
        callbacks = _finish_recording_callbacks(case.audio)
        if case.expectation == "callback":
            assert callbacks, f"{case.description} Source={case.source}. {case.importance}"
        elif case.expectation == "no_callback":
&gt;           assert callbacks == [], f"{case.description} Source={case.source}. {case.importance}"
E           AssertionError: Non-command background speech from jackson digit 1 with distant speech babble. Source=FSDD:1_jackson_0.wav. Open-data background speech should stay ignored in scenario 'distant_speech_babble' for speaker 'jackson' digit 1.
E           assert [array([-0.00...type=float32)] == []
E             Left contains one more item: array([-0.0032719 ,  0.00325518,  0.00864023, ...,  0.        ,\n        0.        ,  0.        ], dtype=float32)
E             Use -v to get more diff

tests/test_real_usage_open_data.py:231: AssertionError</failure></testcase><testcase classname="tests.test_real_usage_open_data" name="test_real_usage_callback_expectations[background_jackson_1_distant_speech_low_rumble]" time="0.160"><failure message="AssertionError: Non-command background speech from jackson digit 1 with distant speech low rumble. Source=FSDD:1_jackson_0.wav. Open-data background speech should stay ignored in scenario 'distant_speech_low_rumble' for speaker 'jackson' digit 1.&#10;assert [array([-0.12...type=float32)] == []&#10;  Left contains one more item: array([-0.12100139, -0.0561235 , -0.07169528, ...,  0.        ,\n        0.        ,  0.        ], dtype=float32)&#10;  Use -v to get more diff">case = RealUsageCase(name='background_jackson_1_distant_speech_low_rumble', kind='background_open_data', expectation='no_call...pen-data background speech should stay ignored in scenario 'distant_speech_low_rumble' for speaker 'jackson' digit 1.")

    @pytest.mark.parametrize("case", CASES, ids=lambda case: case.name)
    def test_real_usage_callback_expectations(case: RealUsageCase):
        callbacks = _finish_recording_callbacks(case.audio)
        if case.expectation == "callback":
            assert callbacks, f"{case.description} Source={case.source}. {case.importance}"
        elif case.expectation == "no_callback":
&gt;           assert callbacks == [], f"{case.description} Source={case.source}. {case.importance}"
E           AssertionError: Non-command background speech from jackson digit 1 with distant speech low rumble. Source=FSDD:1_jackson_0.wav. Open-data background speech should stay ignored in scenario 'distant_speech_low_rumble' for speaker 'jackson' digit 1.
E           assert [array([-0.12...type=float32)] == []
E             Left contains one more item: array([-0.12100139, -0.0561235 , -0.07169528, ...,  0.        ,\n        0.        ,  0.        ], dtype=float32)
E             Use -v to get more diff

tests/test_real_usage_open_data.py:231: AssertionError</failure></testcase><testcase classname="tests.test_real_usage_open_data" name="test_real_usage_callback_expectations[user_jackson_2_clean_close]" time="0.159" /><testcase classname="tests.test_real_usage_open_data" name="test_real_usage_callback_expectations[user_jackson_2_quiet_far]" time="0.161" /><testcase classname="tests.test_real_usage_open_data" name="test_real_usage_callback_expectations[user_jackson_2_far_room]" time="0.161" /><testcase classname="tests.test_real_usage_open_data" name="test_real_usage_callback_expectations[user_jackson_2_over_tv]" time="0.160" /><testcase classname="tests.test_real_usage_open_data" name="test_real_usage_callback_expectations[user_jackson_2_over_music]" time="0.163" /><testcase classname="tests.test_real_usage_open_data" name="test_real_usage_callback_expectations[user_jackson_2_over_babble]" time="0.161" /><testcase classname="tests.test_real_usage_open_data" name="test_real_usage_callback_expectations[user_jackson_2_hvac_ramp]" time="0.161" /><testcase classname="tests.test_real_usage_open_data" name="test_real_usage_callback_expectations[user_jackson_2_clipped_mic]" time="0.161" /><testcase classname="tests.test_real_usage_open_data" name="test_real_usage_callback_expectations[user_jackson_2_sample_rate_44100]" time="0.159" /><testcase classname="tests.test_real_usage_open_data" name="test_real_usage_callback_expectations[user_jackson_2_sample_rate_48000]" time="0.161" /><testcase classname="tests.test_real_usage_open_data" name="test_real_usage_callback_expectations[user_jackson_2_cheap_usb_noise]" time="0.162" /><testcase classname="tests.test_real_usage_open_data" name="test_real_usage_callback_expectations[user_jackson_2_window_traffic]" time="0.162" /><testcase classname="tests.test_real_usage_open_data" name="test_real_usage_callback_expectations[background_jackson_2_distant_speech]" time="0.161"><failure message="AssertionError: Non-command background speech from jackson digit 2 with distant speech. Source=FSDD:2_jackson_0.wav. Open-data background speech should stay ignored in scenario 'distant_speech' for speaker 'jackson' digit 2.&#10;assert [array([-0.01...type=float32)] == []&#10;  Left contains one more item: array([-0.01160707, -0.0215311 , -0.01315458, ...,  0.        ,\n        0.        ,  0.        ], dtype=float32)&#10;  Use -v to get more diff">case = RealUsageCase(name='background_jackson_2_distant_speech', kind='background_open_data', expectation='no_callback', audi...portance="Open-data background speech should stay ignored in scenario 'distant_speech' for speaker 'jackson' digit 2.")

    @pytest.mark.parametrize("case", CASES, ids=lambda case: case.name)
    def test_real_usage_callback_expectations(case: RealUsageCase):
        callbacks = _finish_recording_callbacks(case.audio)
        if case.expectation == "callback":
            assert callbacks, f"{case.description} Source={case.source}. {case.importance}"
        elif case.expectation == "no_callback":
&gt;           assert callbacks == [], f"{case.description} Source={case.source}. {case.importance}"
E           AssertionError: Non-command background speech from jackson digit 2 with distant speech. Source=FSDD:2_jackson_0.wav. Open-data background speech should stay ignored in scenario 'distant_speech' for speaker 'jackson' digit 2.
E           assert [array([-0.01...type=float32)] == []
E             Left contains one more item: array([-0.01160707, -0.0215311 , -0.01315458, ...,  0.        ,\n        0.        ,  0.        ], dtype=float32)
E             Use -v to get more diff

tests/test_real_usage_open_data.py:231: AssertionError</failure></testcase><testcase classname="tests.test_real_usage_open_data" name="test_real_usage_callback_expectations[background_jackson_2_distant_speech_tv]" time="0.161"><failure message="AssertionError: Non-command background speech from jackson digit 2 with distant speech tv. Source=FSDD:2_jackson_0.wav. Open-data background speech should stay ignored in scenario 'distant_speech_tv' for speaker 'jackson' digit 2.&#10;assert [array([-0.05...type=float32)] == []&#10;  Left contains one more item: array([-0.05625657,  0.01024732, -0.02874099, ...,  0.        ,\n        0.        ,  0.        ], dtype=float32)&#10;  Use -v to get more diff">case = RealUsageCase(name='background_jackson_2_distant_speech_tv', kind='background_open_data', expectation='no_callback', a...tance="Open-data background speech should stay ignored in scenario 'distant_speech_tv' for speaker 'jackson' digit 2.")

    @pytest.mark.parametrize("case", CASES, ids=lambda case: case.name)
    def test_real_usage_callback_expectations(case: RealUsageCase):
        callbacks = _finish_recording_callbacks(case.audio)
        if case.expectation == "callback":
            assert callbacks, f"{case.description} Source={case.source}. {case.importance}"
        elif case.expectation == "no_callback":
&gt;           assert callbacks == [], f"{case.description} Source={case.source}. {case.importance}"
E           AssertionError: Non-command background speech from jackson digit 2 with distant speech tv. Source=FSDD:2_jackson_0.wav. Open-data background speech should stay ignored in scenario 'distant_speech_tv' for speaker 'jackson' digit 2.
E           assert [array([-0.05...type=float32)] == []
E             Left contains one more item: array([-0.05625657,  0.01024732, -0.02874099, ...,  0.        ,\n        0.        ,  0.        ], dtype=float32)
E             Use -v to get more diff

tests/test_real_usage_open_data.py:231: AssertionError</failure></testcase><testcase classname="tests.test_real_usage_open_data" name="test_real_usage_callback_expectations[background_jackson_2_distant_speech_music]" time="0.162"><failure message="AssertionError: Non-command background speech from jackson digit 2 with distant speech music. Source=FSDD:2_jackson_0.wav. Open-data background speech should stay ignored in scenario 'distant_speech_music' for speaker 'jackson' digit 2.&#10;assert [array([-0.04...type=float32)] == []&#10;  Left contains one more item: array([-0.04925624, -0.04274739, -0.05492637, ...,  0.        ,\n        0.        ,  0.        ], dtype=float32)&#10;  Use -v to get more diff">case = RealUsageCase(name='background_jackson_2_distant_speech_music', kind='background_open_data', expectation='no_callback'...ce="Open-data background speech should stay ignored in scenario 'distant_speech_music' for speaker 'jackson' digit 2.")

    @pytest.mark.parametrize("case", CASES, ids=lambda case: case.name)
    def test_real_usage_callback_expectations(case: RealUsageCase):
        callbacks = _finish_recording_callbacks(case.audio)
        if case.expectation == "callback":
            assert callbacks, f"{case.description} Source={case.source}. {case.importance}"
        elif case.expectation == "no_callback":
&gt;           assert callbacks == [], f"{case.description} Source={case.source}. {case.importance}"
E           AssertionError: Non-command background speech from jackson digit 2 with distant speech music. Source=FSDD:2_jackson_0.wav. Open-data background speech should stay ignored in scenario 'distant_speech_music' for speaker 'jackson' digit 2.
E           assert [array([-0.04...type=float32)] == []
E             Left contains one more item: array([-0.04925624, -0.04274739, -0.05492637, ...,  0.        ,\n        0.        ,  0.        ], dtype=float32)
E             Use -v to get more diff

tests/test_real_usage_open_data.py:231: AssertionError</failure></testcase><testcase classname="tests.test_real_usage_open_data" name="test_real_usage_callback_expectations[background_jackson_2_distant_speech_hvac]" time="0.161"><failure message="AssertionError: Non-command background speech from jackson digit 2 with distant speech hvac. Source=FSDD:2_jackson_0.wav. Open-data background speech should stay ignored in scenario 'distant_speech_hvac' for speaker 'jackson' digit 2.&#10;assert [array([ 0.00...type=float32)] == []&#10;  Left contains one more item: array([ 0.00272518, -0.07217569, -0.01834618, ...,  0.        ,\n        0.        ,  0.        ], dtype=float32)&#10;  Use -v to get more diff">case = RealUsageCase(name='background_jackson_2_distant_speech_hvac', kind='background_open_data', expectation='no_callback',...nce="Open-data background speech should stay ignored in scenario 'distant_speech_hvac' for speaker 'jackson' digit 2.")

    @pytest.mark.parametrize("case", CASES, ids=lambda case: case.name)
    def test_real_usage_callback_expectations(case: RealUsageCase):
        callbacks = _finish_recording_callbacks(case.audio)
        if case.expectation == "callback":
            assert callbacks, f"{case.description} Source={case.source}. {case.importance}"
        elif case.expectation == "no_callback":
&gt;           assert callbacks == [], f"{case.description} Source={case.source}. {case.importance}"
E           AssertionError: Non-command background speech from jackson digit 2 with distant speech hvac. Source=FSDD:2_jackson_0.wav. Open-data background speech should stay ignored in scenario 'distant_speech_hvac' for speaker 'jackson' digit 2.
E           assert [array([ 0.00...type=float32)] == []
E             Left contains one more item: array([ 0.00272518, -0.07217569, -0.01834618, ...,  0.        ,\n        0.        ,  0.        ], dtype=float32)
E             Use -v to get more diff

tests/test_real_usage_open_data.py:231: AssertionError</failure></testcase></testsuite></testsuites>