<?xml version="1.0" encoding="utf-8"?><testsuites><testsuite name="pytest" errors="0" failures="20" skipped="0" tests="201" time="37.828" timestamp="2026-05-02T16:20:04.963030" hostname="dobo-ROG-Strix-G634JY-G634JY"><testcase classname="tests.test_audio.TestNLMSEchoCanceller" name="test_basic_echo_cancellation" time="0.002" /><testcase classname="tests.test_audio.TestNLMSEchoCanceller" name="test_multiple_frames_adaptation" time="0.001" /><testcase classname="tests.test_audio.TestNLMSEchoCanceller" name="test_passthrough_without_reference" time="0.009" /><testcase classname="tests.test_audio.TestNLMSEchoCanceller" name="test_reference_consumed_incrementally" time="0.000" /><testcase classname="tests.test_audio.TestNLMSEchoCanceller" name="test_reset_clears_state" time="0.000" /><testcase classname="tests.test_audio.TestSileroVAD" name="test_probability_range" time="0.091" /><testcase classname="tests.test_audio.TestSileroVAD" name="test_silence_not_speech" time="0.001" /><testcase classname="tests.test_audio.TestSileroVAD" name="test_singleton" time="0.000" /><testcase classname="tests.test_audio.TestSentenceSplitter" name="test_empty_text" time="0.000" /><testcase classname="tests.test_audio.TestSentenceSplitter" name="test_multiple_sentences" time="0.000" /><testcase classname="tests.test_audio.TestSentenceSplitter" name="test_no_punctuation" time="0.000" /><testcase classname="tests.test_audio.TestSentenceSplitter" name="test_short_fragments_merged" time="0.000" /><testcase classname="tests.test_audio.TestSentenceSplitter" name="test_short_merge" time="0.000" /><testcase classname="tests.test_audio.TestSentenceSplitter" name="test_single_sentence" time="0.000" /><testcase classname="tests.test_audio.TestAudioDeviceDetection" name="test_get_default_input_device" time="0.000" /><testcase classname="tests.test_audio.TestAudioDeviceDetection" name="test_get_default_output_device" time="0.000" /><testcase classname="tests.test_audio.TestAudioDeviceDetection" name="test_list_devices_returns_without_error" time="0.000" /><testcase classname="tests.test_audio.TestAudioRecorder" name="test_adaptive_vad_threshold_from_noise" time="0.173" /><testcase classname="tests.test_audio.TestAudioRecorder" name="test_echo_similarity_threshold" time="0.173" /><testcase classname="tests.test_audio.TestAudioRecorder" name="test_min_rms_ratio_blocks_low_energy" time="0.170" /><testcase classname="tests.test_audio.TestAudioRecorder" name="test_nlms_aec_reduces_echo_energy" time="0.216" /><testcase classname="tests.test_audio.TestAudioRecorder" name="test_recorder_barge_in_callback" time="0.165" /><testcase classname="tests.test_audio.TestAudioRecorder" name="test_recorder_detects_device_sample_rate" time="0.167" /><testcase classname="tests.test_audio.TestAudioRecorder" name="test_recorder_initialization" time="0.166" /><testcase classname="tests.test_audio.TestAudioRecorder" name="test_recorder_pause_resume" time="0.257" /><testcase classname="tests.test_audio.TestAudioRecorder" name="test_recorder_sample_rate_property" time="0.174" /><testcase classname="tests.test_audio.TestAudioRecorder" name="test_recorder_set_assistant_speaking" time="0.163" /><testcase classname="tests.test_audio.TestAudioRecorder" name="test_recorder_start_stop" time="0.676" /><testcase classname="tests.test_audio.TestAudioRecorder" name="test_recorder_with_custom_threshold" time="0.219" /><testcase classname="tests.test_audio.TestAudioRecorder" name="test_simple_voiced_fallback" time="0.171" /><testcase classname="tests.test_audio.TestVoiceGates" name="test_diagnostics_log_creates_parent_directory" time="0.173" /><testcase classname="tests.test_audio.TestVoiceGates" name="test_listener_state_transitions_tts_recover" time="0.173" /><testcase classname="tests.test_audio.TestVoiceGates" name="test_speaker_verifier_allows_callback_when_accepted" time="0.177" /><testcase classname="tests.test_audio.TestVoiceGates" name="test_speaker_verifier_blocks_callback_when_rejected" time="0.172" /><testcase classname="tests.test_audio.TestVoiceGates" name="test_wakeword_gate_blocks_until_armed" time="0.000" /><testcase classname="tests.test_audio.TestVoiceGates" name="test_wakeword_score_filter_uses_selected_label" time="0.000" /><testcase classname="tests.test_audio.TestSelfInterruptionPrevention" name="test_echo_similarity_blocks_own_output" time="0.175" /><testcase classname="tests.test_audio.TestSelfInterruptionPrevention" name="test_higher_silero_threshold_in_barge_in_mode" time="0.172" /><testcase classname="tests.test_audio.TestSelfInterruptionPrevention" name="test_ref_samples_consumed_tracks_position" time="0.168" /><testcase classname="tests.test_audio.TestBargeInDetector" name="test_echo_heavy_frame_is_blocked" time="0.000" /><testcase classname="tests.test_audio.TestBargeInDetector" name="test_low_confidence_frame_resets_counter" time="0.000" /><testcase classname="tests.test_audio.TestBargeInDetector" name="test_real_voiced_speech_triggers_after_min_duration" time="0.000" /><testcase classname="tests.test_audio.TestBargeInDetector" name="test_strong_unvoiced_energy_can_trigger" time="0.000" /><testcase classname="tests.test_audio.TestAudioPlayer" name="test_player_initialization" time="0.987" /><testcase classname="tests.test_audio.TestAudioPlayer" name="test_player_stop_when_not_playing" time="0.832" /><testcase classname="tests.test_bargein_contracts.TestBargeInDetectorScore" name="test_echo_above_threshold_scores_minus_ten" time="0.000" /><testcase classname="tests.test_bargein_contracts.TestBargeInDetectorScore" name="test_echo_just_below_threshold_not_blocked" time="0.000" /><testcase classname="tests.test_bargein_contracts.TestBargeInDetectorScore" name="test_energy_only_at_3x_threshold_scores_25_when_calibrated" time="0.000" /><testcase classname="tests.test_bargein_contracts.TestBargeInDetectorScore" name="test_energy_only_at_3x_threshold_uncalibrated_scores_15" time="0.000" /><testcase classname="tests.test_bargein_contracts.TestBargeInDetectorScore" name="test_energy_only_below_3x_threshold_scores_below_2" time="0.000" /><testcase classname="tests.test_bargein_contracts.TestBargeInDetectorScore" name="test_silence_scores_negative" time="0.000" /><testcase classname="tests.test_bargein_contracts.TestBargeInDetectorScore" name="test_voiced_alone_scores_exactly_2" time="0.000" /><testcase classname="tests.test_bargein_contracts.TestBargeInDetectorScore" name="test_voiced_plus_energy_at_15x_scores_35" time="0.000" /><testcase classname="tests.test_bargein_contracts.TestBargeInDetectorScore" name="test_voiced_plus_energy_at_1x_scores_3" time="0.000" /><testcase classname="tests.test_bargein_contracts.TestAdaptiveEchoThreshold" name="test_adaptive_threshold_midpoint" time="0.000" /><testcase classname="tests.test_bargein_contracts.TestAdaptiveEchoThreshold" name="test_echo_blocked_at_adaptive_threshold_when_tts_loud" time="0.000" /><testcase classname="tests.test_bargein_contracts.TestAdaptiveEchoThreshold" name="test_echo_hard_blocked_at_full_threshold_no_tts" time="0.000" /><testcase classname="tests.test_bargein_contracts.TestAdaptiveEchoThreshold" name="test_echo_not_blocked_when_tts_quiet" time="0.000" /><testcase classname="tests.test_bargein_contracts.TestAdaptiveEchoThreshold" name="test_energy_path_suppressed_when_tts_reference_active" time="0.000" /><testcase classname="tests.test_bargein_contracts.TestAdaptiveEchoThreshold" name="test_energy_path_works_without_tts_reference" time="0.118" /><testcase classname="tests.test_bargein_contracts.TestAdaptiveEchoThreshold" name="test_unvoiced_is_blocked_by_adaptive_echo_threshold" time="0.000" /><testcase classname="tests.test_bargein_contracts.TestAdaptiveEchoThreshold" name="test_voiced_does_not_override_hard_echo_block" time="0.000" /><testcase classname="tests.test_bargein_contracts.TestAdaptiveEchoThreshold" name="test_voiced_overrides_adaptive_echo_block_at_moderate_similarity" time="0.000" /><testcase classname="tests.test_bargein_contracts.TestAdaptiveEchoThreshold" name="test_voiced_speech_fires_despite_loud_tts" time="0.000" /><testcase classname="tests.test_bargein_contracts.TestAccumulatorBehavior" name="test_3_voiced_frames_do_not_fire" time="0.000" /><testcase classname="tests.test_bargein_contracts.TestAccumulatorBehavior" name="test_4_voiced_frames_fire" time="0.000" /><testcase classname="tests.test_bargein_contracts.TestAccumulatorBehavior" name="test_echo_frame_resets_counter" time="0.000" /><testcase classname="tests.test_bargein_contracts.TestAccumulatorBehavior" name="test_single_quiet_frame_resets_counter" time="0.000" /><testcase classname="tests.test_bargein_contracts.TestNoiseGateBoundary" name="test_blocked_just_below_3x" time="0.000" /><testcase classname="tests.test_bargein_contracts.TestNoiseGateBoundary" name="test_none_noise_floor_always_passes" time="0.000" /><testcase classname="tests.test_bargein_contracts.TestNoiseGateBoundary" name="test_passes_at_exactly_3x" time="0.000" /><testcase classname="tests.test_bargein_contracts.TestNoiseGateBoundary" name="test_speech_at_4x_passes" time="0.000" /><testcase classname="tests.test_bargein_contracts.TestNoiseGateBoundary" name="test_tv_noise_blocked_at_calibrated_level" time="0.001" /><testcase classname="tests.test_bargein_contracts.TestEchoGateContract" name="test_echo_gate_threshold_is_045" time="0.000" /><testcase classname="tests.test_bargein_contracts.TestEchoGateContract" name="test_perfect_echo_never_fires" time="0.259" /><testcase classname="tests.test_bargein_contracts.TestEchoGateContract" name="test_unrelated_speech_over_echo_fires" time="0.275" /><testcase classname="tests.test_bargein_contracts.TestSileroPathContract" name="test_energy_only_path_fires_when_calibrated" time="0.274" /><testcase classname="tests.test_bargein_contracts.TestSileroPathContract" name="test_human_voice_at_moderate_amplitude_fires_via_silero" time="0.279" /><testcase classname="tests.test_bargein_contracts.TestSileroPathContract" name="test_synthetic_voice_low_amplitude_does_NOT_fire" time="0.281" /><testcase classname="tests.test_bargein_contracts.TestStateMachineContracts" name="test_never_idle_during_active_recording" time="0.302" /><testcase classname="tests.test_bargein_contracts.TestStateMachineContracts" name="test_recover_expires_to_idle" time="0.627" /><testcase classname="tests.test_bargein_contracts.TestStateMachineContracts" name="test_state_idle_after_callback" time="0.479" /><testcase classname="tests.test_bargein_contracts.TestStateMachineContracts" name="test_state_idle_after_tts_barge_in" time="0.534" /><testcase classname="tests.test_bargein_contracts.TestStateMachineContracts" name="test_tts_start_transitions_to_assistant_speaking" time="0.264" /><testcase classname="tests.test_bargein_contracts.TestStateMachineContracts" name="test_tts_stop_transitions_to_recover" time="0.265" /><testcase classname="tests.test_bargein_contracts.TestSNRBasedBargeIn" name="test_human_voice_mixed_with_noise_fires_at_positive_snr" time="0.281" /><testcase classname="tests.test_bargein_contracts.TestSNRBasedBargeIn" name="test_noise_only_at_5_seconds_never_fires" time="0.275" /><testcase classname="tests.test_bargein_contracts.TestSNRBasedBargeIn" name="test_speech_at_positive_snr_fires" time="0.276" /><testcase classname="tests.test_bargein_contracts.TestFalsePositiveGuard" name="test_dead_silence_never_fires" time="0.257" /><testcase classname="tests.test_bargein_contracts.TestFalsePositiveGuard" name="test_multiple_click_bursts_never_fire" time="0.267" /><testcase classname="tests.test_bargein_contracts.TestFalsePositiveGuard" name="test_pure_tone_440hz_never_fires" time="0.268" /><testcase classname="tests.test_bargein_contracts.TestFalsePositiveGuard" name="test_short_click_burst_never_fires" time="0.267" /><testcase classname="tests.test_bargein_contracts.TestFalsePositiveGuard" name="test_tv_noise_3sec_never_fires" time="0.278" /><testcase classname="tests.test_bargein_contracts.TestWakewordGateContracts" name="test_strict_mode_10_injections_no_callback" time="0.677" /><testcase classname="tests.test_bargein_contracts.TestWakewordGateContracts" name="test_strict_mode_fires_immediately_after_arm" time="0.411" /><testcase classname="tests.test_bargein_contracts.TestWakewordGateContracts" name="test_strict_mode_gate_closes_after_one_utterance" time="1.115" /><testcase classname="tests.test_bargein_scenarios.TestFixtureDiagnostics" name="test_fixture_availability" time="0.001" /><testcase classname="tests.test_bargein_scenarios.TestBargeInScenarios" name="test_bargein_latency_slo" time="0.264" /><testcase classname="tests.test_bargein_scenarios.TestBargeInScenarios" name="test_fsm_state_after_tts_stop" time="0.610" /><testcase classname="tests.test_bargein_scenarios.TestBargeInScenarios" name="test_human_voice_during_tts_bargein" time="0.260" /><testcase classname="tests.test_bargein_scenarios.TestBargeInScenarios" name="test_hybrid_recovery_opens_after_miss_limit" time="0.329" /><testcase classname="tests.test_bargein_scenarios.TestBargeInScenarios" name="test_self_echo_no_bargein" time="0.271" /><testcase classname="tests.test_bargein_scenarios.TestBargeInScenarios" name="test_short_burst_no_bargein" time="0.269" /><testcase classname="tests.test_bargein_scenarios.TestBargeInScenarios" name="test_silence_no_bargein" time="0.272" /><testcase classname="tests.test_bargein_scenarios.TestBargeInScenarios" name="test_speech_after_wakeword_callback" time="0.318" /><testcase classname="tests.test_bargein_scenarios.TestBargeInScenarios" name="test_speech_without_wakeword_no_callback" time="0.269" /><testcase classname="tests.test_bargein_scenarios.TestBargeInScenarios" name="test_tv_noise_no_bargein" time="0.300" /><testcase classname="tests.test_bargein_scenarios.TestLayeredPoliciesViaHarness" name="test_noise_gate_prevents_bargein_at_background_level" time="0.811" /><testcase classname="tests.test_bargein_scenarios.TestLayeredPoliciesViaHarness" name="test_voiced_speech_reliably_triggers_across_amplitudes" time="0.814" /><testcase classname="tests.test_bargein_scenarios.TestWakewordGatingViaHarness" name="test_legacy_compatible_policy_always_open" time="0.320" /><testcase classname="tests.test_bargein_scenarios.TestWakewordGatingViaHarness" name="test_multiple_sequential_utterances" time="0.601" /><testcase classname="tests.test_capabilities.TestCapabilityRegistry" name="test_default_registry_has_builtins" time="0.000" /><testcase classname="tests.test_capabilities.TestCapabilityRegistry" name="test_missing_capability" time="0.000" /><testcase classname="tests.test_capabilities.TestCapabilityRegistry" name="test_register_and_invoke" time="0.000" /><testcase classname="tests.test_conversation_simulation" name="test_happy_path_streams_llm_sentences_to_tts" time="0.526" /><testcase classname="tests.test_conversation_simulation" name="test_stop_command_short_circuits_llm_and_tts" time="0.474" /><testcase classname="tests.test_conversation_simulation" name="test_user_barge_in_cancels_streaming_tts" time="0.710" /><testcase classname="tests.test_conversation_simulation" name="test_tts_self_echo_does_not_trigger_barge_in" time="0.817" /><testcase classname="tests.test_conversation_simulation" name="test_noisy_room_still_completes_conversation" time="0.532" /><testcase classname="tests.test_conversation_simulation" name="test_wakeword_gate_blocks_then_allows_conversation" time="0.959" /><testcase classname="tests.test_dialogue_controller.TestDialogueController" name="test_echo_info_blocks_even_if_voiced" time="0.000" /><testcase classname="tests.test_dialogue_controller.TestDialogueController" name="test_echo_partial_does_not_stop_speaking" time="0.000" /><testcase classname="tests.test_dialogue_controller.TestDialogueController" name="test_ignore_transcript_rules" time="0.000" /><testcase classname="tests.test_dialogue_controller.TestDialogueController" name="test_non_echo_partial_stops_speaking" time="0.000" /><testcase classname="tests.test_dialogue_controller.TestDialogueController" name="test_rms_fallback_disabled_blocks" time="0.000" /><testcase classname="tests.test_dialogue_controller.TestDialogueController" name="test_rms_fallback_enabled_allows_strong" time="0.000" /><testcase classname="tests.test_dialogue_controller.TestDialogueController" name="test_should_stop_speaking_rejects_short_barge_in" time="0.000" /><testcase classname="tests.test_dialogue_controller.TestDialogueController" name="test_should_stop_speaking_requires_active_tts" time="0.000" /><testcase classname="tests.test_dialogue_controller.TestDialogueController" name="test_should_stop_speaking_voiced" time="0.000" /><testcase classname="tests.test_dialogue_controller.TestDialogueController" name="test_should_stop_speaking_with_partial" time="0.000" /><testcase classname="tests.test_dialogue_controller.TestDialogueController" name="test_state_machine_transitions" time="0.000" /><testcase classname="tests.test_dialogue_controller.TestDialogueController" name="test_voice_allows_barge_in_without_partial" time="0.000" /><testcase classname="tests.test_dialogue_controller.TestVoiceAssistantBargeIn" name="test_on_barge_in_skips_when_controller_blocks" time="0.000" /><testcase classname="tests.test_dialogue_controller.TestVoiceAssistantBargeIn" name="test_on_barge_in_stops_when_controller_allows" time="0.000" /><testcase classname="tests.test_dialogue_controller.TestVoiceAssistantBargeIn" name="test_shutdown_stops_player_and_cancels_generation" time="0.000" /><testcase classname="tests.test_integration.TestAudioSTTIntegration" name="test_barge_in_workflow" time="1.549" /><testcase classname="tests.test_integration.TestAudioSTTIntegration" name="test_recorded_audio_can_be_transcribed" time="0.007" /><testcase classname="tests.test_integration.TestFullPipeline" name="test_synthetic_speech_pipeline" time="0.008" /><testcase classname="tests.test_profiles.TestRuntimeProfiles" name="test_profile_latency_budgets_shape" time="0.000" /><testcase classname="tests.test_profiles.TestRuntimeProfiles" name="test_profiles_exist" time="0.000" /><testcase classname="tests.test_profiles.TestRuntimeProfiles" name="test_validate_profile_transport_config" time="0.000" /><testcase classname="tests.test_profiles.TestRuntimeProfiles" name="test_validate_profile_transport_config_flags_risky_combo" time="0.000" /><testcase classname="tests.test_profiles.TestRuntimeProfiles" name="test_validate_runtime_config_accepts_typical_values" time="0.000" /><testcase classname="tests.test_profiles.TestRuntimeProfiles" name="test_validate_runtime_config_rejects_invalid_values" time="0.000" /><testcase classname="tests.test_real_usage_open_data" name="test_open_source_real_usage_corpus_is_large_and_unique" time="0.001" /><testcase classname="tests.test_real_usage_open_data" name="test_real_usage_callback_expectations[user_jackson_0_clean_close]" time="0.172" /><testcase classname="tests.test_real_usage_open_data" name="test_real_usage_callback_expectations[user_jackson_0_quiet_far]" time="0.158" /><testcase classname="tests.test_real_usage_open_data" name="test_real_usage_callback_expectations[user_jackson_0_far_room]" time="0.158" /><testcase classname="tests.test_real_usage_open_data" name="test_real_usage_callback_expectations[user_jackson_0_over_tv]" time="0.154" /><testcase classname="tests.test_real_usage_open_data" name="test_real_usage_callback_expectations[user_jackson_0_over_music]" time="0.187" /><testcase classname="tests.test_real_usage_open_data" name="test_real_usage_callback_expectations[user_jackson_0_over_babble]" time="0.173" /><testcase classname="tests.test_real_usage_open_data" name="test_real_usage_callback_expectations[user_jackson_0_hvac_ramp]" time="0.166" /><testcase classname="tests.test_real_usage_open_data" name="test_real_usage_callback_expectations[user_jackson_0_clipped_mic]" time="0.163" /><testcase classname="tests.test_real_usage_open_data" name="test_real_usage_callback_expectations[user_jackson_0_sample_rate_44100]" time="0.156" /><testcase classname="tests.test_real_usage_open_data" name="test_real_usage_callback_expectations[user_jackson_0_sample_rate_48000]" time="0.157" /><testcase classname="tests.test_real_usage_open_data" name="test_real_usage_callback_expectations[user_jackson_0_cheap_usb_noise]" time="0.153" /><testcase classname="tests.test_real_usage_open_data" name="test_real_usage_callback_expectations[user_jackson_0_window_traffic]" time="0.162" /><testcase classname="tests.test_real_usage_open_data" name="test_real_usage_callback_expectations[background_jackson_0_distant_speech]" time="0.158"><failure message="AssertionError: Non-command background speech from jackson digit 0 with distant speech. Source=FSDD:0_jackson_0.wav. Distant open-source human speech and media should not start a user turn without intent.&#10;assert [array([-0.00...type=float32)] == []&#10;  Left contains one more item: array([-0.00444025, -0.00551854, -0.00542578, ...,  0.        ,\n        0.        ,  0.        ], dtype=float32)&#10;  Use -v to get more diff">case = RealUsageCase(name='background_jackson_0_distant_speech', kind='background_open_data', expectation='no_callback', audi...distant speech.', importance='Distant open-source human speech and media should not start a user turn without intent.')

    @pytest.mark.parametrize("case", CASES, ids=lambda case: case.name)
    def test_real_usage_callback_expectations(case: RealUsageCase):
        callbacks = _finish_recording_callbacks(case.audio)
        if case.expectation == "callback":
            assert callbacks, f"{case.description} Source={case.source}. {case.importance}"
        elif case.expectation == "no_callback":
&gt;           assert callbacks == [], f"{case.description} Source={case.source}. {case.importance}"
E           AssertionError: Non-command background speech from jackson digit 0 with distant speech. Source=FSDD:0_jackson_0.wav. Distant open-source human speech and media should not start a user turn without intent.
E           assert [array([-0.00...type=float32)] == []
E             Left contains one more item: array([-0.00444025, -0.00551854, -0.00542578, ...,  0.        ,\n        0.        ,  0.        ], dtype=float32)
E             Use -v to get more diff

tests/test_real_usage_open_data.py:200: AssertionError</failure></testcase><testcase classname="tests.test_real_usage_open_data" name="test_real_usage_callback_expectations[background_jackson_0_distant_speech_tv]" time="0.160"><failure message="AssertionError: Non-command background speech from jackson digit 0 with distant speech tv. Source=FSDD:0_jackson_0.wav. Distant open-source human speech and media should not start a user turn without intent.&#10;assert [array([-0.00...type=float32)] == []&#10;  Left contains one more item: array([-0.00251711,  0.01493473, -0.00977169, ...,  0.        ,\n        0.        ,  0.        ], dtype=float32)&#10;  Use -v to get more diff">case = RealUsageCase(name='background_jackson_0_distant_speech_tv', kind='background_open_data', expectation='no_callback', a...tant speech tv.', importance='Distant open-source human speech and media should not start a user turn without intent.')

    @pytest.mark.parametrize("case", CASES, ids=lambda case: case.name)
    def test_real_usage_callback_expectations(case: RealUsageCase):
        callbacks = _finish_recording_callbacks(case.audio)
        if case.expectation == "callback":
            assert callbacks, f"{case.description} Source={case.source}. {case.importance}"
        elif case.expectation == "no_callback":
&gt;           assert callbacks == [], f"{case.description} Source={case.source}. {case.importance}"
E           AssertionError: Non-command background speech from jackson digit 0 with distant speech tv. Source=FSDD:0_jackson_0.wav. Distant open-source human speech and media should not start a user turn without intent.
E           assert [array([-0.00...type=float32)] == []
E             Left contains one more item: array([-0.00251711,  0.01493473, -0.00977169, ...,  0.        ,\n        0.        ,  0.        ], dtype=float32)
E             Use -v to get more diff

tests/test_real_usage_open_data.py:200: AssertionError</failure></testcase><testcase classname="tests.test_real_usage_open_data" name="test_real_usage_callback_expectations[background_jackson_0_distant_speech_music]" time="0.156"><failure message="AssertionError: Non-command background speech from jackson digit 0 with distant speech music. Source=FSDD:0_jackson_0.wav. Distant open-source human speech and media should not start a user turn without intent.&#10;assert [array([-0.04...type=float32)] == []&#10;  Left contains one more item: array([-0.04164777, -0.02648615, -0.04670862, ...,  0.        ,\n        0.        ,  0.        ], dtype=float32)&#10;  Use -v to get more diff">case = RealUsageCase(name='background_jackson_0_distant_speech_music', kind='background_open_data', expectation='no_callback'...t speech music.', importance='Distant open-source human speech and media should not start a user turn without intent.')

    @pytest.mark.parametrize("case", CASES, ids=lambda case: case.name)
    def test_real_usage_callback_expectations(case: RealUsageCase):
        callbacks = _finish_recording_callbacks(case.audio)
        if case.expectation == "callback":
            assert callbacks, f"{case.description} Source={case.source}. {case.importance}"
        elif case.expectation == "no_callback":
&gt;           assert callbacks == [], f"{case.description} Source={case.source}. {case.importance}"
E           AssertionError: Non-command background speech from jackson digit 0 with distant speech music. Source=FSDD:0_jackson_0.wav. Distant open-source human speech and media should not start a user turn without intent.
E           assert [array([-0.04...type=float32)] == []
E             Left contains one more item: array([-0.04164777, -0.02648615, -0.04670862, ...,  0.        ,\n        0.        ,  0.        ], dtype=float32)
E             Use -v to get more diff

tests/test_real_usage_open_data.py:200: AssertionError</failure></testcase><testcase classname="tests.test_real_usage_open_data" name="test_real_usage_callback_expectations[background_jackson_0_distant_speech_hvac]" time="0.155"><failure message="AssertionError: Non-command background speech from jackson digit 0 with distant speech hvac. Source=FSDD:0_jackson_0.wav. Distant open-source human speech and media should not start a user turn without intent.&#10;assert [array([ 0.00...type=float32)] == []&#10;  Left contains one more item: array([ 0.00934496, -0.05422829, -0.01041808, ...,  0.        ,\n        0.        ,  0.        ], dtype=float32)&#10;  Use -v to get more diff">case = RealUsageCase(name='background_jackson_0_distant_speech_hvac', kind='background_open_data', expectation='no_callback',...nt speech hvac.', importance='Distant open-source human speech and media should not start a user turn without intent.')

    @pytest.mark.parametrize("case", CASES, ids=lambda case: case.name)
    def test_real_usage_callback_expectations(case: RealUsageCase):
        callbacks = _finish_recording_callbacks(case.audio)
        if case.expectation == "callback":
            assert callbacks, f"{case.description} Source={case.source}. {case.importance}"
        elif case.expectation == "no_callback":
&gt;           assert callbacks == [], f"{case.description} Source={case.source}. {case.importance}"
E           AssertionError: Non-command background speech from jackson digit 0 with distant speech hvac. Source=FSDD:0_jackson_0.wav. Distant open-source human speech and media should not start a user turn without intent.
E           assert [array([ 0.00...type=float32)] == []
E             Left contains one more item: array([ 0.00934496, -0.05422829, -0.01041808, ...,  0.        ,\n        0.        ,  0.        ], dtype=float32)
E             Use -v to get more diff

tests/test_real_usage_open_data.py:200: AssertionError</failure></testcase><testcase classname="tests.test_real_usage_open_data" name="test_real_usage_callback_expectations[background_jackson_0_distant_speech_clipped_speaker]" time="0.165"><failure message="AssertionError: Non-command background speech from jackson digit 0 with distant speech clipped speaker. Source=FSDD:0_jackson_0.wav. Distant open-source human speech and media should not start a user turn without intent.&#10;assert [array([-0.01...type=float32)] == []&#10;  Left contains one more item: array([-0.01115342, -0.01386194, -0.01362895, ...,  0.        ,\n        0.        ,  0.        ], dtype=float32)&#10;  Use -v to get more diff">case = RealUsageCase(name='background_jackson_0_distant_speech_clipped_speaker', kind='background_open_data', expectation='no...lipped speaker.', importance='Distant open-source human speech and media should not start a user turn without intent.')

    @pytest.mark.parametrize("case", CASES, ids=lambda case: case.name)
    def test_real_usage_callback_expectations(case: RealUsageCase):
        callbacks = _finish_recording_callbacks(case.audio)
        if case.expectation == "callback":
            assert callbacks, f"{case.description} Source={case.source}. {case.importance}"
        elif case.expectation == "no_callback":
&gt;           assert callbacks == [], f"{case.description} Source={case.source}. {case.importance}"
E           AssertionError: Non-command background speech from jackson digit 0 with distant speech clipped speaker. Source=FSDD:0_jackson_0.wav. Distant open-source human speech and media should not start a user turn without intent.
E           assert [array([-0.01...type=float32)] == []
E             Left contains one more item: array([-0.01115342, -0.01386194, -0.01362895, ...,  0.        ,\n        0.        ,  0.        ], dtype=float32)
E             Use -v to get more diff

tests/test_real_usage_open_data.py:200: AssertionError</failure></testcase><testcase classname="tests.test_real_usage_open_data" name="test_real_usage_callback_expectations[background_jackson_0_distant_speech_resampled]" time="0.161"><failure message="AssertionError: Non-command background speech from jackson digit 0 with distant speech resampled. Source=FSDD:0_jackson_0.wav. Distant open-source human speech and media should not start a user turn without intent.&#10;assert [array([-0.00...type=float32)] == []&#10;  Left contains one more item: array([-0.00444025, -0.00551854, -0.00542578, ...,  0.        ,\n        0.        ,  0.        ], dtype=float32)&#10;  Use -v to get more diff">case = RealUsageCase(name='background_jackson_0_distant_speech_resampled', kind='background_open_data', expectation='no_callb...eech resampled.', importance='Distant open-source human speech and media should not start a user turn without intent.')

    @pytest.mark.parametrize("case", CASES, ids=lambda case: case.name)
    def test_real_usage_callback_expectations(case: RealUsageCase):
        callbacks = _finish_recording_callbacks(case.audio)
        if case.expectation == "callback":
            assert callbacks, f"{case.description} Source={case.source}. {case.importance}"
        elif case.expectation == "no_callback":
&gt;           assert callbacks == [], f"{case.description} Source={case.source}. {case.importance}"
E           AssertionError: Non-command background speech from jackson digit 0 with distant speech resampled. Source=FSDD:0_jackson_0.wav. Distant open-source human speech and media should not start a user turn without intent.
E           assert [array([-0.00...type=float32)] == []
E             Left contains one more item: array([-0.00444025, -0.00551854, -0.00542578, ...,  0.        ,\n        0.        ,  0.        ], dtype=float32)
E             Use -v to get more diff

tests/test_real_usage_open_data.py:200: AssertionError</failure></testcase><testcase classname="tests.test_real_usage_open_data" name="test_real_usage_callback_expectations[background_jackson_0_distant_speech_babble]" time="0.159"><failure message="AssertionError: Non-command background speech from jackson digit 0 with distant speech babble. Source=FSDD:0_jackson_0.wav. Distant open-source human speech and media should not start a user turn without intent.&#10;assert [array([-0.00...type=float32)] == []&#10;  Left contains one more item: array([-0.00047826,  0.00616404,  0.01122743, ...,  0.        ,\n        0.        ,  0.        ], dtype=float32)&#10;  Use -v to get more diff">case = RealUsageCase(name='background_jackson_0_distant_speech_babble', kind='background_open_data', expectation='no_callback... speech babble.', importance='Distant open-source human speech and media should not start a user turn without intent.')

    @pytest.mark.parametrize("case", CASES, ids=lambda case: case.name)
    def test_real_usage_callback_expectations(case: RealUsageCase):
        callbacks = _finish_recording_callbacks(case.audio)
        if case.expectation == "callback":
            assert callbacks, f"{case.description} Source={case.source}. {case.importance}"
        elif case.expectation == "no_callback":
&gt;           assert callbacks == [], f"{case.description} Source={case.source}. {case.importance}"
E           AssertionError: Non-command background speech from jackson digit 0 with distant speech babble. Source=FSDD:0_jackson_0.wav. Distant open-source human speech and media should not start a user turn without intent.
E           assert [array([-0.00...type=float32)] == []
E             Left contains one more item: array([-0.00047826,  0.00616404,  0.01122743, ...,  0.        ,\n        0.        ,  0.        ], dtype=float32)
E             Use -v to get more diff

tests/test_real_usage_open_data.py:200: AssertionError</failure></testcase><testcase classname="tests.test_real_usage_open_data" name="test_real_usage_callback_expectations[background_jackson_0_distant_speech_low_rumble]" time="0.163"><failure message="AssertionError: Non-command background speech from jackson digit 0 with distant speech low rumble. Source=FSDD:0_jackson_0.wav. Distant open-source human speech and media should not start a user turn without intent.&#10;assert [array([ 0.00...type=float32)] == []&#10;  Left contains one more item: array([ 0.00097694,  0.02646559, -0.06335241, ...,  0.        ,\n        0.        ,  0.        ], dtype=float32)&#10;  Use -v to get more diff">case = RealUsageCase(name='background_jackson_0_distant_speech_low_rumble', kind='background_open_data', expectation='no_call...ech low rumble.', importance='Distant open-source human speech and media should not start a user turn without intent.')

    @pytest.mark.parametrize("case", CASES, ids=lambda case: case.name)
    def test_real_usage_callback_expectations(case: RealUsageCase):
        callbacks = _finish_recording_callbacks(case.audio)
        if case.expectation == "callback":
            assert callbacks, f"{case.description} Source={case.source}. {case.importance}"
        elif case.expectation == "no_callback":
&gt;           assert callbacks == [], f"{case.description} Source={case.source}. {case.importance}"
E           AssertionError: Non-command background speech from jackson digit 0 with distant speech low rumble. Source=FSDD:0_jackson_0.wav. Distant open-source human speech and media should not start a user turn without intent.
E           assert [array([ 0.00...type=float32)] == []
E             Left contains one more item: array([ 0.00097694,  0.02646559, -0.06335241, ...,  0.        ,\n        0.        ,  0.        ], dtype=float32)
E             Use -v to get more diff

tests/test_real_usage_open_data.py:200: AssertionError</failure></testcase><testcase classname="tests.test_real_usage_open_data" name="test_real_usage_callback_expectations[user_jackson_1_clean_close]" time="0.158" /><testcase classname="tests.test_real_usage_open_data" name="test_real_usage_callback_expectations[user_jackson_1_quiet_far]" time="0.160" /><testcase classname="tests.test_real_usage_open_data" name="test_real_usage_callback_expectations[user_jackson_1_far_room]" time="0.159" /><testcase classname="tests.test_real_usage_open_data" name="test_real_usage_callback_expectations[user_jackson_1_over_tv]" time="0.164" /><testcase classname="tests.test_real_usage_open_data" name="test_real_usage_callback_expectations[user_jackson_1_over_music]" time="0.161" /><testcase classname="tests.test_real_usage_open_data" name="test_real_usage_callback_expectations[user_jackson_1_over_babble]" time="0.163" /><testcase classname="tests.test_real_usage_open_data" name="test_real_usage_callback_expectations[user_jackson_1_hvac_ramp]" time="0.161" /><testcase classname="tests.test_real_usage_open_data" name="test_real_usage_callback_expectations[user_jackson_1_clipped_mic]" time="0.160" /><testcase classname="tests.test_real_usage_open_data" name="test_real_usage_callback_expectations[user_jackson_1_sample_rate_44100]" time="0.160" /><testcase classname="tests.test_real_usage_open_data" name="test_real_usage_callback_expectations[user_jackson_1_sample_rate_48000]" time="0.162" /><testcase classname="tests.test_real_usage_open_data" name="test_real_usage_callback_expectations[user_jackson_1_cheap_usb_noise]" time="0.163" /><testcase classname="tests.test_real_usage_open_data" name="test_real_usage_callback_expectations[user_jackson_1_window_traffic]" time="0.162" /><testcase classname="tests.test_real_usage_open_data" name="test_real_usage_callback_expectations[background_jackson_1_distant_speech]" time="0.164"><failure message="AssertionError: Non-command background speech from jackson digit 1 with distant speech. Source=FSDD:1_jackson_0.wav. Distant open-source human speech and media should not start a user turn without intent.&#10;assert [array([-0.00...type=float32)] == []&#10;  Left contains one more item: array([-0.00746868, -0.00912053, -0.00899993, ...,  0.        ,\n        0.        ,  0.        ], dtype=float32)&#10;  Use -v to get more diff">case = RealUsageCase(name='background_jackson_1_distant_speech', kind='background_open_data', expectation='no_callback', audi...distant speech.', importance='Distant open-source human speech and media should not start a user turn without intent.')

    @pytest.mark.parametrize("case", CASES, ids=lambda case: case.name)
    def test_real_usage_callback_expectations(case: RealUsageCase):
        callbacks = _finish_recording_callbacks(case.audio)
        if case.expectation == "callback":
            assert callbacks, f"{case.description} Source={case.source}. {case.importance}"
        elif case.expectation == "no_callback":
&gt;           assert callbacks == [], f"{case.description} Source={case.source}. {case.importance}"
E           AssertionError: Non-command background speech from jackson digit 1 with distant speech. Source=FSDD:1_jackson_0.wav. Distant open-source human speech and media should not start a user turn without intent.
E           assert [array([-0.00...type=float32)] == []
E             Left contains one more item: array([-0.00746868, -0.00912053, -0.00899993, ...,  0.        ,\n        0.        ,  0.        ], dtype=float32)
E             Use -v to get more diff

tests/test_real_usage_open_data.py:200: AssertionError</failure></testcase><testcase classname="tests.test_real_usage_open_data" name="test_real_usage_callback_expectations[background_jackson_1_distant_speech_tv]" time="0.158"><failure message="AssertionError: Non-command background speech from jackson digit 1 with distant speech tv. Source=FSDD:1_jackson_0.wav. Distant open-source human speech and media should not start a user turn without intent.&#10;assert [array([-0.04...type=float32)] == []&#10;  Left contains one more item: array([-0.04925969, -0.0102992 ,  0.01539566, ...,  0.        ,\n        0.        ,  0.        ], dtype=float32)&#10;  Use -v to get more diff">case = RealUsageCase(name='background_jackson_1_distant_speech_tv', kind='background_open_data', expectation='no_callback', a...tant speech tv.', importance='Distant open-source human speech and media should not start a user turn without intent.')

    @pytest.mark.parametrize("case", CASES, ids=lambda case: case.name)
    def test_real_usage_callback_expectations(case: RealUsageCase):
        callbacks = _finish_recording_callbacks(case.audio)
        if case.expectation == "callback":
            assert callbacks, f"{case.description} Source={case.source}. {case.importance}"
        elif case.expectation == "no_callback":
&gt;           assert callbacks == [], f"{case.description} Source={case.source}. {case.importance}"
E           AssertionError: Non-command background speech from jackson digit 1 with distant speech tv. Source=FSDD:1_jackson_0.wav. Distant open-source human speech and media should not start a user turn without intent.
E           assert [array([-0.04...type=float32)] == []
E             Left contains one more item: array([-0.04925969, -0.0102992 ,  0.01539566, ...,  0.        ,\n        0.        ,  0.        ], dtype=float32)
E             Use -v to get more diff

tests/test_real_usage_open_data.py:200: AssertionError</failure></testcase><testcase classname="tests.test_real_usage_open_data" name="test_real_usage_callback_expectations[background_jackson_1_distant_speech_music]" time="0.166"><failure message="AssertionError: Non-command background speech from jackson digit 1 with distant speech music. Source=FSDD:1_jackson_0.wav. Distant open-source human speech and media should not start a user turn without intent.&#10;assert [array([-0.04...type=float32)] == []&#10;  Left contains one more item: array([-0.04651056, -0.03112186, -0.05231804, ...,  0.        ,\n        0.        ,  0.        ], dtype=float32)&#10;  Use -v to get more diff">case = RealUsageCase(name='background_jackson_1_distant_speech_music', kind='background_open_data', expectation='no_callback'...t speech music.', importance='Distant open-source human speech and media should not start a user turn without intent.')

    @pytest.mark.parametrize("case", CASES, ids=lambda case: case.name)
    def test_real_usage_callback_expectations(case: RealUsageCase):
        callbacks = _finish_recording_callbacks(case.audio)
        if case.expectation == "callback":
            assert callbacks, f"{case.description} Source={case.source}. {case.importance}"
        elif case.expectation == "no_callback":
&gt;           assert callbacks == [], f"{case.description} Source={case.source}. {case.importance}"
E           AssertionError: Non-command background speech from jackson digit 1 with distant speech music. Source=FSDD:1_jackson_0.wav. Distant open-source human speech and media should not start a user turn without intent.
E           assert [array([-0.04...type=float32)] == []
E             Left contains one more item: array([-0.04651056, -0.03112186, -0.05231804, ...,  0.        ,\n        0.        ,  0.        ], dtype=float32)
E             Use -v to get more diff

tests/test_real_usage_open_data.py:200: AssertionError</failure></testcase><testcase classname="tests.test_real_usage_open_data" name="test_real_usage_callback_expectations[background_jackson_1_distant_speech_hvac]" time="0.161"><failure message="AssertionError: Non-command background speech from jackson digit 1 with distant speech hvac. Source=FSDD:1_jackson_0.wav. Distant open-source human speech and media should not start a user turn without intent.&#10;assert [array([ 0.00...type=float32)] == []&#10;  Left contains one more item: array([ 0.00713267, -0.06071408, -0.01428779, ...,  0.        ,\n        0.        ,  0.        ], dtype=float32)&#10;  Use -v to get more diff">case = RealUsageCase(name='background_jackson_1_distant_speech_hvac', kind='background_open_data', expectation='no_callback',...nt speech hvac.', importance='Distant open-source human speech and media should not start a user turn without intent.')

    @pytest.mark.parametrize("case", CASES, ids=lambda case: case.name)
    def test_real_usage_callback_expectations(case: RealUsageCase):
        callbacks = _finish_recording_callbacks(case.audio)
        if case.expectation == "callback":
            assert callbacks, f"{case.description} Source={case.source}. {case.importance}"
        elif case.expectation == "no_callback":
&gt;           assert callbacks == [], f"{case.description} Source={case.source}. {case.importance}"
E           AssertionError: Non-command background speech from jackson digit 1 with distant speech hvac. Source=FSDD:1_jackson_0.wav. Distant open-source human speech and media should not start a user turn without intent.
E           assert [array([ 0.00...type=float32)] == []
E             Left contains one more item: array([ 0.00713267, -0.06071408, -0.01428779, ...,  0.        ,\n        0.        ,  0.        ], dtype=float32)
E             Use -v to get more diff

tests/test_real_usage_open_data.py:200: AssertionError</failure></testcase><testcase classname="tests.test_real_usage_open_data" name="test_real_usage_callback_expectations[background_jackson_1_distant_speech_clipped_speaker]" time="0.161"><failure message="AssertionError: Non-command background speech from jackson digit 1 with distant speech clipped speaker. Source=FSDD:1_jackson_0.wav. Distant open-source human speech and media should not start a user turn without intent.&#10;assert [array([-0.01...type=float32)] == []&#10;  Left contains one more item: array([-0.01876048, -0.02290973, -0.02260679, ...,  0.        ,\n        0.        ,  0.        ], dtype=float32)&#10;  Use -v to get more diff">case = RealUsageCase(name='background_jackson_1_distant_speech_clipped_speaker', kind='background_open_data', expectation='no...lipped speaker.', importance='Distant open-source human speech and media should not start a user turn without intent.')

    @pytest.mark.parametrize("case", CASES, ids=lambda case: case.name)
    def test_real_usage_callback_expectations(case: RealUsageCase):
        callbacks = _finish_recording_callbacks(case.audio)
        if case.expectation == "callback":
            assert callbacks, f"{case.description} Source={case.source}. {case.importance}"
        elif case.expectation == "no_callback":
&gt;           assert callbacks == [], f"{case.description} Source={case.source}. {case.importance}"
E           AssertionError: Non-command background speech from jackson digit 1 with distant speech clipped speaker. Source=FSDD:1_jackson_0.wav. Distant open-source human speech and media should not start a user turn without intent.
E           assert [array([-0.01...type=float32)] == []
E             Left contains one more item: array([-0.01876048, -0.02290973, -0.02260679, ...,  0.        ,\n        0.        ,  0.        ], dtype=float32)
E             Use -v to get more diff

tests/test_real_usage_open_data.py:200: AssertionError</failure></testcase><testcase classname="tests.test_real_usage_open_data" name="test_real_usage_callback_expectations[background_jackson_1_distant_speech_resampled]" time="0.160"><failure message="AssertionError: Non-command background speech from jackson digit 1 with distant speech resampled. Source=FSDD:1_jackson_0.wav. Distant open-source human speech and media should not start a user turn without intent.&#10;assert [array([-0.00...type=float32)] == []&#10;  Left contains one more item: array([-0.00746868, -0.00912053, -0.00899993, ...,  0.        ,\n        0.        ,  0.        ], dtype=float32)&#10;  Use -v to get more diff">case = RealUsageCase(name='background_jackson_1_distant_speech_resampled', kind='background_open_data', expectation='no_callb...eech resampled.', importance='Distant open-source human speech and media should not start a user turn without intent.')

    @pytest.mark.parametrize("case", CASES, ids=lambda case: case.name)
    def test_real_usage_callback_expectations(case: RealUsageCase):
        callbacks = _finish_recording_callbacks(case.audio)
        if case.expectation == "callback":
            assert callbacks, f"{case.description} Source={case.source}. {case.importance}"
        elif case.expectation == "no_callback":
&gt;           assert callbacks == [], f"{case.description} Source={case.source}. {case.importance}"
E           AssertionError: Non-command background speech from jackson digit 1 with distant speech resampled. Source=FSDD:1_jackson_0.wav. Distant open-source human speech and media should not start a user turn without intent.
E           assert [array([-0.00...type=float32)] == []
E             Left contains one more item: array([-0.00746868, -0.00912053, -0.00899993, ...,  0.        ,\n        0.        ,  0.        ], dtype=float32)
E             Use -v to get more diff

tests/test_real_usage_open_data.py:200: AssertionError</failure></testcase><testcase classname="tests.test_real_usage_open_data" name="test_real_usage_callback_expectations[background_jackson_1_distant_speech_babble]" time="0.159"><failure message="AssertionError: Non-command background speech from jackson digit 1 with distant speech babble. Source=FSDD:1_jackson_0.wav. Distant open-source human speech and media should not start a user turn without intent.&#10;assert [array([-0.00...type=float32)] == []&#10;  Left contains one more item: array([-0.00327212,  0.0032537 ,  0.00863922, ...,  0.        ,\n        0.        ,  0.        ], dtype=float32)&#10;  Use -v to get more diff">case = RealUsageCase(name='background_jackson_1_distant_speech_babble', kind='background_open_data', expectation='no_callback... speech babble.', importance='Distant open-source human speech and media should not start a user turn without intent.')

    @pytest.mark.parametrize("case", CASES, ids=lambda case: case.name)
    def test_real_usage_callback_expectations(case: RealUsageCase):
        callbacks = _finish_recording_callbacks(case.audio)
        if case.expectation == "callback":
            assert callbacks, f"{case.description} Source={case.source}. {case.importance}"
        elif case.expectation == "no_callback":
&gt;           assert callbacks == [], f"{case.description} Source={case.source}. {case.importance}"
E           AssertionError: Non-command background speech from jackson digit 1 with distant speech babble. Source=FSDD:1_jackson_0.wav. Distant open-source human speech and media should not start a user turn without intent.
E           assert [array([-0.00...type=float32)] == []
E             Left contains one more item: array([-0.00327212,  0.0032537 ,  0.00863922, ...,  0.        ,\n        0.        ,  0.        ], dtype=float32)
E             Use -v to get more diff

tests/test_real_usage_open_data.py:200: AssertionError</failure></testcase><testcase classname="tests.test_real_usage_open_data" name="test_real_usage_callback_expectations[background_jackson_1_distant_speech_low_rumble]" time="0.158"><failure message="AssertionError: Non-command background speech from jackson digit 1 with distant speech low rumble. Source=FSDD:1_jackson_0.wav. Distant open-source human speech and media should not start a user turn without intent.&#10;assert [array([-0.12...type=float32)] == []&#10;  Left contains one more item: array([-0.12100255, -0.05612217, -0.07169521, ...,  0.        ,\n        0.        ,  0.        ], dtype=float32)&#10;  Use -v to get more diff">case = RealUsageCase(name='background_jackson_1_distant_speech_low_rumble', kind='background_open_data', expectation='no_call...ech low rumble.', importance='Distant open-source human speech and media should not start a user turn without intent.')

    @pytest.mark.parametrize("case", CASES, ids=lambda case: case.name)
    def test_real_usage_callback_expectations(case: RealUsageCase):
        callbacks = _finish_recording_callbacks(case.audio)
        if case.expectation == "callback":
            assert callbacks, f"{case.description} Source={case.source}. {case.importance}"
        elif case.expectation == "no_callback":
&gt;           assert callbacks == [], f"{case.description} Source={case.source}. {case.importance}"
E           AssertionError: Non-command background speech from jackson digit 1 with distant speech low rumble. Source=FSDD:1_jackson_0.wav. Distant open-source human speech and media should not start a user turn without intent.
E           assert [array([-0.12...type=float32)] == []
E             Left contains one more item: array([-0.12100255, -0.05612217, -0.07169521, ...,  0.        ,\n        0.        ,  0.        ], dtype=float32)
E             Use -v to get more diff

tests/test_real_usage_open_data.py:200: AssertionError</failure></testcase><testcase classname="tests.test_real_usage_open_data" name="test_real_usage_callback_expectations[user_jackson_2_clean_close]" time="0.155" /><testcase classname="tests.test_real_usage_open_data" name="test_real_usage_callback_expectations[user_jackson_2_quiet_far]" time="0.155" /><testcase classname="tests.test_real_usage_open_data" name="test_real_usage_callback_expectations[user_jackson_2_far_room]" time="0.155" /><testcase classname="tests.test_real_usage_open_data" name="test_real_usage_callback_expectations[user_jackson_2_over_tv]" time="0.155" /><testcase classname="tests.test_real_usage_open_data" name="test_real_usage_callback_expectations[user_jackson_2_over_music]" time="0.157" /><testcase classname="tests.test_real_usage_open_data" name="test_real_usage_callback_expectations[user_jackson_2_over_babble]" time="0.154" /><testcase classname="tests.test_real_usage_open_data" name="test_real_usage_callback_expectations[user_jackson_2_hvac_ramp]" time="0.156" /><testcase classname="tests.test_real_usage_open_data" name="test_real_usage_callback_expectations[user_jackson_2_clipped_mic]" time="0.156" /><testcase classname="tests.test_real_usage_open_data" name="test_real_usage_callback_expectations[user_jackson_2_sample_rate_44100]" time="0.158" /><testcase classname="tests.test_real_usage_open_data" name="test_real_usage_callback_expectations[user_jackson_2_sample_rate_48000]" time="0.155" /><testcase classname="tests.test_real_usage_open_data" name="test_real_usage_callback_expectations[user_jackson_2_cheap_usb_noise]" time="0.155" /><testcase classname="tests.test_real_usage_open_data" name="test_real_usage_callback_expectations[user_jackson_2_window_traffic]" time="0.156" /><testcase classname="tests.test_real_usage_open_data" name="test_real_usage_callback_expectations[background_jackson_2_distant_speech]" time="0.158"><failure message="AssertionError: Non-command background speech from jackson digit 2 with distant speech. Source=FSDD:2_jackson_0.wav. Distant open-source human speech and media should not start a user turn without intent.&#10;assert [array([-0.01...type=float32)] == []&#10;  Left contains one more item: array([-0.01160683, -0.02153094, -0.0131548 , ...,  0.        ,\n        0.        ,  0.        ], dtype=float32)&#10;  Use -v to get more diff">case = RealUsageCase(name='background_jackson_2_distant_speech', kind='background_open_data', expectation='no_callback', audi...distant speech.', importance='Distant open-source human speech and media should not start a user turn without intent.')

    @pytest.mark.parametrize("case", CASES, ids=lambda case: case.name)
    def test_real_usage_callback_expectations(case: RealUsageCase):
        callbacks = _finish_recording_callbacks(case.audio)
        if case.expectation == "callback":
            assert callbacks, f"{case.description} Source={case.source}. {case.importance}"
        elif case.expectation == "no_callback":
&gt;           assert callbacks == [], f"{case.description} Source={case.source}. {case.importance}"
E           AssertionError: Non-command background speech from jackson digit 2 with distant speech. Source=FSDD:2_jackson_0.wav. Distant open-source human speech and media should not start a user turn without intent.
E           assert [array([-0.01...type=float32)] == []
E             Left contains one more item: array([-0.01160683, -0.02153094, -0.0131548 , ...,  0.        ,\n        0.        ,  0.        ], dtype=float32)
E             Use -v to get more diff

tests/test_real_usage_open_data.py:200: AssertionError</failure></testcase><testcase classname="tests.test_real_usage_open_data" name="test_real_usage_callback_expectations[background_jackson_2_distant_speech_tv]" time="0.161"><failure message="AssertionError: Non-command background speech from jackson digit 2 with distant speech tv. Source=FSDD:2_jackson_0.wav. Distant open-source human speech and media should not start a user turn without intent.&#10;assert [array([-0.05...type=float32)] == []&#10;  Left contains one more item: array([-0.05625723,  0.01024601, -0.02873969, ...,  0.        ,\n        0.        ,  0.        ], dtype=float32)&#10;  Use -v to get more diff">case = RealUsageCase(name='background_jackson_2_distant_speech_tv', kind='background_open_data', expectation='no_callback', a...tant speech tv.', importance='Distant open-source human speech and media should not start a user turn without intent.')

    @pytest.mark.parametrize("case", CASES, ids=lambda case: case.name)
    def test_real_usage_callback_expectations(case: RealUsageCase):
        callbacks = _finish_recording_callbacks(case.audio)
        if case.expectation == "callback":
            assert callbacks, f"{case.description} Source={case.source}. {case.importance}"
        elif case.expectation == "no_callback":
&gt;           assert callbacks == [], f"{case.description} Source={case.source}. {case.importance}"
E           AssertionError: Non-command background speech from jackson digit 2 with distant speech tv. Source=FSDD:2_jackson_0.wav. Distant open-source human speech and media should not start a user turn without intent.
E           assert [array([-0.05...type=float32)] == []
E             Left contains one more item: array([-0.05625723,  0.01024601, -0.02873969, ...,  0.        ,\n        0.        ,  0.        ], dtype=float32)
E             Use -v to get more diff

tests/test_real_usage_open_data.py:200: AssertionError</failure></testcase><testcase classname="tests.test_real_usage_open_data" name="test_real_usage_callback_expectations[background_jackson_2_distant_speech_music]" time="0.165"><failure message="AssertionError: Non-command background speech from jackson digit 2 with distant speech music. Source=FSDD:2_jackson_0.wav. Distant open-source human speech and media should not start a user turn without intent.&#10;assert [array([-0.04...type=float32)] == []&#10;  Left contains one more item: array([-0.04925577, -0.04274731, -0.05492738, ...,  0.        ,\n        0.        ,  0.        ], dtype=float32)&#10;  Use -v to get more diff">case = RealUsageCase(name='background_jackson_2_distant_speech_music', kind='background_open_data', expectation='no_callback'...t speech music.', importance='Distant open-source human speech and media should not start a user turn without intent.')

    @pytest.mark.parametrize("case", CASES, ids=lambda case: case.name)
    def test_real_usage_callback_expectations(case: RealUsageCase):
        callbacks = _finish_recording_callbacks(case.audio)
        if case.expectation == "callback":
            assert callbacks, f"{case.description} Source={case.source}. {case.importance}"
        elif case.expectation == "no_callback":
&gt;           assert callbacks == [], f"{case.description} Source={case.source}. {case.importance}"
E           AssertionError: Non-command background speech from jackson digit 2 with distant speech music. Source=FSDD:2_jackson_0.wav. Distant open-source human speech and media should not start a user turn without intent.
E           assert [array([-0.04...type=float32)] == []
E             Left contains one more item: array([-0.04925577, -0.04274731, -0.05492738, ...,  0.        ,\n        0.        ,  0.        ], dtype=float32)
E             Use -v to get more diff

tests/test_real_usage_open_data.py:200: AssertionError</failure></testcase><testcase classname="tests.test_real_usage_open_data" name="test_real_usage_callback_expectations[background_jackson_2_distant_speech_hvac]" time="0.169"><failure message="AssertionError: Non-command background speech from jackson digit 2 with distant speech hvac. Source=FSDD:2_jackson_0.wav. Distant open-source human speech and media should not start a user turn without intent.&#10;assert [array([ 0.00...type=float32)] == []&#10;  Left contains one more item: array([ 0.00272636, -0.07217696, -0.01834555, ...,  0.        ,\n        0.        ,  0.        ], dtype=float32)&#10;  Use -v to get more diff">case = RealUsageCase(name='background_jackson_2_distant_speech_hvac', kind='background_open_data', expectation='no_callback',...nt speech hvac.', importance='Distant open-source human speech and media should not start a user turn without intent.')

    @pytest.mark.parametrize("case", CASES, ids=lambda case: case.name)
    def test_real_usage_callback_expectations(case: RealUsageCase):
        callbacks = _finish_recording_callbacks(case.audio)
        if case.expectation == "callback":
            assert callbacks, f"{case.description} Source={case.source}. {case.importance}"
        elif case.expectation == "no_callback":
&gt;           assert callbacks == [], f"{case.description} Source={case.source}. {case.importance}"
E           AssertionError: Non-command background speech from jackson digit 2 with distant speech hvac. Source=FSDD:2_jackson_0.wav. Distant open-source human speech and media should not start a user turn without intent.
E           assert [array([ 0.00...type=float32)] == []
E             Left contains one more item: array([ 0.00272636, -0.07217696, -0.01834555, ...,  0.        ,\n        0.        ,  0.        ], dtype=float32)
E             Use -v to get more diff

tests/test_real_usage_open_data.py:200: AssertionError</failure></testcase></testsuite></testsuites>