<?xml version="1.0" encoding="utf-8"?><testsuites><testsuite name="pytest" errors="0" failures="0" skipped="0" tests="222" time="48.886" timestamp="2026-05-02T15:25:06.067055" hostname="dobo-ROG-Strix-G634JY-G634JY"><testcase classname="tests.test_audio.TestNLMSEchoCanceller" name="test_basic_echo_cancellation" time="0.001" /><testcase classname="tests.test_audio.TestNLMSEchoCanceller" name="test_multiple_frames_adaptation" time="0.001" /><testcase classname="tests.test_audio.TestNLMSEchoCanceller" name="test_passthrough_without_reference" time="0.010" /><testcase classname="tests.test_audio.TestNLMSEchoCanceller" name="test_reference_consumed_incrementally" time="0.001" /><testcase classname="tests.test_audio.TestNLMSEchoCanceller" name="test_reset_clears_state" time="0.001" /><testcase classname="tests.test_audio.TestSileroVAD" name="test_probability_range" time="0.082" /><testcase classname="tests.test_audio.TestSileroVAD" name="test_silence_not_speech" time="0.001" /><testcase classname="tests.test_audio.TestSileroVAD" name="test_singleton" time="0.000" /><testcase classname="tests.test_audio.TestSentenceSplitter" name="test_empty_text" time="0.000" /><testcase classname="tests.test_audio.TestSentenceSplitter" name="test_multiple_sentences" time="0.000" /><testcase classname="tests.test_audio.TestSentenceSplitter" name="test_no_punctuation" time="0.000" /><testcase classname="tests.test_audio.TestSentenceSplitter" name="test_short_fragments_merged" time="0.000" /><testcase classname="tests.test_audio.TestSentenceSplitter" name="test_short_merge" time="0.000" /><testcase classname="tests.test_audio.TestSentenceSplitter" name="test_single_sentence" time="0.000" /><testcase classname="tests.test_audio.TestAudioDeviceDetection" name="test_get_default_input_device" time="0.000" /><testcase classname="tests.test_audio.TestAudioDeviceDetection" name="test_get_default_output_device" time="0.000" /><testcase classname="tests.test_audio.TestAudioDeviceDetection" name="test_list_devices_returns_without_error" time="0.000" /><testcase classname="tests.test_audio.TestAudioRecorder" name="test_adaptive_vad_threshold_from_noise" time="0.178" /><testcase classname="tests.test_audio.TestAudioRecorder" name="test_echo_similarity_threshold" time="0.172" /><testcase classname="tests.test_audio.TestAudioRecorder" name="test_min_rms_ratio_blocks_low_energy" time="0.171" /><testcase classname="tests.test_audio.TestAudioRecorder" name="test_nlms_aec_reduces_echo_energy" time="0.220" /><testcase classname="tests.test_audio.TestAudioRecorder" name="test_recorder_barge_in_callback" time="0.170" /><testcase classname="tests.test_audio.TestAudioRecorder" name="test_recorder_detects_device_sample_rate" time="0.167" /><testcase classname="tests.test_audio.TestAudioRecorder" name="test_recorder_initialization" time="0.169" /><testcase classname="tests.test_audio.TestAudioRecorder" name="test_recorder_pause_resume" time="0.263" /><testcase classname="tests.test_audio.TestAudioRecorder" name="test_recorder_sample_rate_property" time="0.171" /><testcase classname="tests.test_audio.TestAudioRecorder" name="test_recorder_set_assistant_speaking" time="0.170" /><testcase classname="tests.test_audio.TestAudioRecorder" name="test_recorder_start_stop" time="0.683" /><testcase classname="tests.test_audio.TestAudioRecorder" name="test_recorder_with_custom_threshold" time="0.165" /><testcase classname="tests.test_audio.TestAudioRecorder" name="test_simple_voiced_fallback" time="0.165" /><testcase classname="tests.test_audio.TestVoiceGates" name="test_diagnostics_log_creates_parent_directory" time="0.164" /><testcase classname="tests.test_audio.TestVoiceGates" name="test_listener_state_transitions_tts_recover" time="0.169" /><testcase classname="tests.test_audio.TestVoiceGates" name="test_speaker_verifier_allows_callback_when_accepted" time="0.168" /><testcase classname="tests.test_audio.TestVoiceGates" name="test_speaker_verifier_blocks_callback_when_rejected" time="0.166" /><testcase classname="tests.test_audio.TestVoiceGates" name="test_wakeword_gate_blocks_until_armed" time="0.000" /><testcase classname="tests.test_audio.TestVoiceGates" name="test_wakeword_score_filter_uses_selected_label" time="0.000" /><testcase classname="tests.test_audio.TestSelfInterruptionPrevention" name="test_echo_similarity_blocks_own_output" time="0.168" /><testcase classname="tests.test_audio.TestSelfInterruptionPrevention" name="test_higher_silero_threshold_in_barge_in_mode" time="0.169" /><testcase classname="tests.test_audio.TestSelfInterruptionPrevention" name="test_ref_samples_consumed_tracks_position" time="0.163" /><testcase classname="tests.test_audio.TestBargeInDetector" name="test_echo_heavy_frame_is_blocked" time="0.000" /><testcase classname="tests.test_audio.TestBargeInDetector" name="test_low_confidence_frame_resets_counter" time="0.000" /><testcase classname="tests.test_audio.TestBargeInDetector" name="test_real_voiced_speech_triggers_after_min_duration" time="0.000" /><testcase classname="tests.test_audio.TestBargeInDetector" name="test_strong_unvoiced_energy_can_trigger" time="0.000" /><testcase classname="tests.test_audio.TestAudioPlayer" name="test_player_initialization" time="6.070" /><testcase classname="tests.test_audio.TestAudioPlayer" name="test_player_stop_when_not_playing" time="0.891" /><testcase classname="tests.test_bargein_contracts.TestBargeInDetectorScore" name="test_echo_above_threshold_scores_minus_ten" time="0.000" /><testcase classname="tests.test_bargein_contracts.TestBargeInDetectorScore" name="test_echo_just_below_threshold_not_blocked" time="0.000" /><testcase classname="tests.test_bargein_contracts.TestBargeInDetectorScore" name="test_energy_only_at_3x_threshold_scores_25_when_calibrated" time="0.000" /><testcase classname="tests.test_bargein_contracts.TestBargeInDetectorScore" name="test_energy_only_at_3x_threshold_uncalibrated_scores_15" time="0.000" /><testcase classname="tests.test_bargein_contracts.TestBargeInDetectorScore" name="test_energy_only_below_3x_threshold_scores_below_2" time="0.000" /><testcase classname="tests.test_bargein_contracts.TestBargeInDetectorScore" name="test_silence_scores_negative" time="0.000" /><testcase classname="tests.test_bargein_contracts.TestBargeInDetectorScore" name="test_voiced_alone_scores_exactly_2" time="0.000" /><testcase classname="tests.test_bargein_contracts.TestBargeInDetectorScore" name="test_voiced_plus_energy_at_15x_scores_35" time="0.000" /><testcase classname="tests.test_bargein_contracts.TestBargeInDetectorScore" name="test_voiced_plus_energy_at_1x_scores_3" time="0.000" /><testcase classname="tests.test_bargein_contracts.TestAdaptiveEchoThreshold" name="test_adaptive_threshold_midpoint" time="0.000" /><testcase classname="tests.test_bargein_contracts.TestAdaptiveEchoThreshold" name="test_echo_blocked_at_adaptive_threshold_when_tts_loud" time="0.000" /><testcase classname="tests.test_bargein_contracts.TestAdaptiveEchoThreshold" name="test_echo_hard_blocked_at_full_threshold_no_tts" time="0.000" /><testcase classname="tests.test_bargein_contracts.TestAdaptiveEchoThreshold" name="test_echo_not_blocked_when_tts_quiet" time="0.000" /><testcase classname="tests.test_bargein_contracts.TestAdaptiveEchoThreshold" name="test_energy_path_suppressed_when_tts_reference_active" time="0.000" /><testcase classname="tests.test_bargein_contracts.TestAdaptiveEchoThreshold" name="test_energy_path_works_without_tts_reference" time="0.000" /><testcase classname="tests.test_bargein_contracts.TestAdaptiveEchoThreshold" name="test_unvoiced_is_blocked_by_adaptive_echo_threshold" time="0.000" /><testcase classname="tests.test_bargein_contracts.TestAdaptiveEchoThreshold" name="test_voiced_does_not_override_hard_echo_block" time="0.000" /><testcase classname="tests.test_bargein_contracts.TestAdaptiveEchoThreshold" name="test_voiced_overrides_adaptive_echo_block_at_moderate_similarity" time="0.000" /><testcase classname="tests.test_bargein_contracts.TestAdaptiveEchoThreshold" name="test_voiced_speech_fires_despite_loud_tts" time="0.000" /><testcase classname="tests.test_bargein_contracts.TestAccumulatorBehavior" name="test_3_voiced_frames_do_not_fire" time="0.000" /><testcase classname="tests.test_bargein_contracts.TestAccumulatorBehavior" name="test_4_voiced_frames_fire" time="0.000" /><testcase classname="tests.test_bargein_contracts.TestAccumulatorBehavior" name="test_echo_frame_resets_counter" time="0.000" /><testcase classname="tests.test_bargein_contracts.TestAccumulatorBehavior" name="test_single_quiet_frame_resets_counter" time="0.000" /><testcase classname="tests.test_bargein_contracts.TestNoiseGateBoundary" name="test_blocked_just_below_3x" time="0.000" /><testcase classname="tests.test_bargein_contracts.TestNoiseGateBoundary" name="test_none_noise_floor_always_passes" time="0.000" /><testcase classname="tests.test_bargein_contracts.TestNoiseGateBoundary" name="test_passes_at_exactly_3x" time="0.000" /><testcase classname="tests.test_bargein_contracts.TestNoiseGateBoundary" name="test_speech_at_4x_passes" time="0.000" /><testcase classname="tests.test_bargein_contracts.TestNoiseGateBoundary" name="test_tv_noise_blocked_at_calibrated_level" time="0.001" /><testcase classname="tests.test_bargein_contracts.TestEchoGateContract" name="test_echo_gate_threshold_is_045" time="0.000" /><testcase classname="tests.test_bargein_contracts.TestEchoGateContract" name="test_perfect_echo_never_fires" time="0.258" /><testcase classname="tests.test_bargein_contracts.TestEchoGateContract" name="test_unrelated_speech_over_echo_fires" time="0.262" /><testcase classname="tests.test_bargein_contracts.TestSileroPathContract" name="test_energy_only_path_fires_when_calibrated" time="0.258" /><testcase classname="tests.test_bargein_contracts.TestSileroPathContract" name="test_human_voice_at_moderate_amplitude_fires_via_silero" time="0.266" /><testcase classname="tests.test_bargein_contracts.TestSileroPathContract" name="test_synthetic_voice_low_amplitude_does_NOT_fire" time="0.281" /><testcase classname="tests.test_bargein_contracts.TestStateMachineContracts" name="test_never_idle_during_active_recording" time="0.294" /><testcase classname="tests.test_bargein_contracts.TestStateMachineContracts" name="test_recover_expires_to_idle" time="0.610" /><testcase classname="tests.test_bargein_contracts.TestStateMachineContracts" name="test_state_idle_after_callback" time="0.491" /><testcase classname="tests.test_bargein_contracts.TestStateMachineContracts" name="test_state_idle_after_tts_barge_in" time="0.637" /><testcase classname="tests.test_bargein_contracts.TestStateMachineContracts" name="test_tts_start_transitions_to_assistant_speaking" time="0.265" /><testcase classname="tests.test_bargein_contracts.TestStateMachineContracts" name="test_tts_stop_transitions_to_recover" time="0.273" /><testcase classname="tests.test_bargein_contracts.TestSNRBasedBargeIn" name="test_human_voice_mixed_with_noise_fires_at_positive_snr" time="0.267" /><testcase classname="tests.test_bargein_contracts.TestSNRBasedBargeIn" name="test_noise_only_at_5_seconds_never_fires" time="0.264" /><testcase classname="tests.test_bargein_contracts.TestSNRBasedBargeIn" name="test_speech_at_positive_snr_fires" time="0.259" /><testcase classname="tests.test_bargein_contracts.TestFalsePositiveGuard" name="test_dead_silence_never_fires" time="0.266" /><testcase classname="tests.test_bargein_contracts.TestFalsePositiveGuard" name="test_multiple_click_bursts_never_fire" time="0.270" /><testcase classname="tests.test_bargein_contracts.TestFalsePositiveGuard" name="test_pure_tone_440hz_never_fires" time="0.272" /><testcase classname="tests.test_bargein_contracts.TestFalsePositiveGuard" name="test_short_click_burst_never_fires" time="0.270" /><testcase classname="tests.test_bargein_contracts.TestFalsePositiveGuard" name="test_tv_noise_3sec_never_fires" time="0.404" /><testcase classname="tests.test_bargein_contracts.TestWakewordGateContracts" name="test_strict_mode_10_injections_no_callback" time="0.655" /><testcase classname="tests.test_bargein_contracts.TestWakewordGateContracts" name="test_strict_mode_fires_immediately_after_arm" time="0.378" /><testcase classname="tests.test_bargein_contracts.TestWakewordGateContracts" name="test_strict_mode_gate_closes_after_one_utterance" time="1.205" /><testcase classname="tests.test_bargein_scenarios.TestFixtureDiagnostics" name="test_fixture_availability" time="0.000" /><testcase classname="tests.test_bargein_scenarios.TestBargeInScenarios" name="test_bargein_latency_slo" time="0.271" /><testcase classname="tests.test_bargein_scenarios.TestBargeInScenarios" name="test_fsm_state_after_tts_stop" time="0.620" /><testcase classname="tests.test_bargein_scenarios.TestBargeInScenarios" name="test_human_voice_during_tts_bargein" time="0.270" /><testcase classname="tests.test_bargein_scenarios.TestBargeInScenarios" name="test_hybrid_recovery_opens_after_miss_limit" time="0.334" /><testcase classname="tests.test_bargein_scenarios.TestBargeInScenarios" name="test_self_echo_no_bargein" time="0.264" /><testcase classname="tests.test_bargein_scenarios.TestBargeInScenarios" name="test_short_burst_no_bargein" time="0.264" /><testcase classname="tests.test_bargein_scenarios.TestBargeInScenarios" name="test_silence_no_bargein" time="0.271" /><testcase classname="tests.test_bargein_scenarios.TestBargeInScenarios" name="test_speech_after_wakeword_callback" time="0.327" /><testcase classname="tests.test_bargein_scenarios.TestBargeInScenarios" name="test_speech_without_wakeword_no_callback" time="0.280" /><testcase classname="tests.test_bargein_scenarios.TestBargeInScenarios" name="test_tv_noise_no_bargein" time="0.271" /><testcase classname="tests.test_bargein_scenarios.TestLayeredPoliciesViaHarness" name="test_noise_gate_prevents_bargein_at_background_level" time="0.869" /><testcase classname="tests.test_bargein_scenarios.TestLayeredPoliciesViaHarness" name="test_voiced_speech_reliably_triggers_across_amplitudes" time="0.832" /><testcase classname="tests.test_bargein_scenarios.TestWakewordGatingViaHarness" name="test_legacy_compatible_policy_always_open" time="0.328" /><testcase classname="tests.test_bargein_scenarios.TestWakewordGatingViaHarness" name="test_multiple_sequential_utterances" time="0.625" /><testcase classname="tests.test_capabilities.TestCapabilityRegistry" name="test_default_registry_has_builtins" time="0.000" /><testcase classname="tests.test_capabilities.TestCapabilityRegistry" name="test_missing_capability" time="0.000" /><testcase classname="tests.test_capabilities.TestCapabilityRegistry" name="test_register_and_invoke" time="0.000" /><testcase classname="tests.test_conversation_simulation" name="test_happy_path_streams_llm_sentences_to_tts" time="0.522" /><testcase classname="tests.test_conversation_simulation" name="test_stop_command_short_circuits_llm_and_tts" time="0.564" /><testcase classname="tests.test_conversation_simulation" name="test_user_barge_in_cancels_streaming_tts" time="0.711" /><testcase classname="tests.test_conversation_simulation" name="test_tts_self_echo_does_not_trigger_barge_in" time="0.826" /><testcase classname="tests.test_conversation_simulation" name="test_noisy_room_still_completes_conversation" time="0.539" /><testcase classname="tests.test_conversation_simulation" name="test_wakeword_gate_blocks_then_allows_conversation" time="0.956" /><testcase classname="tests.test_dialogue_controller.TestDialogueController" name="test_echo_info_blocks_even_if_voiced" time="0.000" /><testcase classname="tests.test_dialogue_controller.TestDialogueController" name="test_echo_partial_does_not_stop_speaking" time="0.000" /><testcase classname="tests.test_dialogue_controller.TestDialogueController" name="test_ignore_transcript_rules" time="0.000" /><testcase classname="tests.test_dialogue_controller.TestDialogueController" name="test_non_echo_partial_stops_speaking" time="0.000" /><testcase classname="tests.test_dialogue_controller.TestDialogueController" name="test_rms_fallback_disabled_blocks" time="0.000" /><testcase classname="tests.test_dialogue_controller.TestDialogueController" name="test_rms_fallback_enabled_allows_strong" time="0.000" /><testcase classname="tests.test_dialogue_controller.TestDialogueController" name="test_should_stop_speaking_rejects_short_barge_in" time="0.000" /><testcase classname="tests.test_dialogue_controller.TestDialogueController" name="test_should_stop_speaking_requires_active_tts" time="0.000" /><testcase classname="tests.test_dialogue_controller.TestDialogueController" name="test_should_stop_speaking_voiced" time="0.000" /><testcase classname="tests.test_dialogue_controller.TestDialogueController" name="test_should_stop_speaking_with_partial" time="0.000" /><testcase classname="tests.test_dialogue_controller.TestDialogueController" name="test_state_machine_transitions" time="0.000" /><testcase classname="tests.test_dialogue_controller.TestDialogueController" name="test_voice_allows_barge_in_without_partial" time="0.000" /><testcase classname="tests.test_dialogue_controller.TestVoiceAssistantBargeIn" name="test_on_barge_in_skips_when_controller_blocks" time="0.000" /><testcase classname="tests.test_dialogue_controller.TestVoiceAssistantBargeIn" name="test_on_barge_in_stops_when_controller_allows" time="0.000" /><testcase classname="tests.test_dialogue_controller.TestVoiceAssistantBargeIn" name="test_shutdown_stops_player_and_cancels_generation" time="0.000" /><testcase classname="tests.test_integration.TestAudioSTTIntegration" name="test_barge_in_workflow" time="1.670" /><testcase classname="tests.test_integration.TestAudioSTTIntegration" name="test_recorded_audio_can_be_transcribed" time="0.006" /><testcase classname="tests.test_integration.TestFullPipeline" name="test_synthetic_speech_pipeline" time="0.007" /><testcase classname="tests.test_profiles.TestRuntimeProfiles" name="test_profile_latency_budgets_shape" time="0.000" /><testcase classname="tests.test_profiles.TestRuntimeProfiles" name="test_profiles_exist" time="0.000" /><testcase classname="tests.test_profiles.TestRuntimeProfiles" name="test_validate_profile_transport_config" time="0.000" /><testcase classname="tests.test_profiles.TestRuntimeProfiles" name="test_validate_profile_transport_config_flags_risky_combo" time="0.000" /><testcase classname="tests.test_profiles.TestRuntimeProfiles" name="test_validate_runtime_config_accepts_typical_values" time="0.000" /><testcase classname="tests.test_profiles.TestRuntimeProfiles" name="test_validate_runtime_config_rejects_invalid_values" time="0.000" /><testcase classname="tests.test_real_world_failures.TestShortCommandDelivery" name="test_300ms_command_fires_callback" time="0.413" /><testcase classname="tests.test_real_world_failures.TestShortCommandDelivery" name="test_400ms_command_fires_callback" time="0.383" /><testcase classname="tests.test_real_world_failures.TestShortCommandDelivery" name="test_600ms_utterance_fires_callback" time="0.382" /><testcase classname="tests.test_real_world_failures.TestWakewordExpiry" name="test_wakeword_arm_expires_after_timeout" time="1.841" /><testcase classname="tests.test_real_world_failures.TestWakewordExpiry" name="test_wakeword_arm_fires_before_timeout" time="0.484" /><testcase classname="tests.test_real_world_failures.TestCallbackExceptionRecovery" name="test_callback_exception_does_not_crash_worker" time="0.905" /><testcase classname="tests.test_real_world_failures.TestCallbackExceptionRecovery" name="test_state_after_callback_exception_is_idle" time="0.880" /><testcase classname="tests.test_real_world_failures.TestBackgroundSpeechRejection" name="test_tv_speech_does_not_fire_bargein_when_calibrated_to_tv_level" time="0.261" /><testcase classname="tests.test_real_world_failures.TestBackgroundSpeechRejection" name="test_user_speech_fires_when_calibrated_above_tv" time="0.263" /><testcase classname="tests.test_real_world_failures.TestBargeInWithEchoPresent" name="test_pure_echo_without_user_speech_blocked" time="0.266" /><testcase classname="tests.test_real_world_failures.TestBargeInWithEchoPresent" name="test_user_speech_plus_low_echo_fires_bargein" time="0.260" /><testcase classname="tests.test_real_world_failures.TestRealWorldCorrectionScenarios" name="test_barge_in_latency_under_400ms" time="0.269" /><testcase classname="tests.test_real_world_failures.TestRealWorldCorrectionScenarios" name="test_captured_audio_has_usable_speech_content" time="0.546" /><testcase classname="tests.test_real_world_failures.TestRealWorldCorrectionScenarios" name="test_consecutive_barge_ins_both_fire" time="0.355" /><testcase classname="tests.test_real_world_failures.TestRealWorldCorrectionScenarios" name="test_rapid_succession_two_wakewords_two_callbacks" time="1.012" /><testcase classname="tests.test_real_world_failures.TestRealWorldCorrectionScenarios" name="test_silence_between_wakeword_and_speech_does_not_close_gate" time="0.389" /><testcase classname="tests.test_real_world_failures.TestRealWorldCorrectionScenarios" name="test_user_corrects_themselves_with_pause" time="0.386" /><testcase classname="tests.test_recorded_sessions.TestRecordingInfrastructure" name="test_recordings_dir_exists" time="0.000" /><testcase classname="tests.test_recorded_sessions.TestRecordingInfrastructure" name="test_aggregate_json_schema" time="0.000" /><testcase classname="tests.test_recorded_sessions.TestRecordingInfrastructure" name="test_session_metadata_schema" time="0.000" /><testcase classname="tests.test_recorded_sessions.TestRecordingInfrastructure" name="test_turn_annotations_and_optional_latency_schema" time="0.001" /><testcase classname="tests.test_recorded_sessions.TestRecordingInfrastructure" name="test_false_positive_rate_acceptable" time="0.000" /><testcase classname="tests.test_replay_bargein.TestReplayBargeInReliability" name="test_layered_policy_blocks_unvoiced_without_partial" time="0.000" /><testcase classname="tests.test_replay_bargein.TestReplayBargeInReliability" name="test_overlapping_user_speech_should_trigger" time="0.000" /><testcase classname="tests.test_replay_bargein.TestReplayBargeInReliability" name="test_tv_like_echo_should_not_trigger" time="0.000" /><testcase classname="tests.test_runtime_profiles.TestRuntimeLayerProfiles" name="test_llm_generation_profiles_present" time="0.000" /><testcase classname="tests.test_runtime_profiles.TestRuntimeLayerProfiles" name="test_resolve_stt_runtime_edge" time="0.000" /><testcase classname="tests.test_runtime_profiles.TestRuntimeLayerProfiles" name="test_resolve_stt_runtime_override_model" time="0.000" /><testcase classname="tests.test_session_recorder" name="test_on_tts_start_twice_flushes_previous_turn" time="0.000" /><testcase classname="tests.test_session_recorder" name="test_on_tts_end_only_single_chunk" time="0.000" /><testcase classname="tests.test_session_recorder" name="test_attach_recorder_hooks_idempotent" time="0.000" /><testcase classname="tests.test_session_recorder" name="test_save_writes_turn_npy_and_json" time="0.002" /><testcase classname="tests.test_session_recorder" name="test_save_without_attachment_uses_target_sr_for_metadata" time="0.001" /><testcase classname="tests.test_stt.TestWhisperSTT" name="test_model_initialized" time="0.000" /><testcase classname="tests.test_stt.TestWhisperSTT" name="test_singleton_pattern" time="0.000" /><testcase classname="tests.test_stt.TestWhisperSTT" name="test_transcribe_audio_function" time="0.002" /><testcase classname="tests.test_stt.TestWhisperSTT" name="test_transcribe_empty_array" time="0.000" /><testcase classname="tests.test_stt.TestWhisperSTT" name="test_transcribe_noise" time="0.005" /><testcase classname="tests.test_stt.TestWhisperSTT" name="test_transcribe_silence" time="0.003" /><testcase classname="tests.test_stt.TestWhisperSTT" name="test_transcribe_synthetic_tone" time="0.003" /><testcase classname="tests.test_stt.TestModelTypes" name="test_invalid_model_type" time="0.000" /><testcase classname="tests.test_transports.TestSessionMux" name="test_hybrid_broadcast" time="0.000" /><testcase classname="tests.test_transports.TestSessionMux" name="test_local_mode_activation" time="0.000" /><testcase classname="tests.test_transports.TestSessionMux" name="test_webrtc_mode_activation" time="0.000" /><testcase classname="tests.test_tts_self_interrupt.TestSelfInterruptPrevention" name="test_high_rms_tts_echo_does_not_fire" time="0.283" /><testcase classname="tests.test_tts_self_interrupt.TestSelfInterruptPrevention" name="test_realistic_tts_echo_does_not_fire" time="0.275" /><testcase classname="tests.test_tts_self_interrupt.TestSelfInterruptPrevention" name="test_tts_echo_attenuated_12db_does_not_fire" time="0.270" /><testcase classname="tests.test_tts_self_interrupt.TestSelfInterruptPrevention" name="test_tts_echo_attenuated_6db_does_not_fire" time="0.274" /><testcase classname="tests.test_tts_self_interrupt.TestSelfInterruptPrevention" name="test_tts_echo_identical_does_not_fire" time="0.269" /><testcase classname="tests.test_tts_self_interrupt.TestAdaptiveThresholdFiring" name="test_human_voice_fires_despite_loud_tts_reference" time="0.266" /><testcase classname="tests.test_tts_self_interrupt.TestAdaptiveThresholdFiring" name="test_voiced_speech_synthetic_fires_with_tts_reference" time="0.280" /><testcase classname="tests.test_tts_self_interrupt.TestRealWorldEchoScenario" name="test_tts_echo_alone_does_not_fire_with_reference" time="0.806" /><testcase classname="tests.test_tts_self_interrupt.TestRealWorldEchoScenario" name="test_user_speech_over_tts_echo_fires_once" time="0.551" /><testcase classname="tests.test_tts_self_interrupt.TestEchoFloorGate" name="test_echo_floor_baseline_not_set_when_gate_is_zero" time="0.164" /><testcase classname="tests.test_tts_self_interrupt.TestEchoFloorGate" name="test_tts_echo_alone_blocked_by_echo_floor" time="1.841" /><testcase classname="tests.test_tts_self_interrupt.TestEchoFloorGate" name="test_user_speech_above_echo_floor_fires" time="0.522" /><testcase classname="tests.test_turn_detector.TestTurnDetector" name="test_max_endpoint_timeout_ends_turn" time="0.011" /><testcase classname="tests.test_turn_detector.TestTurnDetector" name="test_recent_partial_blocks_turn_end" time="0.000" /><testcase classname="tests.test_vad_accuracy.TestSileroOnRealHumanVoice" name="test_george_digit1" time="0.064" /><testcase classname="tests.test_vad_accuracy.TestSileroOnRealHumanVoice" name="test_jackson_digit1" time="0.006" /><testcase classname="tests.test_vad_accuracy.TestSileroOnRealHumanVoice" name="test_jackson_digit2" time="0.006" /><testcase classname="tests.test_vad_accuracy.TestSileroOnRealHumanVoice" name="test_jackson_digit3" time="0.006" /><testcase classname="tests.test_vad_accuracy.TestSileroOnRealHumanVoice" name="test_nicolas_digit1" time="0.006" /><testcase classname="tests.test_vad_accuracy.TestSileroOnRealHumanVoice" name="test_silero_uses_barge_in_threshold" time="0.015" /><testcase classname="tests.test_vad_accuracy.TestSileroRejectsNonSpeech" name="test_pink_noise_not_voiced" time="0.011" /><testcase classname="tests.test_vad_accuracy.TestSileroRejectsNonSpeech" name="test_pure_sine_1khz_not_voiced" time="0.011" /><testcase classname="tests.test_vad_accuracy.TestSileroRejectsNonSpeech" name="test_pure_sine_440hz_not_voiced" time="0.010" /><testcase classname="tests.test_vad_accuracy.TestSileroRejectsNonSpeech" name="test_silence_not_voiced" time="0.010" /><testcase classname="tests.test_vad_accuracy.TestSileroRejectsNonSpeech" name="test_synthetic_harmonic_stack_low_voiced" time="0.011" /><testcase classname="tests.test_vad_accuracy.TestSileroRejectsNonSpeech" name="test_white_noise_not_voiced" time="0.011" /><testcase classname="tests.test_vad_accuracy.TestSileroAccuracyVsEnergyPath" name="test_human_voice_at_moderate_amplitude_still_voiced" time="0.006" /><testcase classname="tests.test_vad_accuracy.TestSileroAccuracyVsEnergyPath" name="test_silero_and_energy_paths_disagree_on_synthetic_speech" time="0.011" /><testcase classname="tests.test_vad_accuracy.TestSileroAccuracyVsEnergyPath" name="test_synthetic_speech_at_low_amplitude_not_voiced" time="0.006" /><testcase classname="tests.test_voice_gate.TestVoiceGateHelpers" name="test_sample_rate_candidates_ignore_invalid_values" time="0.000" /><testcase classname="tests.test_voice_gate.TestVoiceGateHelpers" name="test_sample_rate_candidates_prioritize_and_dedupe" time="0.000" /><testcase classname="tests.test_voice_gate.TestVoiceGateHelpers" name="test_validate_wakeword_name_accepts_known" time="0.000" /><testcase classname="tests.test_voice_gate.TestVoiceGateHelpers" name="test_validate_wakeword_name_rejects_unknown" time="0.000" /><testcase classname="tests.test_wakeword_service.TestWakewordService" name="test_local_service_emits_event" time="0.000" /></testsuite></testsuites>